#
# A fatal error has been detected by the Java Runtime Environment:
#
#  EXCEPTION_ACCESS_VIOLATION (0xc0000005) at pc=0x00007ffbf5422da9, pid=8992, tid=17436
#
# JRE version: OpenJDK Runtime Environment Temurin-17.0.7+7 (17.0.7+7) (build 17.0.7+7)
# Java VM: OpenJDK 64-Bit Server VM Temurin-17.0.7+7 (17.0.7+7, mixed mode, tiered, compressed oops, compressed class ptrs, g1 gc, windows-amd64)
# Problematic frame:
# V  [jvm.dll+0x242da9]
#
# No core dump will be written. Minidumps are not enabled by default on client versions of Windows
#
# If you would like to submit a bug report, please visit:
#   https://github.com/adoptium/adoptium-support/issues
#

---------------  S U M M A R Y ------------

Command Line: C:\Users\Anushy\AppData\Local\Temp\surefire8379616185103591259\surefirebooter13658483120583298370.jar C:\Users\Anushy\AppData\Local\Temp\surefire8379616185103591259 2023-10-24T22-16-28_846-jvmRun1 surefire5302104787070046320tmp surefire_08359983668631134186tmp

Host: 11th Gen Intel(R) Core(TM) i5-1135G7 @ 2.40GHz, 8 cores, 15G,  Windows 11 , 64 bit Build 22621 (10.0.22621.2428)
Time: Tue Oct 24 22:16:31 2023 India Standard Time elapsed time: 2.521310 seconds (0d 0h 0m 2s)

---------------  T H R E A D  ---------------

Current thread (0x00000126bdba8fd0):  JavaThread "C2 CompilerThread2" daemon [_thread_in_native, id=17436, stack(0x0000001f16e00000,0x0000001f16f00000)]


Current CompileTask:
C2:   2521 3288       4       org.springframework.boot.context.properties.source.ConfigurationPropertyName$ElementsParser::parse (234 bytes)

Stack: [0x0000001f16e00000,0x0000001f16f00000],  sp=0x0000001f16efa8f0,  free space=1002k
Native frames: (J=compiled Java code, j=interpreted, Vv=VM code, C=native code)
V  [jvm.dll+0x242da9]
V  [jvm.dll+0x69e4ec]
V  [jvm.dll+0x69ceaa]
V  [jvm.dll+0x221eb9]
V  [jvm.dll+0x21ad0f]
V  [jvm.dll+0x21895b]
V  [jvm.dll+0x1a4d8d]
V  [jvm.dll+0x2284da]
V  [jvm.dll+0x226615]
V  [jvm.dll+0x7ea90b]
V  [jvm.dll+0x7e4e7a]
V  [jvm.dll+0x676395]
C  [ucrtbase.dll+0x29363]
C  [KERNEL32.DLL+0x1257d]
C  [ntdll.dll+0x5aa78]


siginfo: EXCEPTION_ACCESS_VIOLATION (0xc0000005), reading address 0x00000103beb0ab68


Register to memory mapping:

RIP=0x00007ffbf5422da9 jvm.dll
RAX=0x00000126b8a045b8 points into unknown readable memory: 0x00007ffbf5a802a0 | a0 02 a8 f5 fb 7f 00 00
RBX=0x00000126beb8bf98 points into unknown readable memory: 0x00007ffbf5b1e6f0 | f0 e6 b1 f5 fb 7f 00 00
RCX=0x00000126beb8bf98 points into unknown readable memory: 0x00007ffbf5b1e6f0 | f0 e6 b1 f5 fb 7f 00 00
RDX=0x0000001f16efb5c0 is pointing into the stack for thread: 0x00000126bdba8fd0
RSP=0x0000001f16efa8f0 is pointing into the stack for thread: 0x00000126bdba8fd0
RBP=0x0000000000000047 is an unknown value
RSI=0x0000001f16efb5c0 is pointing into the stack for thread: 0x00000126bdba8fd0
RDI=0x0 is NULL
R8 =0x00000126beb8bf38 points into unknown readable memory: 0x00007ffbf5b0ccd8 | d8 cc b0 f5 fb 7f 00 00
R9 =0x00000000000018e5 is an unknown value
R10=0x00000103beb0ab48 is an unknown value
R11=0x0 is NULL
R12=0x0 is NULL
R13=0x00000000000682e8 is an unknown value
R14=0x0000000000000238 is an unknown value
R15=0x00000126c002c278 points into unknown readable memory: 0x00007ffbf5a90730 | 30 07 a9 f5 fb 7f 00 00


Registers:
RAX=0x00000126b8a045b8, RBX=0x00000126beb8bf98, RCX=0x00000126beb8bf98, RDX=0x0000001f16efb5c0
RSP=0x0000001f16efa8f0, RBP=0x0000000000000047, RSI=0x0000001f16efb5c0, RDI=0x0000000000000000
R8 =0x00000126beb8bf38, R9 =0x00000000000018e5, R10=0x00000103beb0ab48, R11=0x0000000000000000
R12=0x0000000000000000, R13=0x00000000000682e8, R14=0x0000000000000238, R15=0x00000126c002c278
RIP=0x00007ffbf5422da9, EFLAGS=0x0000000000010287

Top of Stack: (sp=0x0000001f16efa8f0)
0x0000001f16efa8f0:   00000126c002c278 0000000000000238
0x0000001f16efa900:   0000000000000000 0000001f16efb5c0
0x0000001f16efa910:   00000126beb8bf98 00007ffbf587e4ec
0x0000001f16efa920:   0000000000000000 0000000000000000
0x0000001f16efa930:   0000000000000000 00000126beb8bf98
0x0000001f16efa940:   0000001f16efb5c0 00007ffbf587ceaa
0x0000001f16efa950:   0000001f16efe580 0000000000000047
0x0000001f16efa960:   00000126beb8bf98 00000126c0e602d0
0x0000001f16efa970:   00000126c0e802e0 00000126c0e602d0
0x0000001f16efa980:   00000126bd6b4f90 00007ffbf5401eb9
0x0000001f16efa990:   0000000000000002 00000126c0e802e0
0x0000001f16efa9a0:   00000126bd40df90 0000001f16efb5c0
0x0000001f16efa9b0:   00007ffbf5b1dcd0 000000000000000e
0x0000001f16efa9c0:   0000001f16efe580 00000126bd40df90
0x0000001f16efa9d0:   00000126bd40df90 00007ffb00004000
0x0000001f16efa9e0:   00000126be427e20 00007ffb00000000 

Instructions: (pc=0x00007ffbf5422da9)
0x00007ffbf5422ca9:   8b 48 08 48 8b 42 50 44 8b 41 28 4a 8b 0c c0 48
0x00007ffbf5422cb9:   8b 05 49 ed 95 00 48 3b c8 74 2b 48 3b 0d 1d ed
0x00007ffbf5422cc9:   95 00 75 0c 48 8b 05 b4 ef 95 00 48 83 c4 28 c3
0x00007ffbf5422cd9:   f3 0f 10 41 18 e8 0d a2 49 00 48 8b c8 48 83 c4
0x00007ffbf5422ce9:   28 e9 21 64 5b 00 48 83 c4 28 c3 cc cc cc cc cc
0x00007ffbf5422cf9:   cc cc cc cc cc cc cc 48 8b 41 08 4c 8b 40 08 48
0x00007ffbf5422d09:   8b 42 50 45 8b 48 28 4a 8b 14 c8 48 8b 05 ed ec
0x00007ffbf5422d19:   95 00 48 3b d0 74 1c 8b 42 18 3b 42 1c 75 0d 66
0x00007ffbf5422d29:   0f 6e c0 f3 0f e6 c0 e9 5b 5d 5b 00 48 8b 01 48
0x00007ffbf5422d39:   ff 60 28 c3 cc cc cc 48 8b 41 08 4c 8b 40 08 48
0x00007ffbf5422d49:   8b 42 50 45 8b 48 28 4a 8b 14 c8 48 8b 05 ad ec
0x00007ffbf5422d59:   95 00 48 3b d0 74 1b 8b 42 18 3b 42 1c 75 0c 66
0x00007ffbf5422d69:   0f 6e c0 0f 5b c0 e9 7c 5d 5b 00 48 8b 01 48 ff
0x00007ffbf5422d79:   60 28 c3 cc cc cc cc 40 53 48 83 ec 20 48 8b 41
0x00007ffbf5422d89:   08 48 8b d9 4c 8b 40 08 48 8b 42 50 45 8b 48 28
0x00007ffbf5422d99:   4e 8b 14 c8 48 8b 05 64 ec 95 00 4c 3b d0 74 28
0x00007ffbf5422da9:   45 0f bf 42 20 49 63 52 1c 49 63 4a 18 e8 a5 62
0x00007ffbf5422db9:   5b 00 48 8b 53 38 45 33 c0 48 8b c8 4c 8b 08 48
0x00007ffbf5422dc9:   83 c4 20 5b 49 ff 61 08 48 83 c4 20 5b c3 cc cc
0x00007ffbf5422dd9:   cc cc cc cc cc cc cc 48 8b 41 08 4c 8b 40 08 48
0x00007ffbf5422de9:   8b 42 50 45 8b 48 28 4a 8b 14 c8 48 8b 05 0d ec
0x00007ffbf5422df9:   95 00 48 3b d0 74 1e 48 8b 42 18 48 3b 42 20 75
0x00007ffbf5422e09:   0d 0f 57 c0 f2 48 0f 2a c0 e9 79 5c 5b 00 48 8b
0x00007ffbf5422e19:   01 48 ff 60 28 c3 cc 48 8b 41 08 4c 8b 40 08 48
0x00007ffbf5422e29:   8b 42 50 45 8b 48 28 4a 8b 14 c8 48 8b 05 cd eb
0x00007ffbf5422e39:   95 00 48 3b d0 74 1e 48 8b 42 18 48 3b 42 20 75
0x00007ffbf5422e49:   0d 0f 57 c0 f3 48 0f 2a c0 e9 99 5c 5b 00 48 8b
0x00007ffbf5422e59:   01 48 ff 60 28 c3 cc 40 53 48 83 ec 20 48 8b 41
0x00007ffbf5422e69:   08 48 8b d9 4c 8b 40 08 48 8b 42 50 45 8b 48 28
0x00007ffbf5422e79:   4e 8b 04 c8 48 8b 05 84 eb 95 00 4c 3b c0 74 50
0x00007ffbf5422e89:   49 8b 40 18 49 8b 50 20 48 8b 0d a8 ed 95 00 48
0x00007ffbf5422e99:   3b c2 75 09 8b c8 e8 2c 60 5b 00 eb 1d 48 3d 00 


Stack slot to memory mapping:
stack at sp + 0 slots: 0x00000126c002c278 points into unknown readable memory: 0x00007ffbf5a90730 | 30 07 a9 f5 fb 7f 00 00
stack at sp + 1 slots: 0x0000000000000238 is an unknown value
stack at sp + 2 slots: 0x0 is NULL
stack at sp + 3 slots: 0x0000001f16efb5c0 is pointing into the stack for thread: 0x00000126bdba8fd0
stack at sp + 4 slots: 0x00000126beb8bf98 points into unknown readable memory: 0x00007ffbf5b1e6f0 | f0 e6 b1 f5 fb 7f 00 00
stack at sp + 5 slots: 0x00007ffbf587e4ec jvm.dll
stack at sp + 6 slots: 0x0 is NULL
stack at sp + 7 slots: 0x0 is NULL


---------------  P R O C E S S  ---------------

Threads class SMR info:
_java_thread_list=0x00000126be4ce8f0, length=15, elements={
0x000001269971e7e0, 0x00000126b86bd010, 0x00000126b86bd9c0, 0x00000126b89df020,
0x00000126b89df8e0, 0x00000126b89e01a0, 0x00000126b89e3310, 0x00000126b89b9860,
0x00000126b89c6180, 0x00000126b89c8270, 0x00000126b8a98320, 0x00000126b8b41490,
0x00000126bd012c40, 0x00000126bd0c83c0, 0x00000126bdba8fd0
}

Java Threads: ( => current thread )
  0x000001269971e7e0 JavaThread "main" [_thread_in_native, id=16168, stack(0x0000001f15700000,0x0000001f15800000)]
  0x00000126b86bd010 JavaThread "Reference Handler" daemon [_thread_blocked, id=3468, stack(0x0000001f15e00000,0x0000001f15f00000)]
  0x00000126b86bd9c0 JavaThread "Finalizer" daemon [_thread_blocked, id=12220, stack(0x0000001f15f00000,0x0000001f16000000)]
  0x00000126b89df020 JavaThread "Signal Dispatcher" daemon [_thread_blocked, id=2708, stack(0x0000001f16000000,0x0000001f16100000)]
  0x00000126b89df8e0 JavaThread "Attach Listener" daemon [_thread_blocked, id=18356, stack(0x0000001f16100000,0x0000001f16200000)]
  0x00000126b89e01a0 JavaThread "Service Thread" daemon [_thread_blocked, id=18776, stack(0x0000001f16200000,0x0000001f16300000)]
  0x00000126b89e3310 JavaThread "Monitor Deflation Thread" daemon [_thread_blocked, id=11736, stack(0x0000001f16300000,0x0000001f16400000)]
  0x00000126b89b9860 JavaThread "C2 CompilerThread0" daemon [_thread_in_native, id=12644, stack(0x0000001f16400000,0x0000001f16500000)]
  0x00000126b89c6180 JavaThread "C1 CompilerThread0" daemon [_thread_blocked, id=5132, stack(0x0000001f16500000,0x0000001f16600000)]
  0x00000126b89c8270 JavaThread "Sweeper thread" daemon [_thread_blocked, id=13816, stack(0x0000001f16600000,0x0000001f16700000)]
  0x00000126b8a98320 JavaThread "Notification Thread" daemon [_thread_blocked, id=14880, stack(0x0000001f16700000,0x0000001f16800000)]
  0x00000126b8b41490 JavaThread "Common-Cleaner" daemon [_thread_blocked, id=3360, stack(0x0000001f16900000,0x0000001f16a00000)]
  0x00000126bd012c40 JavaThread "surefire-forkedjvm-ping-30s" daemon [_thread_blocked, id=10720, stack(0x0000001f16b00000,0x0000001f16c00000)]
  0x00000126bd0c83c0 JavaThread "C2 CompilerThread1" daemon [_thread_blocked, id=16028, stack(0x0000001f16c00000,0x0000001f16d00000)]
=>0x00000126bdba8fd0 JavaThread "C2 CompilerThread2" daemon [_thread_in_native, id=17436, stack(0x0000001f16e00000,0x0000001f16f00000)]

Other Threads:
  0x00000126b8981040 VMThread "VM Thread" [stack: 0x0000001f15d00000,0x0000001f15e00000] [id=19156]
  0x00000126b8b3ad60 WatcherThread [stack: 0x0000001f16800000,0x0000001f16900000] [id=4136]
  0x0000012699788960 GCTaskThread "GC Thread#0" [stack: 0x0000001f15800000,0x0000001f15900000] [id=5372]
  0x00000126bdb6e070 GCTaskThread "GC Thread#1" [stack: 0x0000001f16f00000,0x0000001f17000000] [id=18360]
  0x00000126bd8c1ec0 GCTaskThread "GC Thread#2" [stack: 0x0000001f17000000,0x0000001f17100000] [id=17532]
  0x00000126bd735050 GCTaskThread "GC Thread#3" [stack: 0x0000001f17100000,0x0000001f17200000] [id=14272]
  0x00000126bdd1a2b0 GCTaskThread "GC Thread#4" [stack: 0x0000001f17200000,0x0000001f17300000] [id=15896]
  0x00000126bd7a90c0 GCTaskThread "GC Thread#5" [stack: 0x0000001f17300000,0x0000001f17400000] [id=8996]
  0x00000126bd2f48a0 GCTaskThread "GC Thread#6" [stack: 0x0000001f17400000,0x0000001f17500000] [id=10040]
  0x00000126bdf0f540 GCTaskThread "GC Thread#7" [stack: 0x0000001f17600000,0x0000001f17700000] [id=19448]
  0x00000126997992f0 ConcurrentGCThread "G1 Main Marker" [stack: 0x0000001f15900000,0x0000001f15a00000] [id=960]
  0x000001269979a770 ConcurrentGCThread "G1 Conc#0" [stack: 0x0000001f15a00000,0x0000001f15b00000] [id=3936]
  0x00000126bdfd1670 ConcurrentGCThread "G1 Conc#1" [stack: 0x0000001f17700000,0x0000001f17800000] [id=12912]
  0x00000126997cd060 ConcurrentGCThread "G1 Refine#0" [stack: 0x0000001f15b00000,0x0000001f15c00000] [id=18452]
  0x00000126bd412aa0 ConcurrentGCThread "G1 Refine#1" [stack: 0x0000001f17500000,0x0000001f17600000] [id=388]
  0x00000126997cd820 ConcurrentGCThread "G1 Service" [stack: 0x0000001f15c00000,0x0000001f15d00000] [id=13208]

Threads with active compile tasks:
C2 CompilerThread0     2586 3340       4       org.springframework.core.ResolvableType::resolveClass (73 bytes)
C2 CompilerThread2     2586 3288       4       org.springframework.boot.context.properties.source.ConfigurationPropertyName$ElementsParser::parse (234 bytes)

VM state: not at safepoint (normal execution)

VM Mutex/Monitor currently owned by a thread: None

Heap address: 0x0000000704a00000, size: 4022 MB, Compressed Oops mode: Zero based, Oop shift amount: 3

CDS archive(s) not mapped
Compressed class space mapped at: 0x0000000800000000-0x0000000840000000, reserved size: 1073741824
Narrow klass base: 0x0000000800000000, Narrow klass shift: 0, Narrow klass range: 0x40000000

GC Precious Log:
 CPUs: 8 total, 8 available
 Memory: 16086M
 Large Page Support: Disabled
 NUMA Support: Disabled
 Compressed Oops: Enabled (Zero based)
 Heap Region Size: 2M
 Heap Min Capacity: 8M
 Heap Initial Capacity: 252M
 Heap Max Capacity: 4022M
 Pre-touch: Disabled
 Parallel Workers: 8
 Concurrent Workers: 2
 Concurrent Refinement Workers: 8
 Periodic GC: Disabled

Heap:
 garbage-first heap   total 49152K, used 27848K [0x0000000704a00000, 0x0000000800000000)
  region size 2048K, 10 young (20480K), 2 survivors (4096K)
 Metaspace       used 34373K, committed 34624K, reserved 1114112K
  class space    used 4079K, committed 4224K, reserved 1048576K

Heap Regions: E=young(eden), S=young(survivor), O=old, HS=humongous(starts), HC=humongous(continues), CS=collection set, F=free, OA=open archive, CA=closed archive, TAMS=top-at-mark-start (previous, next)
|   0|0x0000000704a00000, 0x0000000704c00000, 0x0000000704c00000|100%| O|  |TAMS 0x0000000704c00000, 0x0000000704a00000| Untracked 
|   1|0x0000000704c00000, 0x0000000704e00000, 0x0000000704e00000|100%| O|  |TAMS 0x0000000704e00000, 0x0000000704c00000| Untracked 
|   2|0x0000000704e00000, 0x0000000705000000, 0x0000000705000000|100%| O|  |TAMS 0x0000000705000000, 0x0000000704e00000| Untracked 
|   3|0x0000000705000000, 0x0000000705000000, 0x0000000705200000|  0%| F|  |TAMS 0x0000000705000000, 0x0000000705000000| Untracked 
|   4|0x0000000705200000, 0x0000000705400000, 0x0000000705400000|100%| O|  |TAMS 0x0000000705200000, 0x0000000705200000| Untracked 
|   5|0x0000000705400000, 0x0000000705600000, 0x0000000705600000|100%| O|  |TAMS 0x0000000705400000, 0x0000000705400000| Untracked 
|   6|0x0000000705600000, 0x0000000705616600, 0x0000000705800000|  4%| O|  |TAMS 0x0000000705600000, 0x0000000705600000| Untracked 
|   7|0x0000000705800000, 0x0000000705800000, 0x0000000705a00000|  0%| F|  |TAMS 0x0000000705800000, 0x0000000705800000| Untracked 
|   8|0x0000000705a00000, 0x0000000705a00000, 0x0000000705c00000|  0%| F|  |TAMS 0x0000000705a00000, 0x0000000705a00000| Untracked 
|   9|0x0000000705c00000, 0x0000000705c00000, 0x0000000705e00000|  0%| F|  |TAMS 0x0000000705c00000, 0x0000000705c00000| Untracked 
|  10|0x0000000705e00000, 0x0000000705e00000, 0x0000000706000000|  0%| F|  |TAMS 0x0000000705e00000, 0x0000000705e00000| Untracked 
|  11|0x0000000706000000, 0x0000000706000000, 0x0000000706200000|  0%| F|  |TAMS 0x0000000706000000, 0x0000000706000000| Untracked 
|  12|0x0000000706200000, 0x000000070631bc00, 0x0000000706400000| 55%| S|CS|TAMS 0x0000000706200000, 0x0000000706200000| Complete 
|  13|0x0000000706400000, 0x0000000706400000, 0x0000000706600000|  0%| F|  |TAMS 0x0000000706400000, 0x0000000706400000| Untracked 
|  14|0x0000000706600000, 0x0000000706800000, 0x0000000706800000|100%| S|CS|TAMS 0x0000000706600000, 0x0000000706600000| Complete 
|  15|0x0000000706800000, 0x0000000706800000, 0x0000000706a00000|  0%| F|  |TAMS 0x0000000706800000, 0x0000000706800000| Untracked 
|  16|0x0000000706a00000, 0x0000000706b54528, 0x0000000706c00000| 66%| E|  |TAMS 0x0000000706a00000, 0x0000000706a00000| Complete 
|  17|0x0000000706c00000, 0x0000000706e00000, 0x0000000706e00000|100%| E|CS|TAMS 0x0000000706c00000, 0x0000000706c00000| Complete 
|  18|0x0000000706e00000, 0x0000000707000000, 0x0000000707000000|100%| E|CS|TAMS 0x0000000706e00000, 0x0000000706e00000| Complete 
|  19|0x0000000707000000, 0x0000000707200000, 0x0000000707200000|100%| E|CS|TAMS 0x0000000707000000, 0x0000000707000000| Complete 
|  20|0x0000000707200000, 0x0000000707400000, 0x0000000707400000|100%| E|CS|TAMS 0x0000000707200000, 0x0000000707200000| Complete 
| 118|0x0000000713600000, 0x0000000713800000, 0x0000000713800000|100%| E|CS|TAMS 0x0000000713600000, 0x0000000713600000| Complete 
| 119|0x0000000713800000, 0x0000000713a00000, 0x0000000713a00000|100%| E|CS|TAMS 0x0000000713800000, 0x0000000713800000| Complete 
| 125|0x0000000714400000, 0x0000000714600000, 0x0000000714600000|100%| E|CS|TAMS 0x0000000714400000, 0x0000000714400000| Complete 

Card table byte_map: [0x00000126ad0e0000,0x00000126ad8c0000] _byte_map_base: 0x00000126a98bb000

Marking Bits (Prev, Next): (CMBitMap*) 0x0000012699788eb0, (CMBitMap*) 0x0000012699788e70
 Prev Bits: [0x00000126b1f80000, 0x00000126b5e58000)
 Next Bits: [0x00000126ae0a0000, 0x00000126b1f78000)

Polling page: 0x0000012697eb0000

Metaspace:

Usage:
  Non-class:     29.59 MB used.
      Class:      3.98 MB used.
       Both:     33.58 MB used.

Virtual space:
  Non-class space:       64.00 MB reserved,      29.75 MB ( 46%) committed,  1 nodes.
      Class space:        1.00 GB reserved,       4.12 MB ( <1%) committed,  1 nodes.
             Both:        1.06 GB reserved,      33.88 MB (  3%) committed. 

Chunk freelists:
   Non-Class:  1.55 MB
       Class:  11.86 MB
        Both:  13.41 MB

MaxMetaspaceSize: unlimited
CompressedClassSpaceSize: 1.00 GB
Initial GC threshold: 21.00 MB
Current GC threshold: 35.31 MB
CDS: off
MetaspaceReclaimPolicy: balanced
 - commit_granule_bytes: 65536.
 - commit_granule_words: 8192.
 - virtual_space_node_default_size: 8388608.
 - enlarge_chunks_in_place: 1.
 - new_chunks_are_fully_committed: 0.
 - uncommit_free_chunks: 1.
 - use_allocation_guard: 0.
 - handle_deallocations: 1.


Internal statistics:

num_allocs_failed_limit: 3.
num_arena_births: 262.
num_arena_deaths: 0.
num_vsnodes_births: 2.
num_vsnodes_deaths: 0.
num_space_committed: 542.
num_space_uncommitted: 0.
num_chunks_returned_to_freelist: 3.
num_chunks_taken_from_freelist: 1199.
num_chunk_merges: 3.
num_chunk_splits: 810.
num_chunks_enlarged: 629.
num_inconsistent_stats: 0.

CodeHeap 'non-profiled nmethods': size=120000Kb used=1818Kb max_used=1818Kb free=118182Kb
 bounds [0x00000126a4970000, 0x00000126a4be0000, 0x00000126abea0000]
CodeHeap 'profiled nmethods': size=120000Kb used=7501Kb max_used=7501Kb free=112498Kb
 bounds [0x000001269cea0000, 0x000001269d600000, 0x00000126a43d0000]
CodeHeap 'non-nmethods': size=5760Kb used=1204Kb max_used=1291Kb free=4556Kb
 bounds [0x00000126a43d0000, 0x00000126a4640000, 0x00000126a4970000]
 total_blobs=3883 nmethods=3398 adapters=397
 compilation: enabled
              stopped_count=0, restarted_count=0
 full_count=0

Compilation events (20 events):
Event: 2.504 Thread 0x00000126b89c6180 3327       3       java.util.TreeMap$ValueIterator::next (8 bytes)
Event: 2.504 Thread 0x00000126b89c6180 nmethod 3327 0x000001269d5d0490 code [0x000001269d5d0640, 0x000001269d5d0788]
Event: 2.505 Thread 0x00000126b89c6180 3328       1       java.lang.Thread::getThreadGroup (5 bytes)
Event: 2.505 Thread 0x00000126b89c6180 nmethod 3328 0x00000126a4b23590 code [0x00000126a4b23720, 0x00000126a4b237f8]
Event: 2.505 Thread 0x00000126b89c6180 3330       3       java.util.TreeMap::values (25 bytes)
Event: 2.506 Thread 0x00000126b89c6180 nmethod 3330 0x000001269d5d0890 code [0x000001269d5d0a40, 0x000001269d5d0dd8]
Event: 2.506 Thread 0x00000126b89c6180 3331       3       java.util.TreeMap$Values::<init> (10 bytes)
Event: 2.506 Thread 0x00000126b89c6180 nmethod 3331 0x000001269d5d0f10 code [0x000001269d5d10c0, 0x000001269d5d12f8]
Event: 2.506 Thread 0x00000126b89c6180 3332       3       com.sun.beans.introspect.PropertyInfo::getInfo (61 bytes)
Event: 2.506 Thread 0x00000126b89c6180 nmethod 3332 0x000001269d5d1410 code [0x000001269d5d1600, 0x000001269d5d1d38]
Event: 2.506 Thread 0x00000126b89b9860 nmethod 3303 0x00000126a4b23890 code [0x00000126a4b23a40, 0x00000126a4b243d8]
Event: 2.508 Thread 0x00000126b89b9860 3299       4       java.lang.StringBuilder::length (5 bytes)
Event: 2.509 Thread 0x00000126b89b9860 nmethod 3299 0x00000126a4b24810 code [0x00000126a4b24980, 0x00000126a4b249f8]
Event: 2.509 Thread 0x00000126b89b9860 3280       4       java.util.concurrent.CopyOnWriteArrayList$COWIterator::hasNext (18 bytes)
Event: 2.509 Thread 0x00000126b89b9860 nmethod 3280 0x00000126a4b24b10 code [0x00000126a4b24c80, 0x00000126a4b24d18]
Event: 2.509 Thread 0x00000126b89b9860 3329       4       jdk.internal.loader.BuiltinClassLoader::hasClassPath (13 bytes)
Event: 2.509 Thread 0x00000126b89b9860 nmethod 3329 0x00000126a4b24e10 code [0x00000126a4b24f80, 0x00000126a4b25018]
Event: 2.509 Thread 0x00000126b89b9860 3270       4       java.lang.reflect.Method::<init> (68 bytes)
Event: 2.511 Thread 0x00000126b89c6180 3334       3       org.springframework.core.MethodParameter::getContainingClass (18 bytes)
Event: 2.512 Thread 0x00000126b89c6180 nmethod 3334 0x000001269d5d1f90 code [0x000001269d5d2140, 0x000001269d5d2468]

GC Heap History (14 events):
Event: 0.621 GC heap before
{Heap before GC invocations=0 (full 0):
 garbage-first heap   total 258048K, used 20480K [0x0000000704a00000, 0x0000000800000000)
  region size 2048K, 11 young (22528K), 0 survivors (0K)
 Metaspace       used 13052K, committed 13184K, reserved 1114112K
  class space    used 1316K, committed 1408K, reserved 1048576K
}
Event: 0.628 GC heap after
{Heap after GC invocations=1 (full 0):
 garbage-first heap   total 258048K, used 7311K [0x0000000704a00000, 0x0000000800000000)
  region size 2048K, 2 young (4096K), 2 survivors (4096K)
 Metaspace       used 13052K, committed 13184K, reserved 1114112K
  class space    used 1316K, committed 1408K, reserved 1048576K
}
Event: 1.077 GC heap before
{Heap before GC invocations=1 (full 0):
 garbage-first heap   total 258048K, used 27791K [0x0000000704a00000, 0x0000000800000000)
  region size 2048K, 12 young (24576K), 2 survivors (4096K)
 Metaspace       used 18989K, committed 19136K, reserved 1114112K
  class space    used 2049K, committed 2112K, reserved 1048576K
}
Event: 1.080 GC heap after
{Heap after GC invocations=2 (full 0):
 garbage-first heap   total 258048K, used 8786K [0x0000000704a00000, 0x0000000800000000)
  region size 2048K, 1 young (2048K), 1 survivors (2048K)
 Metaspace       used 18989K, committed 19136K, reserved 1114112K
  class space    used 2049K, committed 2112K, reserved 1048576K
}
Event: 1.304 GC heap before
{Heap before GC invocations=2 (full 0):
 garbage-first heap   total 258048K, used 19026K [0x0000000704a00000, 0x0000000800000000)
  region size 2048K, 7 young (14336K), 1 survivors (2048K)
 Metaspace       used 21329K, committed 21504K, reserved 1114112K
  class space    used 2397K, committed 2496K, reserved 1048576K
}
Event: 1.306 GC heap after
{Heap after GC invocations=3 (full 0):
 garbage-first heap   total 258048K, used 9669K [0x0000000704a00000, 0x0000000800000000)
  region size 2048K, 2 young (4096K), 2 survivors (4096K)
 Metaspace       used 21329K, committed 21504K, reserved 1114112K
  class space    used 2397K, committed 2496K, reserved 1048576K
}
Event: 1.498 GC heap before
{Heap before GC invocations=4 (full 0):
 garbage-first heap   total 49152K, used 32197K [0x0000000704a00000, 0x0000000800000000)
  region size 2048K, 14 young (28672K), 2 survivors (4096K)
 Metaspace       used 27109K, committed 27392K, reserved 1114112K
  class space    used 3119K, committed 3264K, reserved 1048576K
}
Event: 1.501 GC heap after
{Heap after GC invocations=5 (full 0):
 garbage-first heap   total 49152K, used 10663K [0x0000000704a00000, 0x0000000800000000)
  region size 2048K, 2 young (4096K), 2 survivors (4096K)
 Metaspace       used 27109K, committed 27392K, reserved 1114112K
  class space    used 3119K, committed 3264K, reserved 1048576K
}
Event: 1.517 GC heap before
{Heap before GC invocations=5 (full 0):
 garbage-first heap   total 49152K, used 10663K [0x0000000704a00000, 0x0000000800000000)
  region size 2048K, 3 young (6144K), 2 survivors (4096K)
 Metaspace       used 27410K, committed 27648K, reserved 1114112K
  class space    used 3165K, committed 3328K, reserved 1048576K
}
Event: 1.521 GC heap after
{Heap after GC invocations=6 (full 0):
 garbage-first heap   total 49152K, used 11027K [0x0000000704a00000, 0x0000000800000000)
  region size 2048K, 1 young (2048K), 1 survivors (2048K)
 Metaspace       used 27410K, committed 27648K, reserved 1114112K
  class space    used 3165K, committed 3328K, reserved 1048576K
}
Event: 1.807 GC heap before
{Heap before GC invocations=6 (full 0):
 garbage-first heap   total 49152K, used 27411K [0x0000000704a00000, 0x0000000800000000)
  region size 2048K, 10 young (20480K), 1 survivors (2048K)
 Metaspace       used 29414K, committed 29696K, reserved 1114112K
  class space    used 3388K, committed 3520K, reserved 1048576K
}
Event: 1.809 GC heap after
{Heap after GC invocations=7 (full 0):
 garbage-first heap   total 49152K, used 12089K [0x0000000704a00000, 0x0000000800000000)
  region size 2048K, 1 young (2048K), 1 survivors (2048K)
 Metaspace       used 29414K, committed 29696K, reserved 1114112K
  class space    used 3388K, committed 3520K, reserved 1048576K
}
Event: 2.287 GC heap before
{Heap before GC invocations=7 (full 0):
 garbage-first heap   total 49152K, used 30521K [0x0000000704a00000, 0x0000000800000000)
  region size 2048K, 10 young (20480K), 1 survivors (2048K)
 Metaspace       used 32389K, committed 32640K, reserved 1114112K
  class space    used 3793K, committed 3904K, reserved 1048576K
}
Event: 2.292 GC heap after
{Heap after GC invocations=8 (full 0):
 garbage-first heap   total 49152K, used 13512K [0x0000000704a00000, 0x0000000800000000)
  region size 2048K, 2 young (4096K), 2 survivors (4096K)
 Metaspace       used 32389K, committed 32640K, reserved 1114112K
  class space    used 3793K, committed 3904K, reserved 1048576K
}

Dll operation events (8 events):
Event: 0.018 Loaded shared library C:\Users\Anushy\Downloads\sts-4.18.1.RELEASE (3)\sts-4.18.1.RELEASE\plugins\org.eclipse.justj.openjdk.hotspot.jre.full.win32.x86_64_17.0.7.v20230425-1502\jre\bin\java.dll
Event: 0.107 Loaded shared library C:\Users\Anushy\Downloads\sts-4.18.1.RELEASE (3)\sts-4.18.1.RELEASE\plugins\org.eclipse.justj.openjdk.hotspot.jre.full.win32.x86_64_17.0.7.v20230425-1502\jre\bin\net.dll
Event: 0.110 Loaded shared library C:\Users\Anushy\Downloads\sts-4.18.1.RELEASE (3)\sts-4.18.1.RELEASE\plugins\org.eclipse.justj.openjdk.hotspot.jre.full.win32.x86_64_17.0.7.v20230425-1502\jre\bin\nio.dll
Event: 0.116 Loaded shared library C:\Users\Anushy\Downloads\sts-4.18.1.RELEASE (3)\sts-4.18.1.RELEASE\plugins\org.eclipse.justj.openjdk.hotspot.jre.full.win32.x86_64_17.0.7.v20230425-1502\jre\bin\zip.dll
Event: 0.164 Loaded shared library C:\Users\Anushy\Downloads\sts-4.18.1.RELEASE (3)\sts-4.18.1.RELEASE\plugins\org.eclipse.justj.openjdk.hotspot.jre.full.win32.x86_64_17.0.7.v20230425-1502\jre\bin\management.dll
Event: 0.172 Loaded shared library C:\Users\Anushy\Downloads\sts-4.18.1.RELEASE (3)\sts-4.18.1.RELEASE\plugins\org.eclipse.justj.openjdk.hotspot.jre.full.win32.x86_64_17.0.7.v20230425-1502\jre\bin\management_ext.dll
Event: 0.208 Loaded shared library C:\Users\Anushy\Downloads\sts-4.18.1.RELEASE (3)\sts-4.18.1.RELEASE\plugins\org.eclipse.justj.openjdk.hotspot.jre.full.win32.x86_64_17.0.7.v20230425-1502\jre\bin\jimage.dll
Event: 0.261 Loaded shared library C:\Users\Anushy\Downloads\sts-4.18.1.RELEASE (3)\sts-4.18.1.RELEASE\plugins\org.eclipse.justj.openjdk.hotspot.jre.full.win32.x86_64_17.0.7.v20230425-1502\jre\bin\verify.dll

Deoptimization events (20 events):
Event: 2.448 Thread 0x000001269971e7e0 Uncommon trap: trap_request=0xffffff45 fr.pc=0x00000126a4a48ad8 relative=0x0000000000005038
Event: 2.448 Thread 0x000001269971e7e0 Uncommon trap: reason=unstable_if action=reinterpret pc=0x00000126a4a48ad8 method=java.lang.invoke.MethodType.makeImpl(Ljava/lang/Class;[Ljava/lang/Class;Z)Ljava/lang/invoke/MethodType; @ 47 c2
Event: 2.448 Thread 0x000001269971e7e0 DEOPT PACKING pc=0x00000126a4a48ad8 sp=0x0000001f157f8a80
Event: 2.448 Thread 0x000001269971e7e0 DEOPT UNPACKING pc=0x00000126a442a1a3 sp=0x0000001f157f8ac0 mode 2
Event: 2.492 Thread 0x000001269971e7e0 Uncommon trap: trap_request=0xffffffde fr.pc=0x00000126a4a65b3c relative=0x000000000000109c
Event: 2.492 Thread 0x000001269971e7e0 Uncommon trap: reason=class_check action=maybe_recompile pc=0x00000126a4a65b3c method=java.util.concurrent.ConcurrentHashMap.putVal(Ljava/lang/Object;Ljava/lang/Object;Z)Ljava/lang/Object; @ 242 c2
Event: 2.492 Thread 0x000001269971e7e0 DEOPT PACKING pc=0x00000126a4a65b3c sp=0x0000001f157fb170
Event: 2.492 Thread 0x000001269971e7e0 DEOPT UNPACKING pc=0x00000126a442a1a3 sp=0x0000001f157fb0e0 mode 2
Event: 2.493 Thread 0x000001269971e7e0 Uncommon trap: trap_request=0xffffffde fr.pc=0x00000126a4a65b3c relative=0x000000000000109c
Event: 2.493 Thread 0x000001269971e7e0 Uncommon trap: reason=class_check action=maybe_recompile pc=0x00000126a4a65b3c method=java.util.concurrent.ConcurrentHashMap.putVal(Ljava/lang/Object;Ljava/lang/Object;Z)Ljava/lang/Object; @ 242 c2
Event: 2.493 Thread 0x000001269971e7e0 DEOPT PACKING pc=0x00000126a4a65b3c sp=0x0000001f157fb170
Event: 2.493 Thread 0x000001269971e7e0 DEOPT UNPACKING pc=0x00000126a442a1a3 sp=0x0000001f157fb0e0 mode 2
Event: 2.497 Thread 0x000001269971e7e0 Uncommon trap: trap_request=0xffffff45 fr.pc=0x00000126a4b1a674 relative=0x0000000000004ef4
Event: 2.497 Thread 0x000001269971e7e0 Uncommon trap: reason=unstable_if action=reinterpret pc=0x00000126a4b1a674 method=org.springframework.beans.factory.support.AbstractAutowireCapableBeanFactory.predictBeanType(Ljava/lang/String;Lorg/springframework/beans/factory/support/RootBeanDefinition;
Event: 2.497 Thread 0x000001269971e7e0 DEOPT PACKING pc=0x00000126a4b1a674 sp=0x0000001f157fafe0
Event: 2.497 Thread 0x000001269971e7e0 DEOPT UNPACKING pc=0x00000126a442a1a3 sp=0x0000001f157faf48 mode 2
Event: 2.510 Thread 0x000001269971e7e0 Uncommon trap: trap_request=0xffffffde fr.pc=0x00000126a4a65b3c relative=0x000000000000109c
Event: 2.510 Thread 0x000001269971e7e0 Uncommon trap: reason=class_check action=maybe_recompile pc=0x00000126a4a65b3c method=java.util.concurrent.ConcurrentHashMap.putVal(Ljava/lang/Object;Ljava/lang/Object;Z)Ljava/lang/Object; @ 242 c2
Event: 2.510 Thread 0x000001269971e7e0 DEOPT PACKING pc=0x00000126a4a65b3c sp=0x0000001f157fbd30
Event: 2.510 Thread 0x000001269971e7e0 DEOPT UNPACKING pc=0x00000126a442a1a3 sp=0x0000001f157fbca0 mode 2

Classes unloaded (0 events):
No events

Classes redefined (0 events):
No events

Internal exceptions (20 events):
Event: 2.435 Thread 0x000001269971e7e0 Exception <a 'java/lang/ClassNotFoundException'{0x000000070724ff20}: java/lang/ObjectCustomizer> (0x000000070724ff20) 
thrown [s\src\hotspot\share\classfile\systemDictionary.cpp, line 256]
Event: 2.435 Thread 0x000001269971e7e0 Exception <a 'java/lang/ClassNotFoundException'{0x0000000707259650}: org/springframework/boot/context/properties/BoundConfigurationPropertiesCustomizer> (0x0000000707259650) 
thrown [s\src\hotspot\share\classfile\systemDictionary.cpp, line 256]
Event: 2.445 Thread 0x000001269971e7e0 Implicit null exception at 0x00000126a4a9caa4 to 0x00000126a4a9cf9c
Event: 2.447 Thread 0x000001269971e7e0 Exception <a 'java/lang/NoSuchMethodError'{0x00000007072e21b0}: 'void java.lang.invoke.DelegatingMethodHandle$Holder.delegate(java.lang.Object, java.lang.Object, int, java.lang.Object)'> (0x00000007072e21b0) 
thrown [s\src\hotspot\share\interpreter\linkResolver.cpp, line 759]
Event: 2.478 Thread 0x000001269971e7e0 Exception <a 'java/lang/ClassNotFoundException'{0x00000007070665e0}: java/lang/ObjectCustomizer> (0x00000007070665e0) 
thrown [s\src\hotspot\share\classfile\systemDictionary.cpp, line 256]
Event: 2.478 Thread 0x000001269971e7e0 Exception <a 'java/lang/ClassNotFoundException'{0x000000070706e7b0}: com/zaxxer/hikari/HikariConfigCustomizer> (0x000000070706e7b0) 
thrown [s\src\hotspot\share\classfile\systemDictionary.cpp, line 256]
Event: 2.479 Thread 0x000001269971e7e0 Exception <a 'java/lang/ClassNotFoundException'{0x00000007070a20c8}: com/zaxxer/hikari/HikariDataSourceCustomizer> (0x00000007070a20c8) 
thrown [s\src\hotspot\share\classfile\systemDictionary.cpp, line 256]
Event: 2.481 Thread 0x000001269971e7e0 Exception <a 'java/lang/ClassNotFoundException'{0x00000007070dcdf8}: javax/sql/DataSourceCustomizer> (0x00000007070dcdf8) 
thrown [s\src\hotspot\share\classfile\systemDictionary.cpp, line 256]
Event: 2.481 Thread 0x000001269971e7e0 Exception <a 'java/lang/ClassNotFoundException'{0x00000007070e57c8}: javax/sql/CommonDataSourceCustomizer> (0x00000007070e57c8) 
thrown [s\src\hotspot\share\classfile\systemDictionary.cpp, line 256]
Event: 2.481 Thread 0x000001269971e7e0 Exception <a 'java/lang/ClassNotFoundException'{0x00000007070ed730}: java/sql/WrapperCustomizer> (0x00000007070ed730) 
thrown [s\src\hotspot\share\classfile\systemDictionary.cpp, line 256]
Event: 2.482 Thread 0x000001269971e7e0 Exception <a 'java/lang/ClassNotFoundException'{0x00000007070f5188}: com/zaxxer/hikari/HikariConfigMXBeanCustomizer> (0x00000007070f5188) 
thrown [s\src\hotspot\share\classfile\systemDictionary.cpp, line 256]
Event: 2.495 Thread 0x000001269971e7e0 Exception <a 'java/lang/ClassNotFoundException'{0x0000000706f0bec0}: java/lang/ObjectCustomizer> (0x0000000706f0bec0) 
thrown [s\src\hotspot\share\classfile\systemDictionary.cpp, line 256]
Event: 2.496 Thread 0x000001269971e7e0 Exception <a 'java/lang/ClassNotFoundException'{0x0000000706f14bc0}: org/springframework/boot/autoconfigure/sql/init/SqlInitializationPropertiesCustomizer> (0x0000000706f14bc0) 
thrown [s\src\hotspot\share\classfile\systemDictionary.cpp, line 256]
Event: 2.503 Thread 0x000001269971e7e0 Exception <a 'java/lang/ClassNotFoundException'{0x0000000706f80bb8}: java/lang/ObjectCustomizer> (0x0000000706f80bb8) 
thrown [s\src\hotspot\share\classfile\systemDictionary.cpp, line 256]
Event: 2.504 Thread 0x000001269971e7e0 Exception <a 'java/lang/ClassNotFoundException'{0x0000000706f89688}: org/springframework/boot/sql/init/AbstractScriptDatabaseInitializerCustomizer> (0x0000000706f89688) 
thrown [s\src\hotspot\share\classfile\systemDictionary.cpp, line 256]
Event: 2.504 Thread 0x000001269971e7e0 Exception <a 'java/lang/ClassNotFoundException'{0x0000000706f91940}: org/springframework/boot/jdbc/init/DataSourceScriptDatabaseInitializerCustomizer> (0x0000000706f91940) 
thrown [s\src\hotspot\share\classfile\systemDictionary.cpp, line 256]
Event: 2.505 Thread 0x000001269971e7e0 Exception <a 'java/lang/ClassNotFoundException'{0x0000000706f987b8}: org/springframework/boot/autoconfigure/sql/init/SqlDataSourceScriptDatabaseInitializerCustomizer> (0x0000000706f987b8) 
thrown [s\src\hotspot\share\classfile\systemDictionary.cpp, line 256]
Event: 2.505 Thread 0x000001269971e7e0 Exception <a 'java/lang/ClassNotFoundException'{0x0000000706fa0ef0}: org/springframework/context/ResourceLoaderAwareCustomizer> (0x0000000706fa0ef0) 
thrown [s\src\hotspot\share\classfile\systemDictionary.cpp, line 256]
Event: 2.506 Thread 0x000001269971e7e0 Exception <a 'java/lang/ClassNotFoundException'{0x0000000706fa71b8}: org/springframework/beans/factory/AwareCustomizer> (0x0000000706fa71b8) 
thrown [s\src\hotspot\share\classfile\systemDictionary.cpp, line 256]
Event: 2.506 Thread 0x000001269971e7e0 Exception <a 'java/lang/ClassNotFoundException'{0x0000000706fac770}: org/springframework/beans/factory/InitializingBeanCustomizer> (0x0000000706fac770) 
thrown [s\src\hotspot\share\classfile\systemDictionary.cpp, line 256]

VM Operations (20 events):
Event: 2.205 Executing VM operation: HandshakeAllThreads
Event: 2.205 Executing VM operation: HandshakeAllThreads done
Event: 2.206 Executing VM operation: HandshakeAllThreads
Event: 2.206 Executing VM operation: HandshakeAllThreads done
Event: 2.211 Executing VM operation: ICBufferFull
Event: 2.211 Executing VM operation: ICBufferFull done
Event: 2.287 Executing VM operation: G1CollectForAllocation
Event: 2.292 Executing VM operation: G1CollectForAllocation done
Event: 2.389 Executing VM operation: HandshakeAllThreads
Event: 2.389 Executing VM operation: HandshakeAllThreads done
Event: 2.389 Executing VM operation: HandshakeAllThreads
Event: 2.389 Executing VM operation: HandshakeAllThreads done
Event: 2.409 Executing VM operation: HandshakeAllThreads
Event: 2.409 Executing VM operation: HandshakeAllThreads done
Event: 2.447 Executing VM operation: HandshakeAllThreads
Event: 2.447 Executing VM operation: HandshakeAllThreads done
Event: 2.456 Executing VM operation: HandshakeAllThreads
Event: 2.456 Executing VM operation: HandshakeAllThreads done
Event: 2.512 Executing VM operation: ICBufferFull
Event: 2.512 Executing VM operation: ICBufferFull done

Events (20 events):
Event: 2.446 loading class java/lang/ClassValue$ClassValueMap
Event: 2.446 loading class java/lang/ClassValue$ClassValueMap done
Event: 2.448 loading class java/util/Collections$CopiesList
Event: 2.448 loading class java/util/Collections$CopiesList done
Event: 2.450 loading class java/lang/invoke/MethodHandleImpl$WrappedMember
Event: 2.450 loading class java/lang/invoke/MethodHandleImpl$WrappedMember done
Event: 2.471 loading class java/lang/ExceptionInInitializerError
Event: 2.471 loading class java/lang/ExceptionInInitializerError done
Event: 2.477 loading class java/lang/ObjectCustomizer
Event: 2.478 loading class java/lang/ObjectCustomizer done
Event: 2.478 loading class java/lang/ObjectCustomizer
Event: 2.478 loading class java/lang/ObjectCustomizer done
Event: 2.495 loading class java/lang/ObjectCustomizer
Event: 2.495 loading class java/lang/ObjectCustomizer done
Event: 2.495 loading class java/lang/ObjectCustomizer
Event: 2.495 loading class java/lang/ObjectCustomizer done
Event: 2.503 loading class java/lang/ObjectCustomizer
Event: 2.503 loading class java/lang/ObjectCustomizer done
Event: 2.503 loading class java/lang/ObjectCustomizer
Event: 2.503 loading class java/lang/ObjectCustomizer done


Dynamic libraries:
0x00007ff76cd00000 - 0x00007ff76cd0e000 	C:\Users\Anushy\Downloads\sts-4.18.1.RELEASE (3)\sts-4.18.1.RELEASE\plugins\org.eclipse.justj.openjdk.hotspot.jre.full.win32.x86_64_17.0.7.v20230425-1502\jre\bin\java.exe
0x00007ffc7aed0000 - 0x00007ffc7b0e7000 	C:\Windows\SYSTEM32\ntdll.dll
0x00007ffc79c80000 - 0x00007ffc79d44000 	C:\Windows\System32\KERNEL32.DLL
0x00007ffc78880000 - 0x00007ffc78c26000 	C:\Windows\System32\KERNELBASE.dll
0x00007ffc783f0000 - 0x00007ffc78501000 	C:\Windows\System32\ucrtbase.dll
0x00007ffc4ddf0000 - 0x00007ffc4de09000 	C:\Users\Anushy\Downloads\sts-4.18.1.RELEASE (3)\sts-4.18.1.RELEASE\plugins\org.eclipse.justj.openjdk.hotspot.jre.full.win32.x86_64_17.0.7.v20230425-1502\jre\bin\VCRUNTIME140.dll
0x00007ffc4dea0000 - 0x00007ffc4deb7000 	C:\Users\Anushy\Downloads\sts-4.18.1.RELEASE (3)\sts-4.18.1.RELEASE\plugins\org.eclipse.justj.openjdk.hotspot.jre.full.win32.x86_64_17.0.7.v20230425-1502\jre\bin\jli.dll
0x00007ffc79900000 - 0x00007ffc79aad000 	C:\Windows\System32\USER32.dll
0x00007ffc783c0000 - 0x00007ffc783e6000 	C:\Windows\System32\win32u.dll
0x00007ffc5d7c0000 - 0x00007ffc5da53000 	C:\Windows\WinSxS\amd64_microsoft.windows.common-controls_6595b64144ccf1df_6.0.22621.2361_none_2712ced57382f843\COMCTL32.dll
0x00007ffc79470000 - 0x00007ffc79499000 	C:\Windows\System32\GDI32.dll
0x00007ffc7a160000 - 0x00007ffc7a207000 	C:\Windows\System32\msvcrt.dll
0x00007ffc786e0000 - 0x00007ffc787f8000 	C:\Windows\System32\gdi32full.dll
0x00007ffc78580000 - 0x00007ffc7861a000 	C:\Windows\System32\msvcp_win.dll
0x00007ffc79610000 - 0x00007ffc79641000 	C:\Windows\System32\IMM32.DLL
0x0000012697ed0000 - 0x0000012697ee4000 	C:\Windows\System32\umppc17213.dll
0x00007ffc77270000 - 0x00007ffc77380000 	C:\Program Files\Avecto\Privilege Guard Client\PGHook.dll
0x00007ffc79660000 - 0x00007ffc79710000 	C:\Windows\System32\ADVAPI32.dll
0x00007ffc79d50000 - 0x00007ffc79df6000 	C:\Windows\System32\sechost.dll
0x00007ffc79e60000 - 0x00007ffc79f77000 	C:\Windows\System32\RPCRT4.dll
0x00007ffc5d010000 - 0x00007ffc5d01c000 	C:\Users\Anushy\Downloads\sts-4.18.1.RELEASE (3)\sts-4.18.1.RELEASE\plugins\org.eclipse.justj.openjdk.hotspot.jre.full.win32.x86_64_17.0.7.v20230425-1502\jre\bin\vcruntime140_1.dll
0x00007ffc3f800000 - 0x00007ffc3f891000 	C:\Users\Anushy\Downloads\sts-4.18.1.RELEASE (3)\sts-4.18.1.RELEASE\plugins\org.eclipse.justj.openjdk.hotspot.jre.full.win32.x86_64_17.0.7.v20230425-1502\jre\bin\msvcp140.dll
0x00007ffbf51e0000 - 0x00007ffbf5e28000 	C:\Users\Anushy\Downloads\sts-4.18.1.RELEASE (3)\sts-4.18.1.RELEASE\plugins\org.eclipse.justj.openjdk.hotspot.jre.full.win32.x86_64_17.0.7.v20230425-1502\jre\bin\server\jvm.dll
0x00007ffc53810000 - 0x00007ffc53819000 	C:\Windows\SYSTEM32\WSOCK32.dll
0x00007ffc7a550000 - 0x00007ffc7a5c1000 	C:\Windows\System32\WS2_32.dll
0x00007ffc6cde0000 - 0x00007ffc6ce14000 	C:\Windows\SYSTEM32\WINMM.dll
0x00007ffc68370000 - 0x00007ffc6837a000 	C:\Windows\SYSTEM32\VERSION.dll
0x00007ffc77110000 - 0x00007ffc77128000 	C:\Windows\SYSTEM32\kernel.appcore.dll
0x00007ffc6ee90000 - 0x00007ffc6ee9a000 	C:\Users\Anushy\Downloads\sts-4.18.1.RELEASE (3)\sts-4.18.1.RELEASE\plugins\org.eclipse.justj.openjdk.hotspot.jre.full.win32.x86_64_17.0.7.v20230425-1502\jre\bin\jimage.dll
0x00007ffc754e0000 - 0x00007ffc7570e000 	C:\Windows\SYSTEM32\DBGHELP.DLL
0x00007ffc78c30000 - 0x00007ffc78fba000 	C:\Windows\System32\combase.dll
0x00007ffc79f80000 - 0x00007ffc7a057000 	C:\Windows\System32\OLEAUT32.dll
0x00007ffc5c9c0000 - 0x00007ffc5c9f2000 	C:\Windows\SYSTEM32\dbgcore.DLL
0x00007ffc78800000 - 0x00007ffc7887a000 	C:\Windows\System32\bcryptPrimitives.dll
0x00007ffc46450000 - 0x00007ffc46475000 	C:\Users\Anushy\Downloads\sts-4.18.1.RELEASE (3)\sts-4.18.1.RELEASE\plugins\org.eclipse.justj.openjdk.hotspot.jre.full.win32.x86_64_17.0.7.v20230425-1502\jre\bin\java.dll
0x00007ffc5c710000 - 0x00007ffc5c728000 	C:\Users\Anushy\Downloads\sts-4.18.1.RELEASE (3)\sts-4.18.1.RELEASE\plugins\org.eclipse.justj.openjdk.hotspot.jre.full.win32.x86_64_17.0.7.v20230425-1502\jre\bin\zip.dll
0x00007ffc7a630000 - 0x00007ffc7ae88000 	C:\Windows\System32\SHELL32.dll
0x00007ffc75f00000 - 0x00007ffc767f2000 	C:\Windows\SYSTEM32\windows.storage.dll
0x00007ffc75dc0000 - 0x00007ffc75efe000 	C:\Windows\SYSTEM32\wintypes.dll
0x00007ffc7a220000 - 0x00007ffc7a313000 	C:\Windows\System32\SHCORE.dll
0x00007ffc79e00000 - 0x00007ffc79e5e000 	C:\Windows\System32\shlwapi.dll
0x00007ffc78180000 - 0x00007ffc781a6000 	C:\Windows\SYSTEM32\profapi.dll
0x00007ffc57930000 - 0x00007ffc57949000 	C:\Users\Anushy\Downloads\sts-4.18.1.RELEASE (3)\sts-4.18.1.RELEASE\plugins\org.eclipse.justj.openjdk.hotspot.jre.full.win32.x86_64_17.0.7.v20230425-1502\jre\bin\net.dll
0x00007ffc77130000 - 0x00007ffc77267000 	C:\Windows\SYSTEM32\WINHTTP.dll
0x00007ffc77850000 - 0x00007ffc778b9000 	C:\Windows\system32\mswsock.dll
0x00007ffc527b0000 - 0x00007ffc527c5000 	C:\Users\Anushy\Downloads\sts-4.18.1.RELEASE (3)\sts-4.18.1.RELEASE\plugins\org.eclipse.justj.openjdk.hotspot.jre.full.win32.x86_64_17.0.7.v20230425-1502\jre\bin\nio.dll
0x00007ffc5c480000 - 0x00007ffc5c489000 	C:\Users\Anushy\Downloads\sts-4.18.1.RELEASE (3)\sts-4.18.1.RELEASE\plugins\org.eclipse.justj.openjdk.hotspot.jre.full.win32.x86_64_17.0.7.v20230425-1502\jre\bin\management.dll
0x00007ffc5be60000 - 0x00007ffc5be6b000 	C:\Users\Anushy\Downloads\sts-4.18.1.RELEASE (3)\sts-4.18.1.RELEASE\plugins\org.eclipse.justj.openjdk.hotspot.jre.full.win32.x86_64_17.0.7.v20230425-1502\jre\bin\management_ext.dll
0x00007ffc79650000 - 0x00007ffc79658000 	C:\Windows\System32\PSAPI.DLL
0x00007ffc5d320000 - 0x00007ffc5d330000 	C:\Users\Anushy\Downloads\sts-4.18.1.RELEASE (3)\sts-4.18.1.RELEASE\plugins\org.eclipse.justj.openjdk.hotspot.jre.full.win32.x86_64_17.0.7.v20230425-1502\jre\bin\verify.dll
0x00007ffc54100000 - 0x00007ffc54117000 	C:\Windows\system32\napinsp.dll
0x00007ffc540e0000 - 0x00007ffc540fb000 	C:\Windows\system32\pnrpnsp.dll
0x00007ffc76950000 - 0x00007ffc76a49000 	C:\Windows\SYSTEM32\DNSAPI.dll
0x00007ffc76920000 - 0x00007ffc7694d000 	C:\Windows\SYSTEM32\IPHLPAPI.DLL
0x00007ffc79ab0000 - 0x00007ffc79ab9000 	C:\Windows\System32\NSI.dll
0x00007ffc540c0000 - 0x00007ffc540d1000 	C:\Windows\System32\winrnr.dll
0x00007ffc6b8c0000 - 0x00007ffc6b8d5000 	C:\Windows\system32\wshbth.dll
0x00007ffc54090000 - 0x00007ffc540b1000 	C:\Windows\system32\nlansp_c.dll
0x00007ffc6bb40000 - 0x00007ffc6bb4a000 	C:\Windows\System32\rasadhlp.dll
0x00007ffc6f370000 - 0x00007ffc6f3f4000 	C:\Windows\System32\fwpuclnt.dll

dbghelp: loaded successfully - version: 4.0.5 - missing functions: none
symbol engine: initialized successfully - sym options: 0x614 - pdb path: .;C:\Users\Anushy\Downloads\sts-4.18.1.RELEASE (3)\sts-4.18.1.RELEASE\plugins\org.eclipse.justj.openjdk.hotspot.jre.full.win32.x86_64_17.0.7.v20230425-1502\jre\bin;C:\Windows\SYSTEM32;C:\Windows\WinSxS\amd64_microsoft.windows.common-controls_6595b64144ccf1df_6.0.22621.2361_none_2712ced57382f843;C:\Program Files\Avecto\Privilege Guard Client;C:\Users\Anushy\Downloads\sts-4.18.1.RELEASE (3)\sts-4.18.1.RELEASE\plugins\org.eclipse.justj.openjdk.hotspot.jre.full.win32.x86_64_17.0.7.v20230425-1502\jre\bin\server

VM Arguments:
java_command: C:\Users\Anushy\AppData\Local\Temp\surefire8379616185103591259\surefirebooter13658483120583298370.jar C:\Users\Anushy\AppData\Local\Temp\surefire8379616185103591259 2023-10-24T22-16-28_846-jvmRun1 surefire5302104787070046320tmp surefire_08359983668631134186tmp
java_class_path (initial): C:\Users\Anushy\AppData\Local\Temp\surefire8379616185103591259\surefirebooter13658483120583298370.jar
Launcher Type: SUN_STANDARD

[Global flags]
     intx CICompilerCount                          = 4                                         {product} {ergonomic}
     uint ConcGCThreads                            = 2                                         {product} {ergonomic}
     uint G1ConcRefinementThreads                  = 8                                         {product} {ergonomic}
   size_t G1HeapRegionSize                         = 2097152                                   {product} {ergonomic}
    uintx GCDrainStackTargetSize                   = 64                                        {product} {ergonomic}
   size_t InitialHeapSize                          = 264241152                                 {product} {ergonomic}
   size_t MarkStackSize                            = 4194304                                   {product} {ergonomic}
   size_t MaxHeapSize                              = 4217372672                                {product} {ergonomic}
   size_t MaxNewSize                               = 2529165312                                {product} {ergonomic}
   size_t MinHeapDeltaBytes                        = 2097152                                   {product} {ergonomic}
   size_t MinHeapSize                              = 8388608                                   {product} {ergonomic}
    uintx NonNMethodCodeHeapSize                   = 5839372                                {pd product} {ergonomic}
    uintx NonProfiledCodeHeapSize                  = 122909434                              {pd product} {ergonomic}
    uintx ProfiledCodeHeapSize                     = 122909434                              {pd product} {ergonomic}
    uintx ReservedCodeCacheSize                    = 251658240                              {pd product} {ergonomic}
     bool SegmentedCodeCache                       = true                                      {product} {ergonomic}
   size_t SoftMaxHeapSize                          = 4217372672                             {manageable} {ergonomic}
     bool UseCompressedClassPointers               = true                           {product lp64_product} {ergonomic}
     bool UseCompressedOops                        = true                           {product lp64_product} {ergonomic}
     bool UseG1GC                                  = true                                      {product} {ergonomic}
     bool UseLargePagesIndividualAllocation        = false                                  {pd product} {ergonomic}

Logging:
Log output configuration:
 #0: stdout all=warning uptime,level,tags
 #1: stderr all=off uptime,level,tags

Environment Variables:
PATH=C:/Users/Anushy/Downloads/sts-4.18.1.RELEASE (3)/sts-4.18.1.RELEASE//plugins/org.eclipse.justj.openjdk.hotspot.jre.full.win32.x86_64_17.0.7.v20230425-1502/jre/bin/server;C:/Users/Anushy/Downloads/sts-4.18.1.RELEASE (3)/sts-4.18.1.RELEASE//plugins/org.eclipse.justj.openjdk.hotspot.jre.full.win32.x86_64_17.0.7.v20230425-1502/jre/bin;C:\Program Files\Eclipse Adoptium\jdk-17.0.7.7-hotspot\bin;C:\Program Files\Eclipse Adoptium\jdk-19.0.2.7-hotspot\bin;C:\Windows\system32;C:\Windows;C:\Windows\System32\Wbem;C:\Windows\System32\WindowsPowerShell\v1.0\;C:\Windows\System32\OpenSSH\;C:\Program Files\Git\cmd;C:\Users\Anushy\AppData\Local\Microsoft\WindowsApps;;C:\Users\Anushy\Downloads\sts-4.18.1.RELEASE (3)\sts-4.18.1.RELEASE;
USERNAME=anushy
OS=Windows_NT
PROCESSOR_IDENTIFIER=Intel64 Family 6 Model 140 Stepping 1, GenuineIntel
TMP=C:\Users\Anushy\AppData\Local\Temp
TEMP=C:\Users\Anushy\AppData\Local\Temp



---------------  S Y S T E M  ---------------

OS:
 Windows 11 , 64 bit Build 22621 (10.0.22621.2428)
OS uptime: 0 days 7:39 hours

CPU: total 8 (initial active 8) (4 cores per cpu, 2 threads per core) family 6 model 140 stepping 1 microcode 0x86, cx8, cmov, fxsr, ht, mmx, 3dnowpref, sse, sse2, sse3, ssse3, sse4.1, sse4.2, popcnt, lzcnt, tsc, tscinvbit, avx, avx2, aes, erms, clmul, bmi1, bmi2, adx, avx512f, avx512dq, avx512cd, avx512bw, avx512vl, sha, fma, vzeroupper, avx512_vpopcntdq, avx512_vpclmulqdq, avx512_vaes, avx512_vnni, clflush, clflushopt, clwb, avx512_vbmi2, avx512_vbmi

Memory: 4k page, system-wide physical 16086M (6002M free)
TotalPageFile size 17110M (AvailPageFile size 5677M)
current process WorkingSet (physical memory assigned to process): 180M, peak: 185M
current process commit charge ("private bytes"): 218M, peak: 383M

vm_info: OpenJDK 64-Bit Server VM (17.0.7+7) for windows-amd64 JRE (17.0.7+7), built on Apr 18 2023 22:10:42 by "temurin" with MS VC++ 16.7 (VS2019)

END.
