#
# A fatal error has been detected by the Java Runtime Environment:
#
#  EXCEPTION_ACCESS_VIOLATION (0xc0000005) at pc=0x00007ffbf539e6c9, pid=10460, tid=15880
#
# JRE version: OpenJDK Runtime Environment Temurin-17.0.7+7 (17.0.7+7) (build 17.0.7+7)
# Java VM: OpenJDK 64-Bit Server VM Temurin-17.0.7+7 (17.0.7+7, mixed mode, tiered, compressed oops, compressed class ptrs, g1 gc, windows-amd64)
# Problematic frame:
# V  [jvm.dll+0x1be6c9]
#
# No core dump will be written. Minidumps are not enabled by default on client versions of Windows
#
# If you would like to submit a bug report, please visit:
#   https://github.com/adoptium/adoptium-support/issues
#

---------------  S U M M A R Y ------------

Command Line: -Dmaven.home=EMBEDDED -Dclassworlds.conf=C:\JavaTrainingGCP\.metadata\.plugins\org.eclipse.m2e.launching\launches\m2conf7449482165552923031.tmp -Dmaven.multiModuleProjectDirectory=C:\JavaTrainingGCP\46331360Product -Dm2e.build.project.data.socket.port=54128 -Dfile.encoding=UTF-8 -XX:+ShowCodeDetailsInExceptionMessages org.codehaus.plexus.classworlds.launcher.Launcher -Ppom.xml -B -Dstyle.color=always clean install

Host: 11th Gen Intel(R) Core(TM) i5-1135G7 @ 2.40GHz, 8 cores, 15G,  Windows 11 , 64 bit Build 22621 (10.0.22621.2428)
Time: Tue Oct 24 22:16:30 2023 India Standard Time elapsed time: 5.645794 seconds (0d 0h 0m 5s)

---------------  T H R E A D  ---------------

Current thread (0x00000114900a2e70):  JavaThread "C2 CompilerThread0" daemon [_thread_in_native, id=15880, stack(0x0000000ef1700000,0x0000000ef1800000)]


Current CompileTask:
C2:   5645 6034       4       org.fusesource.jansi.io.AnsiOutputStream::write (898 bytes)

Stack: [0x0000000ef1700000,0x0000000ef1800000],  sp=0x0000000ef17fb7c0,  free space=1005k
Native frames: (J=compiled Java code, j=interpreted, Vv=VM code, C=native code)
V  [jvm.dll+0x1be6c9]
V  [jvm.dll+0x1bc816]
V  [jvm.dll+0x219799]
V  [jvm.dll+0x218a61]
V  [jvm.dll+0x1a4d8d]
V  [jvm.dll+0x2284da]
V  [jvm.dll+0x226615]
V  [jvm.dll+0x7ea90b]
V  [jvm.dll+0x7e4e7a]
V  [jvm.dll+0x676395]
C  [ucrtbase.dll+0x29363]
C  [KERNEL32.DLL+0x1257d]
C  [ntdll.dll+0x5aa78]


siginfo: EXCEPTION_ACCESS_VIOLATION (0xc0000005), reading address 0x00007fb3f5af6718


Register to memory mapping:

RIP=0x00007ffbf539e6c9 jvm.dll
RAX=0x00007fb3f5af66a0 is an unknown value
RBX=0x0 is NULL
RCX=0x000001149012fdd8 points into unknown readable memory: 0x00007fb3f5af66a0 | a0 66 af f5 b3 7f 00 00
RDX=0x0000000000000021 is an unknown value
RSP=0x0000000ef17fb7c0 is pointing into the stack for thread: 0x00000114900a2e70
RBP=0x0000000000000043 is an unknown value
RSI=0x000001149012fe48 points into unknown readable memory: 0x00007ffbf5afb3c0 | c0 b3 af f5 fb 7f 00 00
RDI=0x000001149012fdd8 points into unknown readable memory: 0x00007fb3f5af66a0 | a0 66 af f5 b3 7f 00 00
R8 =0x0000000ef17fbbd0 is pointing into the stack for thread: 0x00000114900a2e70
R9 =0x0 is NULL
R10=0x0 is NULL
R11=0x0000000ef17fb7d0 is pointing into the stack for thread: 0x00000114900a2e70
R12=0x0000000000000021 is an unknown value
R13=0x0000000ef17fbc70 is pointing into the stack for thread: 0x00000114900a2e70
R14=0x0 is NULL
R15=0x0 is NULL


Registers:
RAX=0x00007fb3f5af66a0, RBX=0x0000000000000000, RCX=0x000001149012fdd8, RDX=0x0000000000000021
RSP=0x0000000ef17fb7c0, RBP=0x0000000000000043, RSI=0x000001149012fe48, RDI=0x000001149012fdd8
R8 =0x0000000ef17fbbd0, R9 =0x0000000000000000, R10=0x0000000000000000, R11=0x0000000ef17fb7d0
R12=0x0000000000000021, R13=0x0000000ef17fbc70, R14=0x0000000000000000, R15=0x0000000000000000
RIP=0x00007ffbf539e6c9, EFLAGS=0x0000000000010293

Top of Stack: (sp=0x0000000ef17fb7c0)
0x0000000ef17fb7c0:   0000000000065c68 00007ffbf528c249
0x0000000ef17fb7d0:   0000000ef17fb840 00007ffbf5542f6a
0x0000000ef17fb7e0:   0000011490275390 00000114902753a0
0x0000000ef17fb7f0:   00000000000003d8 000001148bb31540
0x0000000ef17fb800:   0000000ef17fbc70 00007ffbf539c816
0x0000000ef17fb810:   0000000e00000005 0000000ef17fb910
0x0000000ef17fb820:   0000000000000000 0000011490275778
0x0000000ef17fb830:   00000000deadbe00 0000000ef17fbde0
0x0000000ef17fb840:   0000011400000006 0000011490275390
0x0000000ef17fb850:   0000011490275390 00000114902753a0
0x0000000ef17fb860:   0000011490275778 00000000000003d8
0x0000000ef17fb870:   000001149008cee0 0000000000000002
0x0000000ef17fb880:   0000011492d861c0 00007ffb00000002
0x0000000ef17fb890:   000001149008cee0 0000000000000000
0x0000000ef17fb8a0:   0000000000000000 000000000000057e
0x0000000ef17fb8b0:   0000011492209750 000000003f800000 

Instructions: (pc=0x00007ffbf539e6c9)
0x00007ffbf539e5c9:   89 7c 24 18 0f 1f 00 4d 8b 4a 10 49 63 c3 48 8d
0x00007ffbf539e5d9:   3c 85 00 00 00 00 49 8b 42 28 48 63 1c 07 41 8b
0x00007ffbf539e5e9:   04 99 3b d8 74 42 44 8b c3 8b d0 48 63 c8 41 8b
0x00007ffbf539e5f9:   04 89 3b c2 75 f3 3b d8 74 20 0f 1f 40 00 66 0f
0x00007ffbf539e609:   1f 84 00 00 00 00 00 49 8b 4a 10 49 63 d0 44 8b
0x00007ffbf539e619:   04 91 89 04 91 44 3b c0 75 ed 41 8b c0 3b d8 74
0x00007ffbf539e629:   07 49 8b 4a 28 89 04 0f 41 ff c3 44 3b de 72 97
0x00007ffbf539e639:   48 8b 7c 24 18 48 8b 5c 24 10 5e c3 cc cc cc cc
0x00007ffbf539e649:   cc cc cc cc cc cc cc 40 53 41 55 48 83 ec 38 4c
0x00007ffbf539e659:   8b 41 48 33 db 48 89 6c 24 58 4c 8b e9 48 89 7c
0x00007ffbf539e669:   24 68 bd 01 00 00 00 4c 89 64 24 30 44 8b e3 41
0x00007ffbf539e679:   39 58 40 0f 86 b5 00 00 00 48 89 74 24 60 4c 89
0x00007ffbf539e689:   74 24 28 4c 89 7c 24 20 49 8b 40 30 44 8b f3 41
0x00007ffbf539e699:   8b d4 48 8b 34 d0 8b 46 28 89 44 24 50 85 c0 74
0x00007ffbf539e6a9:   71 4c 8b fb 0f 1f 00 44 3b 76 18 73 0a 48 8b 46
0x00007ffbf539e6b9:   20 49 8b 3c 07 eb 03 48 8b fb 48 8b 07 48 8b cf
0x00007ffbf539e6c9:   ff 50 78 4c 8b c3 44 8b 48 5c 8b 48 58 41 3b c9
0x00007ffbf539e6d9:   77 12 0f 1f 44 00 00 8b d1 ff c1 4c 0b 04 d0 41
0x00007ffbf539e6e9:   3b c9 76 f3 48 63 4f 28 8d 55 01 49 8b 85 08 01
0x00007ffbf539e6f9:   00 00 4d 85 c0 0f 44 d5 0f 44 eb 41 ff c6 49 83
0x00007ffbf539e709:   c7 08 89 2c 88 8b ea 44 3b 74 24 50 72 99 4d 8b
0x00007ffbf539e719:   45 48 41 ff c4 45 3b 60 40 0f 82 69 ff ff ff 4c
0x00007ffbf539e729:   8b 7c 24 20 4c 8b 74 24 28 48 8b 74 24 60 4c 8b
0x00007ffbf539e739:   64 24 30 49 8d bd e8 00 00 00 41 89 ad e0 00 00
0x00007ffbf539e749:   00 8b 07 3b e8 7c 34 3b 6f 04 7c 0c 8b d5 48 8b
0x00007ffbf539e759:   cf e8 31 ae ef ff 8b 07 48 63 c8 48 63 d5 48 3b
0x00007ffbf539e769:   ca 7d 13 0f 1f 40 00 48 8b 47 08 89 1c 88 48 ff
0x00007ffbf539e779:   c1 48 3b ca 7c f1 8d 45 01 89 07 48 8b 47 08 48
0x00007ffbf539e789:   8b 7c 24 68 48 63 cd 48 8b 6c 24 58 89 1c 88 41
0x00007ffbf539e799:   39 9d e0 00 00 00 76 18 49 8b 85 f0 00 00 00 48
0x00007ffbf539e7a9:   63 cb 89 1c 88 ff c3 41 3b 9d e0 00 00 00 72 e8
0x00007ffbf539e7b9:   48 83 c4 38 41 5d 5b c3 cc cc cc cc cc cc cc cc 


Stack slot to memory mapping:
stack at sp + 0 slots: 0x0000000000065c68 is an unknown value
stack at sp + 1 slots: 0x00007ffbf528c249 jvm.dll
stack at sp + 2 slots: 0x0000000ef17fb840 is pointing into the stack for thread: 0x00000114900a2e70
stack at sp + 3 slots: 0x00007ffbf5542f6a jvm.dll
stack at sp + 4 slots: 0x0000011490275390 points into unknown readable memory: 0x0000000000000000 | 00 00 00 00 00 00 00 00
stack at sp + 5 slots: 0x00000114902753a0 points into unknown readable memory: 0x0000000000000015 | 15 00 00 00 00 00 00 00
stack at sp + 6 slots: 0x00000000000003d8 is an unknown value
stack at sp + 7 slots: 0x000001148bb31540 points into unknown readable memory: 0x0000000000000000 | 00 00 00 00 00 00 00 00


---------------  P R O C E S S  ---------------

Threads class SMR info:
_java_thread_list=0x0000011492cdbc00, length=23, elements={
0x00000114eca51700, 0x0000011490059980, 0x000001149005a050, 0x000001149008f580,
0x000001149008fb50, 0x0000011490090020, 0x0000011490090900, 0x00000114900a2e70,
0x00000114900a3780, 0x00000114900ca720, 0x0000011490220680, 0x000001149023dc80,
0x00000114925afde0, 0x00000114910bf4c0, 0x0000011491b7a110, 0x0000011491440800,
0x0000011492d88840, 0x0000011492627750, 0x00000114913a4150, 0x00000114913a5960,
0x00000114913a32e0, 0x00000114913a4620, 0x00000114913a37b0
}

Java Threads: ( => current thread )
  0x00000114eca51700 JavaThread "main" [_thread_in_native, id=19348, stack(0x0000000ef0a00000,0x0000000ef0b00000)]
  0x0000011490059980 JavaThread "Reference Handler" daemon [_thread_blocked, id=7632, stack(0x0000000ef1100000,0x0000000ef1200000)]
  0x000001149005a050 JavaThread "Finalizer" daemon [_thread_blocked, id=3696, stack(0x0000000ef1200000,0x0000000ef1300000)]
  0x000001149008f580 JavaThread "Signal Dispatcher" daemon [_thread_blocked, id=9636, stack(0x0000000ef1300000,0x0000000ef1400000)]
  0x000001149008fb50 JavaThread "Attach Listener" daemon [_thread_blocked, id=7628, stack(0x0000000ef1400000,0x0000000ef1500000)]
  0x0000011490090020 JavaThread "Service Thread" daemon [_thread_blocked, id=6124, stack(0x0000000ef1500000,0x0000000ef1600000)]
  0x0000011490090900 JavaThread "Monitor Deflation Thread" daemon [_thread_blocked, id=14260, stack(0x0000000ef1600000,0x0000000ef1700000)]
=>0x00000114900a2e70 JavaThread "C2 CompilerThread0" daemon [_thread_in_native, id=15880, stack(0x0000000ef1700000,0x0000000ef1800000)]
  0x00000114900a3780 JavaThread "C1 CompilerThread0" daemon [_thread_blocked, id=17760, stack(0x0000000ef1800000,0x0000000ef1900000)]
  0x00000114900ca720 JavaThread "Sweeper thread" daemon [_thread_blocked, id=15860, stack(0x0000000ef1900000,0x0000000ef1a00000)]
  0x0000011490220680 JavaThread "Notification Thread" daemon [_thread_blocked, id=13632, stack(0x0000000ef1a00000,0x0000000ef1b00000)]
  0x000001149023dc80 JavaThread "Common-Cleaner" daemon [_thread_blocked, id=2880, stack(0x0000000ef1c00000,0x0000000ef1d00000)]
  0x00000114925afde0 JavaThread "resolver-1" daemon [_thread_blocked, id=13112, stack(0x0000000ef2800000,0x0000000ef2900000)]
  0x00000114910bf4c0 JavaThread "resolver-2" daemon [_thread_blocked, id=7064, stack(0x0000000ef2900000,0x0000000ef2a00000)]
  0x0000011491b7a110 JavaThread "resolver-3" daemon [_thread_blocked, id=4396, stack(0x0000000ef2a00000,0x0000000ef2b00000)]
  0x0000011491440800 JavaThread "resolver-4" daemon [_thread_blocked, id=19304, stack(0x0000000ef2b00000,0x0000000ef2c00000)]
  0x0000011492d88840 JavaThread "resolver-5" daemon [_thread_blocked, id=18232, stack(0x0000000ef2c00000,0x0000000ef2d00000)]
  0x0000011492627750 JavaThread "timeout-check-timer" daemon [_thread_blocked, id=2484, stack(0x0000000ef2d00000,0x0000000ef2e00000)]
  0x00000114913a4150 JavaThread "ping-timer-10s" daemon [_thread_blocked, id=3444, stack(0x0000000ef2e00000,0x0000000ef2f00000)]
  0x00000114913a5960 JavaThread "ThreadedStreamConsumer" daemon [_thread_blocked, id=1256, stack(0x0000000ef2f00000,0x0000000ef3000000)]
  0x00000114913a32e0 JavaThread "Thread-2" [_thread_blocked, id=16504, stack(0x0000000ef3100000,0x0000000ef3200000)]
  0x00000114913a4620 JavaThread "Thread-3" [_thread_in_native, id=988, stack(0x0000000ef3200000,0x0000000ef3300000)]
  0x00000114913a37b0 JavaThread "Thread-4" [_thread_in_native, id=6932, stack(0x0000000ef3300000,0x0000000ef3400000)]

Other Threads:
  0x0000011490052eb0 VMThread "VM Thread" [stack: 0x0000000ef1000000,0x0000000ef1100000] [id=12916]
  0x0000011490221360 WatcherThread [stack: 0x0000000ef1b00000,0x0000000ef1c00000] [id=17696]
  0x00000114ecab9420 GCTaskThread "GC Thread#0" [stack: 0x0000000ef0b00000,0x0000000ef0c00000] [id=13992]
  0x00000114902d9d50 GCTaskThread "GC Thread#1" [stack: 0x0000000ef1f00000,0x0000000ef2000000] [id=6412]
  0x0000011490c8e060 GCTaskThread "GC Thread#2" [stack: 0x0000000ef2000000,0x0000000ef2100000] [id=456]
  0x0000011490d44050 GCTaskThread "GC Thread#3" [stack: 0x0000000ef2100000,0x0000000ef2200000] [id=17844]
  0x0000011490c19870 GCTaskThread "GC Thread#4" [stack: 0x0000000ef2200000,0x0000000ef2300000] [id=2292]
  0x0000011490cdbfb0 GCTaskThread "GC Thread#5" [stack: 0x0000000ef2300000,0x0000000ef2400000] [id=8084]
  0x0000011490c94800 GCTaskThread "GC Thread#6" [stack: 0x0000000ef2400000,0x0000000ef2500000] [id=13808]
  0x0000011490c94ab0 GCTaskThread "GC Thread#7" [stack: 0x0000000ef2500000,0x0000000ef2600000] [id=17800]
  0x00000114ecac9c60 ConcurrentGCThread "G1 Main Marker" [stack: 0x0000000ef0c00000,0x0000000ef0d00000] [id=8300]
  0x00000114ecacbfa0 ConcurrentGCThread "G1 Conc#0" [stack: 0x0000000ef0d00000,0x0000000ef0e00000] [id=12688]
  0x0000011491291180 ConcurrentGCThread "G1 Conc#1" [stack: 0x0000000ef2600000,0x0000000ef2700000] [id=18244]
  0x000001148bb571b0 ConcurrentGCThread "G1 Refine#0" [stack: 0x0000000ef0e00000,0x0000000ef0f00000] [id=13608]
  0x0000011490ba0420 ConcurrentGCThread "G1 Refine#1" [stack: 0x0000000ef2700000,0x0000000ef2800000] [id=7604]
  0x000001148bb57490 ConcurrentGCThread "G1 Service" [stack: 0x0000000ef0f00000,0x0000000ef1000000] [id=16572]

Threads with active compile tasks:
C2 CompilerThread0     5707 6034       4       org.fusesource.jansi.io.AnsiOutputStream::write (898 bytes)

VM state: not at safepoint (normal execution)

VM Mutex/Monitor currently owned by a thread: None

Heap address: 0x0000000704a00000, size: 4022 MB, Compressed Oops mode: Zero based, Oop shift amount: 3

CDS archive(s) not mapped
Compressed class space mapped at: 0x0000000800000000-0x0000000840000000, reserved size: 1073741824
Narrow klass base: 0x0000000800000000, Narrow klass shift: 0, Narrow klass range: 0x40000000

GC Precious Log:
 CPUs: 8 total, 8 available
 Memory: 16086M
 Large Page Support: Disabled
 NUMA Support: Disabled
 Compressed Oops: Enabled (Zero based)
 Heap Region Size: 2M
 Heap Min Capacity: 8M
 Heap Initial Capacity: 252M
 Heap Max Capacity: 4022M
 Pre-touch: Disabled
 Parallel Workers: 8
 Concurrent Workers: 2
 Concurrent Refinement Workers: 8
 Periodic GC: Disabled

Heap:
 garbage-first heap   total 143360K, used 58516K [0x0000000704a00000, 0x0000000800000000)
  region size 2048K, 16 young (32768K), 5 survivors (10240K)
 Metaspace       used 36791K, committed 37056K, reserved 1114112K
  class space    used 3831K, committed 3968K, reserved 1048576K

Heap Regions: E=young(eden), S=young(survivor), O=old, HS=humongous(starts), HC=humongous(continues), CS=collection set, F=free, OA=open archive, CA=closed archive, TAMS=top-at-mark-start (previous, next)
|   0|0x0000000704a00000, 0x0000000704c00000, 0x0000000704c00000|100%| O|  |TAMS 0x0000000704c00000, 0x0000000704a00000| Untracked 
|   1|0x0000000704c00000, 0x0000000704dc3600, 0x0000000704e00000| 88%| O|  |TAMS 0x0000000704dc3600, 0x0000000704c00000| Untracked 
|   2|0x0000000704e00000, 0x0000000705000000, 0x0000000705000000|100%| O|  |TAMS 0x0000000705000000, 0x0000000704e00000| Untracked 
|   3|0x0000000705000000, 0x0000000705200000, 0x0000000705200000|100%| O|  |TAMS 0x0000000705200000, 0x0000000705000000| Untracked 
|   4|0x0000000705200000, 0x0000000705400000, 0x0000000705400000|100%| O|  |TAMS 0x0000000705400000, 0x0000000705200000| Untracked 
|   5|0x0000000705400000, 0x0000000705600000, 0x0000000705600000|100%| O|  |TAMS 0x0000000705600000, 0x0000000705400000| Complete 
|   6|0x0000000705600000, 0x0000000705800000, 0x0000000705800000|100%| O|  |TAMS 0x0000000705800000, 0x0000000705600000| Untracked 
|   7|0x0000000705800000, 0x0000000705a00000, 0x0000000705a00000|100%| O|  |TAMS 0x0000000705a00000, 0x0000000705800000| Untracked 
|   8|0x0000000705a00000, 0x0000000705c00000, 0x0000000705c00000|100%| O|  |TAMS 0x0000000705c00000, 0x0000000705a00000| Untracked 
|   9|0x0000000705c00000, 0x0000000705e00000, 0x0000000705e00000|100%| O|  |TAMS 0x0000000705dd6000, 0x0000000705c00000| Untracked 
|  10|0x0000000705e00000, 0x0000000706000000, 0x0000000706000000|100%| O|  |TAMS 0x0000000705e00000, 0x0000000705e00000| Untracked 
|  11|0x0000000706000000, 0x0000000706200000, 0x0000000706200000|100%| O|  |TAMS 0x0000000706000000, 0x0000000706000000| Untracked 
|  12|0x0000000706200000, 0x0000000706400000, 0x0000000706400000|100%| O|  |TAMS 0x0000000706200000, 0x0000000706200000| Untracked 
|  13|0x0000000706400000, 0x0000000706561c00, 0x0000000706600000| 69%| O|  |TAMS 0x0000000706400000, 0x0000000706400000| Untracked 
|  14|0x0000000706600000, 0x0000000706600000, 0x0000000706800000|  0%| F|  |TAMS 0x0000000706600000, 0x0000000706600000| Untracked 
|  15|0x0000000706800000, 0x0000000706800000, 0x0000000706a00000|  0%| F|  |TAMS 0x0000000706800000, 0x0000000706800000| Untracked 
|  16|0x0000000706a00000, 0x0000000706a00000, 0x0000000706c00000|  0%| F|  |TAMS 0x0000000706a00000, 0x0000000706a00000| Untracked 
|  17|0x0000000706c00000, 0x0000000706c00000, 0x0000000706e00000|  0%| F|  |TAMS 0x0000000706c00000, 0x0000000706c00000| Untracked 
|  18|0x0000000706e00000, 0x0000000706e00000, 0x0000000707000000|  0%| F|  |TAMS 0x0000000706e00000, 0x0000000706e00000| Untracked 
|  19|0x0000000707000000, 0x0000000707000000, 0x0000000707200000|  0%| F|  |TAMS 0x0000000707000000, 0x0000000707000000| Untracked 
|  20|0x0000000707200000, 0x0000000707200000, 0x0000000707400000|  0%| F|  |TAMS 0x0000000707200000, 0x0000000707200000| Untracked 
|  21|0x0000000707400000, 0x0000000707400000, 0x0000000707600000|  0%| F|  |TAMS 0x0000000707400000, 0x0000000707400000| Untracked 
|  22|0x0000000707600000, 0x0000000707600000, 0x0000000707800000|  0%| F|  |TAMS 0x0000000707600000, 0x0000000707600000| Untracked 
|  23|0x0000000707800000, 0x0000000707800000, 0x0000000707a00000|  0%| F|  |TAMS 0x0000000707800000, 0x0000000707800000| Untracked 
|  24|0x0000000707a00000, 0x0000000707a00000, 0x0000000707c00000|  0%| F|  |TAMS 0x0000000707a00000, 0x0000000707a00000| Untracked 
|  25|0x0000000707c00000, 0x0000000707c00000, 0x0000000707e00000|  0%| F|  |TAMS 0x0000000707c00000, 0x0000000707c00000| Untracked 
|  26|0x0000000707e00000, 0x0000000707e00000, 0x0000000708000000|  0%| F|  |TAMS 0x0000000707e00000, 0x0000000707e00000| Untracked 
|  27|0x0000000708000000, 0x0000000708000000, 0x0000000708200000|  0%| F|  |TAMS 0x0000000708000000, 0x0000000708000000| Untracked 
|  28|0x0000000708200000, 0x0000000708200000, 0x0000000708400000|  0%| F|  |TAMS 0x0000000708200000, 0x0000000708200000| Untracked 
|  29|0x0000000708400000, 0x0000000708400000, 0x0000000708600000|  0%| F|  |TAMS 0x0000000708400000, 0x0000000708400000| Untracked 
|  30|0x0000000708600000, 0x0000000708600000, 0x0000000708800000|  0%| F|  |TAMS 0x0000000708600000, 0x0000000708600000| Untracked 
|  31|0x0000000708800000, 0x0000000708800000, 0x0000000708a00000|  0%| F|  |TAMS 0x0000000708800000, 0x0000000708800000| Untracked 
|  32|0x0000000708a00000, 0x0000000708a00000, 0x0000000708c00000|  0%| F|  |TAMS 0x0000000708a00000, 0x0000000708a00000| Untracked 
|  33|0x0000000708c00000, 0x0000000708c00000, 0x0000000708e00000|  0%| F|  |TAMS 0x0000000708c00000, 0x0000000708c00000| Untracked 
|  34|0x0000000708e00000, 0x0000000708e00000, 0x0000000709000000|  0%| F|  |TAMS 0x0000000708e00000, 0x0000000708e00000| Untracked 
|  35|0x0000000709000000, 0x0000000709000000, 0x0000000709200000|  0%| F|  |TAMS 0x0000000709000000, 0x0000000709000000| Untracked 
|  36|0x0000000709200000, 0x0000000709200000, 0x0000000709400000|  0%| F|  |TAMS 0x0000000709200000, 0x0000000709200000| Untracked 
|  37|0x0000000709400000, 0x0000000709400000, 0x0000000709600000|  0%| F|  |TAMS 0x0000000709400000, 0x0000000709400000| Untracked 
|  38|0x0000000709600000, 0x0000000709600000, 0x0000000709800000|  0%| F|  |TAMS 0x0000000709600000, 0x0000000709600000| Untracked 
|  39|0x0000000709800000, 0x0000000709800000, 0x0000000709a00000|  0%| F|  |TAMS 0x0000000709800000, 0x0000000709800000| Untracked 
|  40|0x0000000709a00000, 0x0000000709c00000, 0x0000000709c00000|100%| S|CS|TAMS 0x0000000709a00000, 0x0000000709a00000| Complete 
|  41|0x0000000709c00000, 0x0000000709e00000, 0x0000000709e00000|100%| S|CS|TAMS 0x0000000709c00000, 0x0000000709c00000| Complete 
|  42|0x0000000709e00000, 0x000000070a000000, 0x000000070a000000|100%| S|CS|TAMS 0x0000000709e00000, 0x0000000709e00000| Complete 
|  43|0x000000070a000000, 0x000000070a200000, 0x000000070a200000|100%| S|CS|TAMS 0x000000070a000000, 0x000000070a000000| Complete 
|  44|0x000000070a200000, 0x000000070a400000, 0x000000070a400000|100%| S|CS|TAMS 0x000000070a200000, 0x000000070a200000| Complete 
|  45|0x000000070a400000, 0x000000070a400000, 0x000000070a600000|  0%| F|  |TAMS 0x000000070a400000, 0x000000070a400000| Untracked 
|  46|0x000000070a600000, 0x000000070a600000, 0x000000070a800000|  0%| F|  |TAMS 0x000000070a600000, 0x000000070a600000| Untracked 
|  47|0x000000070a800000, 0x000000070a800000, 0x000000070aa00000|  0%| F|  |TAMS 0x000000070a800000, 0x000000070a800000| Untracked 
|  48|0x000000070aa00000, 0x000000070aa00000, 0x000000070ac00000|  0%| F|  |TAMS 0x000000070aa00000, 0x000000070aa00000| Untracked 
|  49|0x000000070ac00000, 0x000000070ac00000, 0x000000070ae00000|  0%| F|  |TAMS 0x000000070ac00000, 0x000000070ac00000| Untracked 
|  50|0x000000070ae00000, 0x000000070ae00000, 0x000000070b000000|  0%| F|  |TAMS 0x000000070ae00000, 0x000000070ae00000| Untracked 
|  51|0x000000070b000000, 0x000000070b000000, 0x000000070b200000|  0%| F|  |TAMS 0x000000070b000000, 0x000000070b000000| Untracked 
|  52|0x000000070b200000, 0x000000070b200000, 0x000000070b400000|  0%| F|  |TAMS 0x000000070b200000, 0x000000070b200000| Untracked 
|  53|0x000000070b400000, 0x000000070b400000, 0x000000070b600000|  0%| F|  |TAMS 0x000000070b400000, 0x000000070b400000| Untracked 
|  54|0x000000070b600000, 0x000000070b600000, 0x000000070b800000|  0%| F|  |TAMS 0x000000070b600000, 0x000000070b600000| Untracked 
|  55|0x000000070b800000, 0x000000070b800000, 0x000000070ba00000|  0%| F|  |TAMS 0x000000070b800000, 0x000000070b800000| Untracked 
|  56|0x000000070ba00000, 0x000000070ba00000, 0x000000070bc00000|  0%| F|  |TAMS 0x000000070ba00000, 0x000000070ba00000| Untracked 
|  57|0x000000070bc00000, 0x000000070bc00000, 0x000000070be00000|  0%| F|  |TAMS 0x000000070bc00000, 0x000000070bc00000| Untracked 
|  58|0x000000070be00000, 0x000000070be00000, 0x000000070c000000|  0%| F|  |TAMS 0x000000070be00000, 0x000000070be00000| Untracked 
|  59|0x000000070c000000, 0x000000070c12b850, 0x000000070c200000| 58%| E|  |TAMS 0x000000070c000000, 0x000000070c000000| Complete 
|  60|0x000000070c200000, 0x000000070c400000, 0x000000070c400000|100%| E|CS|TAMS 0x000000070c200000, 0x000000070c200000| Complete 
|  61|0x000000070c400000, 0x000000070c600000, 0x000000070c600000|100%| E|CS|TAMS 0x000000070c400000, 0x000000070c400000| Complete 
|  62|0x000000070c600000, 0x000000070c800000, 0x000000070c800000|100%| E|CS|TAMS 0x000000070c600000, 0x000000070c600000| Complete 
|  63|0x000000070c800000, 0x000000070ca00000, 0x000000070ca00000|100%| E|CS|TAMS 0x000000070c800000, 0x000000070c800000| Complete 
|  64|0x000000070ca00000, 0x000000070cc00000, 0x000000070cc00000|100%| E|CS|TAMS 0x000000070ca00000, 0x000000070ca00000| Complete 
|  65|0x000000070cc00000, 0x000000070ce00000, 0x000000070ce00000|100%| E|CS|TAMS 0x000000070cc00000, 0x000000070cc00000| Complete 
|  66|0x000000070ce00000, 0x000000070d000000, 0x000000070d000000|100%| E|CS|TAMS 0x000000070ce00000, 0x000000070ce00000| Complete 
|  67|0x000000070d000000, 0x000000070d200000, 0x000000070d200000|100%| E|CS|TAMS 0x000000070d000000, 0x000000070d000000| Complete 
| 119|0x0000000713800000, 0x0000000713a00000, 0x0000000713a00000|100%| E|CS|TAMS 0x0000000713800000, 0x0000000713800000| Complete 
| 125|0x0000000714400000, 0x0000000714600000, 0x0000000714600000|100%| E|CS|TAMS 0x0000000714400000, 0x0000000714400000| Complete 

Card table byte_map: [0x00000114807e0000,0x0000011480fc0000] _byte_map_base: 0x000001147cfbb000

Marking Bits (Prev, Next): (CMBitMap*) 0x00000114ecab97e0, (CMBitMap*) 0x00000114ecab9820
 Prev Bits: [0x00000114817a0000, 0x0000011485678000)
 Next Bits: [0x0000011485680000, 0x0000011489558000)

Polling page: 0x00000114eb190000

Metaspace:

Usage:
  Non-class:     32.19 MB used.
      Class:      3.74 MB used.
       Both:     35.93 MB used.

Virtual space:
  Non-class space:       64.00 MB reserved,      32.31 MB ( 50%) committed,  1 nodes.
      Class space:        1.00 GB reserved,       3.88 MB ( <1%) committed,  1 nodes.
             Both:        1.06 GB reserved,      36.19 MB (  3%) committed. 

Chunk freelists:
   Non-Class:  14.83 MB
       Class:  12.16 MB
        Both:  26.99 MB

MaxMetaspaceSize: unlimited
CompressedClassSpaceSize: 1.00 GB
Initial GC threshold: 21.00 MB
Current GC threshold: 58.69 MB
CDS: off
MetaspaceReclaimPolicy: balanced
 - commit_granule_bytes: 65536.
 - commit_granule_words: 8192.
 - virtual_space_node_default_size: 8388608.
 - enlarge_chunks_in_place: 1.
 - new_chunks_are_fully_committed: 0.
 - uncommit_free_chunks: 1.
 - use_allocation_guard: 0.
 - handle_deallocations: 1.


Internal statistics:

num_allocs_failed_limit: 6.
num_arena_births: 178.
num_arena_deaths: 0.
num_vsnodes_births: 2.
num_vsnodes_deaths: 0.
num_space_committed: 579.
num_space_uncommitted: 0.
num_chunks_returned_to_freelist: 6.
num_chunks_taken_from_freelist: 1152.
num_chunk_merges: 6.
num_chunk_splits: 792.
num_chunks_enlarged: 600.
num_inconsistent_stats: 0.

CodeHeap 'non-profiled nmethods': size=120000Kb used=3463Kb max_used=3463Kb free=116536Kb
 bounds [0x00000114f7c70000, 0x00000114f7ff0000, 0x00000114ff1a0000]
CodeHeap 'profiled nmethods': size=120000Kb used=10480Kb max_used=11621Kb free=109520Kb
 bounds [0x00000114f01a0000, 0x00000114f0d10000, 0x00000114f76d0000]
CodeHeap 'non-nmethods': size=5760Kb used=1247Kb max_used=1293Kb free=4512Kb
 bounds [0x00000114f76d0000, 0x00000114f7940000, 0x00000114f7c70000]
 total_blobs=5724 nmethods=5181 adapters=455
 compilation: enabled
              stopped_count=0, restarted_count=0
 full_count=0

Compilation events (20 events):
Event: 5.331 Thread 0x00000114900a3780 nmethod 6024 0x00000114f05f8690 code [0x00000114f05f8820, 0x00000114f05f8968]
Event: 5.331 Thread 0x00000114900a3780 6025       3       java.nio.CharBuffer::allocate (20 bytes)
Event: 5.332 Thread 0x00000114900a3780 nmethod 6025 0x00000114f0231a10 code [0x00000114f0231bc0, 0x00000114f0231dd8]
Event: 5.339 Thread 0x00000114900a3780 6026       3       java.lang.StringCoding::implEncodeAsciiArray (47 bytes)
Event: 5.340 Thread 0x00000114900a3780 nmethod 6026 0x00000114f0680790 code [0x00000114f0680940, 0x00000114f0680b98]
Event: 5.380 Thread 0x00000114900a2e70 6027       4       java.nio.Buffer::remaining (20 bytes)
Event: 5.380 Thread 0x00000114900a3780 6028       3       java.nio.charset.CharsetDecoder::reset (11 bytes)
Event: 5.380 Thread 0x00000114900a3780 nmethod 6028 0x00000114f0646e90 code [0x00000114f0647020, 0x00000114f0647218]
Event: 5.380 Thread 0x00000114900a3780 6029       3       java.nio.charset.CharsetDecoder::implReset (1 bytes)
Event: 5.380 Thread 0x00000114900a3780 nmethod 6029 0x00000114f0665110 code [0x00000114f06652a0, 0x00000114f06653b8]
Event: 5.381 Thread 0x00000114900a2e70 nmethod 6027 0x00000114f7eeea90 code [0x00000114f7eeec00, 0x00000114f7eeec98]
Event: 5.396 Thread 0x00000114900a2e70 6030       4       java.nio.CharBuffer::hasArray (20 bytes)
Event: 5.396 Thread 0x00000114900a3780 6031       3       java.nio.charset.CharsetDecoder::flush (49 bytes)
Event: 5.396 Thread 0x00000114900a2e70 nmethod 6030 0x00000114f7eee790 code [0x00000114f7eee900, 0x00000114f7eee9b8]
Event: 5.397 Thread 0x00000114900a3780 nmethod 6031 0x00000114f067ff10 code [0x00000114f06800e0, 0x00000114f06804e8]
Event: 5.507 Thread 0x00000114900a2e70 6032       4       java.nio.ByteBuffer::limit (6 bytes)
Event: 5.508 Thread 0x00000114900a2e70 nmethod 6032 0x00000114f7eee390 code [0x00000114f7eee520, 0x00000114f7eee638]
Event: 5.625 Thread 0x00000114900a3780 6033       3       java.nio.CharBuffer::toString (13 bytes)
Event: 5.625 Thread 0x00000114900a3780 nmethod 6033 0x00000114f02fa290 code [0x00000114f02fa440, 0x00000114f02fa648]
Event: 5.625 Thread 0x00000114900a2e70 6034       4       org.fusesource.jansi.io.AnsiOutputStream::write (898 bytes)

GC Heap History (20 events):
Event: 1.011 GC heap before
{Heap before GC invocations=1 (full 0):
 garbage-first heap   total 258048K, used 32743K [0x0000000704a00000, 0x0000000800000000)
  region size 2048K, 16 young (32768K), 2 survivors (4096K)
 Metaspace       used 18887K, committed 19008K, reserved 1114112K
  class space    used 1952K, committed 2048K, reserved 1048576K
}
Event: 1.015 GC heap after
{Heap after GC invocations=2 (full 0):
 garbage-first heap   total 258048K, used 5524K [0x0000000704a00000, 0x0000000800000000)
  region size 2048K, 1 young (2048K), 1 survivors (2048K)
 Metaspace       used 18887K, committed 19008K, reserved 1114112K
  class space    used 1952K, committed 2048K, reserved 1048576K
}
Event: 1.234 GC heap before
{Heap before GC invocations=2 (full 0):
 garbage-first heap   total 258048K, used 15764K [0x0000000704a00000, 0x0000000800000000)
  region size 2048K, 7 young (14336K), 1 survivors (2048K)
 Metaspace       used 21333K, committed 21504K, reserved 1114112K
  class space    used 2250K, committed 2368K, reserved 1048576K
}
Event: 1.237 GC heap after
{Heap after GC invocations=3 (full 0):
 garbage-first heap   total 258048K, used 6482K [0x0000000704a00000, 0x0000000800000000)
  region size 2048K, 2 young (4096K), 2 survivors (4096K)
 Metaspace       used 21333K, committed 21504K, reserved 1114112K
  class space    used 2250K, committed 2368K, reserved 1048576K
}
Event: 1.463 GC heap before
{Heap before GC invocations=4 (full 0):
 garbage-first heap   total 34816K, used 22866K [0x0000000704a00000, 0x0000000800000000)
  region size 2048K, 11 young (22528K), 2 survivors (4096K)
 Metaspace       used 22522K, committed 22720K, reserved 1114112K
  class space    used 2346K, committed 2432K, reserved 1048576K
}
Event: 1.467 GC heap after
{Heap after GC invocations=5 (full 0):
 garbage-first heap   total 34816K, used 8972K [0x0000000704a00000, 0x0000000800000000)
  region size 2048K, 3 young (6144K), 3 survivors (6144K)
 Metaspace       used 22522K, committed 22720K, reserved 1114112K
  class space    used 2346K, committed 2432K, reserved 1048576K
}
Event: 1.563 GC heap before
{Heap before GC invocations=5 (full 0):
 garbage-first heap   total 34816K, used 23308K [0x0000000704a00000, 0x0000000800000000)
  region size 2048K, 10 young (20480K), 3 survivors (6144K)
 Metaspace       used 22738K, committed 22912K, reserved 1114112K
  class space    used 2358K, committed 2432K, reserved 1048576K
}
Event: 1.569 GC heap after
{Heap after GC invocations=6 (full 0):
 garbage-first heap   total 34816K, used 11044K [0x0000000704a00000, 0x0000000800000000)
  region size 2048K, 2 young (4096K), 2 survivors (4096K)
 Metaspace       used 22738K, committed 22912K, reserved 1114112K
  class space    used 2358K, committed 2432K, reserved 1048576K
}
Event: 1.651 GC heap before
{Heap before GC invocations=6 (full 0):
 garbage-first heap   total 34816K, used 21284K [0x0000000704a00000, 0x0000000800000000)
  region size 2048K, 7 young (14336K), 2 survivors (4096K)
 Metaspace       used 22884K, committed 23104K, reserved 1114112K
  class space    used 2368K, committed 2496K, reserved 1048576K
}
Event: 1.654 GC heap after
{Heap after GC invocations=7 (full 0):
 garbage-first heap   total 34816K, used 11891K [0x0000000704a00000, 0x0000000800000000)
  region size 2048K, 1 young (2048K), 1 survivors (2048K)
 Metaspace       used 22884K, committed 23104K, reserved 1114112K
  class space    used 2368K, committed 2496K, reserved 1048576K
}
Event: 1.719 GC heap before
{Heap before GC invocations=7 (full 0):
 garbage-first heap   total 34816K, used 22131K [0x0000000704a00000, 0x0000000800000000)
  region size 2048K, 6 young (12288K), 1 survivors (2048K)
 Metaspace       used 22961K, committed 23168K, reserved 1114112K
  class space    used 2371K, committed 2496K, reserved 1048576K
}
Event: 1.721 GC heap after
{Heap after GC invocations=8 (full 0):
 garbage-first heap   total 34816K, used 12697K [0x0000000704a00000, 0x0000000800000000)
  region size 2048K, 1 young (2048K), 1 survivors (2048K)
 Metaspace       used 22961K, committed 23168K, reserved 1114112K
  class space    used 2371K, committed 2496K, reserved 1048576K
}
Event: 1.788 GC heap before
{Heap before GC invocations=8 (full 0):
 garbage-first heap   total 34816K, used 22937K [0x0000000704a00000, 0x0000000800000000)
  region size 2048K, 6 young (12288K), 1 survivors (2048K)
 Metaspace       used 23089K, committed 23296K, reserved 1114112K
  class space    used 2372K, committed 2496K, reserved 1048576K
}
Event: 1.791 GC heap after
{Heap after GC invocations=9 (full 0):
 garbage-first heap   total 147456K, used 12958K [0x0000000704a00000, 0x0000000800000000)
  region size 2048K, 1 young (2048K), 1 survivors (2048K)
 Metaspace       used 23089K, committed 23296K, reserved 1114112K
  class space    used 2372K, committed 2496K, reserved 1048576K
}
Event: 2.720 GC heap before
{Heap before GC invocations=9 (full 0):
 garbage-first heap   total 147456K, used 98974K [0x0000000704a00000, 0x0000000800000000)
  region size 2048K, 43 young (88064K), 1 survivors (2048K)
 Metaspace       used 29511K, committed 29760K, reserved 1114112K
  class space    used 3097K, committed 3264K, reserved 1048576K
}
Event: 2.727 GC heap after
{Heap after GC invocations=10 (full 0):
 garbage-first heap   total 147456K, used 17451K [0x0000000704a00000, 0x0000000800000000)
  region size 2048K, 3 young (6144K), 3 survivors (6144K)
 Metaspace       used 29511K, committed 29760K, reserved 1114112K
  class space    used 3097K, committed 3264K, reserved 1048576K
}
Event: 3.667 GC heap before
{Heap before GC invocations=10 (full 0):
 garbage-first heap   total 147456K, used 99371K [0x0000000704a00000, 0x0000000800000000)
  region size 2048K, 43 young (88064K), 3 survivors (6144K)
 Metaspace       used 34525K, committed 34816K, reserved 1114112K
  class space    used 3629K, committed 3776K, reserved 1048576K
}
Event: 3.678 GC heap after
{Heap after GC invocations=11 (full 0):
 garbage-first heap   total 147456K, used 32357K [0x0000000704a00000, 0x0000000800000000)
  region size 2048K, 6 young (12288K), 6 survivors (12288K)
 Metaspace       used 34525K, committed 34816K, reserved 1114112K
  class space    used 3629K, committed 3776K, reserved 1048576K
}
Event: 4.195 GC heap before
{Heap before GC invocations=11 (full 0):
 garbage-first heap   total 147456K, used 85605K [0x0000000704a00000, 0x0000000800000000)
  region size 2048K, 33 young (67584K), 6 survivors (12288K)
 Metaspace       used 35655K, committed 35968K, reserved 1114112K
  class space    used 3724K, committed 3904K, reserved 1048576K
}
Event: 4.205 GC heap after
{Heap after GC invocations=12 (full 0):
 garbage-first heap   total 147456K, used 38036K [0x0000000704a00000, 0x0000000800000000)
  region size 2048K, 5 young (10240K), 5 survivors (10240K)
 Metaspace       used 35655K, committed 35968K, reserved 1114112K
  class space    used 3724K, committed 3904K, reserved 1048576K
}

Dll operation events (7 events):
Event: 0.021 Loaded shared library C:\Users\Anushy\Downloads\sts-4.18.1.RELEASE (3)\sts-4.18.1.RELEASE\plugins\org.eclipse.justj.openjdk.hotspot.jre.full.win32.x86_64_17.0.7.v20230425-1502\jre\bin\java.dll
Event: 0.109 Loaded shared library C:\Users\Anushy\Downloads\sts-4.18.1.RELEASE (3)\sts-4.18.1.RELEASE\plugins\org.eclipse.justj.openjdk.hotspot.jre.full.win32.x86_64_17.0.7.v20230425-1502\jre\bin\net.dll
Event: 0.113 Loaded shared library C:\Users\Anushy\Downloads\sts-4.18.1.RELEASE (3)\sts-4.18.1.RELEASE\plugins\org.eclipse.justj.openjdk.hotspot.jre.full.win32.x86_64_17.0.7.v20230425-1502\jre\bin\nio.dll
Event: 0.118 Loaded shared library C:\Users\Anushy\Downloads\sts-4.18.1.RELEASE (3)\sts-4.18.1.RELEASE\plugins\org.eclipse.justj.openjdk.hotspot.jre.full.win32.x86_64_17.0.7.v20230425-1502\jre\bin\zip.dll
Event: 0.259 Loaded shared library C:\Users\Anushy\Downloads\sts-4.18.1.RELEASE (3)\sts-4.18.1.RELEASE\plugins\org.eclipse.justj.openjdk.hotspot.jre.full.win32.x86_64_17.0.7.v20230425-1502\jre\bin\jimage.dll
Event: 0.321 Loaded shared library C:\Users\Anushy\AppData\Local\Temp\jansi-2.4.0-2b8c940d99691136-jansi.dll
Event: 0.330 Loaded shared library C:\Users\Anushy\Downloads\sts-4.18.1.RELEASE (3)\sts-4.18.1.RELEASE\plugins\org.eclipse.justj.openjdk.hotspot.jre.full.win32.x86_64_17.0.7.v20230425-1502\jre\bin\verify.dll

Deoptimization events (20 events):
Event: 4.347 Thread 0x00000114eca51700 Uncommon trap: trap_request=0xffffffde fr.pc=0x00000114f7de1f10 relative=0x00000000000004f0
Event: 4.347 Thread 0x00000114eca51700 Uncommon trap: reason=class_check action=maybe_recompile pc=0x00000114f7de1f10 method=java.util.Collections$UnmodifiableMap$UnmodifiableEntrySet$1.next()Ljava/util/Map$Entry; @ 8 c2
Event: 4.347 Thread 0x00000114eca51700 DEOPT PACKING pc=0x00000114f7de1f10 sp=0x0000000ef0afd740
Event: 4.347 Thread 0x00000114eca51700 DEOPT UNPACKING pc=0x00000114f772a1a3 sp=0x0000000ef0afd6b0 mode 2
Event: 4.347 Thread 0x00000114eca51700 Uncommon trap: trap_request=0xffffffde fr.pc=0x00000114f7de57f0 relative=0x0000000000000070
Event: 4.347 Thread 0x00000114eca51700 Uncommon trap: reason=class_check action=maybe_recompile pc=0x00000114f7de57f0 method=java.util.Collections$UnmodifiableMap$UnmodifiableEntrySet$UnmodifiableEntry.getKey()Ljava/lang/Object; @ 4 c2
Event: 4.347 Thread 0x00000114eca51700 DEOPT PACKING pc=0x00000114f7de57f0 sp=0x0000000ef0afd790
Event: 4.347 Thread 0x00000114eca51700 DEOPT UNPACKING pc=0x00000114f772a1a3 sp=0x0000000ef0afd720 mode 2
Event: 4.347 Thread 0x00000114eca51700 Uncommon trap: trap_request=0xffffffde fr.pc=0x00000114f7de54f0 relative=0x0000000000000070
Event: 4.347 Thread 0x00000114eca51700 Uncommon trap: reason=class_check action=maybe_recompile pc=0x00000114f7de54f0 method=java.util.Collections$UnmodifiableMap$UnmodifiableEntrySet$UnmodifiableEntry.getValue()Ljava/lang/Object; @ 4 c2
Event: 4.347 Thread 0x00000114eca51700 DEOPT PACKING pc=0x00000114f7de54f0 sp=0x0000000ef0afd780
Event: 4.347 Thread 0x00000114eca51700 DEOPT UNPACKING pc=0x00000114f772a1a3 sp=0x0000000ef0afd710 mode 2
Event: 5.279 Thread 0x00000114913a5960 Uncommon trap: trap_request=0xffffff45 fr.pc=0x00000114f7df32dc relative=0x00000000000007fc
Event: 5.279 Thread 0x00000114913a5960 Uncommon trap: reason=unstable_if action=reinterpret pc=0x00000114f7df32dc method=java.util.StringTokenizer.nextToken()Ljava/lang/String; @ 5 c2
Event: 5.279 Thread 0x00000114913a5960 DEOPT PACKING pc=0x00000114f7df32dc sp=0x0000000ef2fff450
Event: 5.279 Thread 0x00000114913a5960 DEOPT UNPACKING pc=0x00000114f772a1a3 sp=0x0000000ef2fff420 mode 2
Event: 5.625 Thread 0x00000114913a4620 Uncommon trap: trap_request=0xffffff45 fr.pc=0x00000114f7cd08e0 relative=0x0000000000001e20
Event: 5.625 Thread 0x00000114913a4620 Uncommon trap: reason=unstable_if action=reinterpret pc=0x00000114f7cd08e0 method=java.io.BufferedReader.readLine(Z[Z)Ljava/lang/String; @ 209 c2
Event: 5.625 Thread 0x00000114913a4620 DEOPT PACKING pc=0x00000114f7cd08e0 sp=0x0000000ef32ff2c0
Event: 5.625 Thread 0x00000114913a4620 DEOPT UNPACKING pc=0x00000114f772a1a3 sp=0x0000000ef32ff290 mode 2

Classes unloaded (0 events):
No events

Classes redefined (0 events):
No events

Internal exceptions (20 events):
Event: 3.971 Thread 0x00000114eca51700 Exception <a 'sun/nio/fs/WindowsException'{0x000000070bac15c0}> (0x000000070bac15c0) 
thrown [s\src\hotspot\share\prims\jni.cpp, line 516]
Event: 3.971 Thread 0x00000114eca51700 Exception <a 'sun/nio/fs/WindowsException'{0x000000070bad0270}> (0x000000070bad0270) 
thrown [s\src\hotspot\share\prims\jni.cpp, line 516]
Event: 3.972 Thread 0x00000114eca51700 Exception <a 'sun/nio/fs/WindowsException'{0x000000070bad0558}> (0x000000070bad0558) 
thrown [s\src\hotspot\share\prims\jni.cpp, line 516]
Event: 3.972 Thread 0x00000114eca51700 Exception <a 'sun/nio/fs/WindowsException'{0x000000070baf7b08}> (0x000000070baf7b08) 
thrown [s\src\hotspot\share\prims\jni.cpp, line 516]
Event: 3.972 Thread 0x00000114eca51700 Exception <a 'sun/nio/fs/WindowsException'{0x000000070baf7e38}> (0x000000070baf7e38) 
thrown [s\src\hotspot\share\prims\jni.cpp, line 516]
Event: 3.972 Thread 0x00000114eca51700 Exception <a 'sun/nio/fs/WindowsException'{0x000000070baf8e08}> (0x000000070baf8e08) 
thrown [s\src\hotspot\share\prims\jni.cpp, line 516]
Event: 3.973 Thread 0x00000114eca51700 Exception <a 'sun/nio/fs/WindowsException'{0x000000070baf91f8}> (0x000000070baf91f8) 
thrown [s\src\hotspot\share\prims\jni.cpp, line 516]
Event: 3.983 Thread 0x00000114eca51700 Exception <a 'sun/nio/fs/WindowsException'{0x000000070b9c52a8}> (0x000000070b9c52a8) 
thrown [s\src\hotspot\share\prims\jni.cpp, line 516]
Event: 3.983 Thread 0x00000114eca51700 Exception <a 'sun/nio/fs/WindowsException'{0x000000070b9c59b0}> (0x000000070b9c59b0) 
thrown [s\src\hotspot\share\prims\jni.cpp, line 516]
Event: 3.983 Thread 0x00000114eca51700 Exception <a 'sun/nio/fs/WindowsException'{0x000000070b9c5f70}> (0x000000070b9c5f70) 
thrown [s\src\hotspot\share\prims\jni.cpp, line 516]
Event: 3.983 Thread 0x00000114eca51700 Exception <a 'sun/nio/fs/WindowsException'{0x000000070b9c6668}> (0x000000070b9c6668) 
thrown [s\src\hotspot\share\prims\jni.cpp, line 516]
Event: 3.983 Thread 0x00000114eca51700 Exception <a 'sun/nio/fs/WindowsException'{0x000000070b9c68f8}> (0x000000070b9c68f8) 
thrown [s\src\hotspot\share\prims\jni.cpp, line 516]
Event: 3.983 Thread 0x00000114eca51700 Exception <a 'sun/nio/fs/WindowsException'{0x000000070b9c7560}> (0x000000070b9c7560) 
thrown [s\src\hotspot\share\prims\jni.cpp, line 516]
Event: 4.115 Thread 0x00000114eca51700 Exception <a 'java/lang/NoSuchMethodError'{0x000000070a8a7618}: 'java.lang.String org.apache.maven.execution.MavenExecutionRequest.getFailureBehavior()'> (0x000000070a8a7618) 
thrown [s\src\hotspot\share\interpreter\linkResolver.cpp, line 855]
Event: 4.116 Thread 0x00000114917e6c10 Exception <a 'java/lang/NoSuchMethodError'{0x000000070ab46da8}: 'java.lang.Object java.lang.invoke.DirectMethodHandle$Holder.invokeStaticInit(java.lang.Object, java.lang.Object, long, java.lang.Object)'> (0x000000070ab46da8) 
thrown [s\src\hotspot\share\interpreter\linkResolver.cpp, line 759]
Event: 4.117 Thread 0x00000114917e6c10 Exception <a 'java/lang/NoSuchMethodError'{0x000000070ab4d4e8}: 'java.lang.Object java.lang.invoke.DirectMethodHandle$Holder.newInvokeSpecial(java.lang.Object, java.lang.Object, long)'> (0x000000070ab4d4e8) 
thrown [s\src\hotspot\share\interpreter\linkResolver.cpp, line 759]
Event: 4.117 Thread 0x00000114917e6c10 Exception <a 'java/lang/NoSuchMethodError'{0x000000070ab51058}: 'java.lang.Object java.lang.invoke.Invokers$Holder.linkToTargetMethod(java.lang.Object, long, java.lang.Object)'> (0x000000070ab51058) 
thrown [s\src\hotspot\share\interpreter\linkResolver.cpp, line 759]
Event: 4.177 Thread 0x00000114eca51700 Exception <a 'java/lang/NoSuchMethodError'{0x000000070a9e85d0}: 'java.lang.Object java.lang.invoke.DirectMethodHandle$Holder.invokeStaticInit(java.lang.Object, java.lang.Object, int, int, int, int)'> (0x000000070a9e85d0) 
thrown [s\src\hotspot\share\interpreter\linkResolver.cpp, line 759]
Event: 4.419 Thread 0x00000114eca51700 Exception <a 'java/lang/NoSuchMethodError'{0x000000070c34e570}: 'void java.lang.invoke.DirectMethodHandle$Holder.invokeStatic(java.lang.Object, long)'> (0x000000070c34e570) 
thrown [s\src\hotspot\share\interpreter\linkResolver.cpp, line 759]
Event: 4.420 Thread 0x00000114eca51700 Exception <a 'java/lang/NoSuchMethodError'{0x000000070c353bc0}: 'java.lang.Object java.lang.invoke.DirectMethodHandle$Holder.newInvokeSpecial(java.lang.Object, long)'> (0x000000070c353bc0) 
thrown [s\src\hotspot\share\interpreter\linkResolver.cpp, line 759]

VM Operations (20 events):
Event: 3.631 Executing VM operation: HandshakeAllThreads
Event: 3.631 Executing VM operation: HandshakeAllThreads done
Event: 3.633 Executing VM operation: ICBufferFull
Event: 3.633 Executing VM operation: ICBufferFull done
Event: 3.666 Executing VM operation: G1CollectForAllocation
Event: 3.678 Executing VM operation: G1CollectForAllocation done
Event: 4.104 Executing VM operation: HandshakeAllThreads
Event: 4.105 Executing VM operation: HandshakeAllThreads done
Event: 4.195 Executing VM operation: CollectForMetadataAllocation
Event: 4.205 Executing VM operation: CollectForMetadataAllocation done
Event: 4.224 Executing VM operation: G1Concurrent
Event: 4.227 Executing VM operation: G1Concurrent done
Event: 4.234 Executing VM operation: G1Concurrent
Event: 4.235 Executing VM operation: G1Concurrent done
Event: 4.305 Executing VM operation: HandshakeAllThreads
Event: 4.306 Executing VM operation: HandshakeAllThreads done
Event: 4.421 Executing VM operation: HandshakeAllThreads
Event: 4.421 Executing VM operation: HandshakeAllThreads done
Event: 5.425 Executing VM operation: Cleanup
Event: 5.425 Executing VM operation: Cleanup done

Events (20 events):
Event: 4.420 loading class java/lang/ProcessImpl$2 done
Event: 4.420 loading class java/lang/Process$PipeInputStream
Event: 4.420 loading class java/lang/Process$PipeInputStream done
Event: 4.421 loading class jdk/internal/event/ProcessStartEvent
Event: 4.421 loading class jdk/internal/event/ProcessStartEvent done
Event: 4.424 Thread 0x00000114913a32e0 Thread added: 0x00000114913a32e0
Event: 4.424 Thread 0x00000114913a4620 Thread added: 0x00000114913a4620
Event: 4.424 Thread 0x00000114913a37b0 Thread added: 0x00000114913a37b0
Event: 4.802 Thread 0x000001149143f060 Thread exited: 0x000001149143f060
Event: 5.013 Thread 0x000001149067a060 Thread exited: 0x000001149067a060
Event: 5.278 loading class java/io/SequenceInputStream
Event: 5.278 loading class java/io/SequenceInputStream done
Event: 5.331 loading class sun/nio/cs/ThreadLocalCoders
Event: 5.331 loading class sun/nio/cs/ThreadLocalCoders done
Event: 5.331 loading class sun/nio/cs/ThreadLocalCoders$1
Event: 5.331 loading class sun/nio/cs/ThreadLocalCoders$Cache
Event: 5.331 loading class sun/nio/cs/ThreadLocalCoders$Cache done
Event: 5.331 loading class sun/nio/cs/ThreadLocalCoders$1 done
Event: 5.331 loading class sun/nio/cs/ThreadLocalCoders$2
Event: 5.331 loading class sun/nio/cs/ThreadLocalCoders$2 done


Dynamic libraries:
0x00007ff7daed0000 - 0x00007ff7daede000 	C:\Users\Anushy\Downloads\sts-4.18.1.RELEASE (3)\sts-4.18.1.RELEASE\plugins\org.eclipse.justj.openjdk.hotspot.jre.full.win32.x86_64_17.0.7.v20230425-1502\jre\bin\javaw.exe
0x00007ffc7aed0000 - 0x00007ffc7b0e7000 	C:\Windows\SYSTEM32\ntdll.dll
0x00007ffc79c80000 - 0x00007ffc79d44000 	C:\Windows\System32\KERNEL32.DLL
0x00007ffc78880000 - 0x00007ffc78c26000 	C:\Windows\System32\KERNELBASE.dll
0x00007ffc783f0000 - 0x00007ffc78501000 	C:\Windows\System32\ucrtbase.dll
0x00007ffc4dea0000 - 0x00007ffc4deb7000 	C:\Users\Anushy\Downloads\sts-4.18.1.RELEASE (3)\sts-4.18.1.RELEASE\plugins\org.eclipse.justj.openjdk.hotspot.jre.full.win32.x86_64_17.0.7.v20230425-1502\jre\bin\jli.dll
0x00007ffc4ddf0000 - 0x00007ffc4de09000 	C:\Users\Anushy\Downloads\sts-4.18.1.RELEASE (3)\sts-4.18.1.RELEASE\plugins\org.eclipse.justj.openjdk.hotspot.jre.full.win32.x86_64_17.0.7.v20230425-1502\jre\bin\VCRUNTIME140.dll
0x00007ffc79900000 - 0x00007ffc79aad000 	C:\Windows\System32\USER32.dll
0x00007ffc783c0000 - 0x00007ffc783e6000 	C:\Windows\System32\win32u.dll
0x00007ffc79470000 - 0x00007ffc79499000 	C:\Windows\System32\GDI32.dll
0x00007ffc5d7c0000 - 0x00007ffc5da53000 	C:\Windows\WinSxS\amd64_microsoft.windows.common-controls_6595b64144ccf1df_6.0.22621.2361_none_2712ced57382f843\COMCTL32.dll
0x00007ffc786e0000 - 0x00007ffc787f8000 	C:\Windows\System32\gdi32full.dll
0x00007ffc7a160000 - 0x00007ffc7a207000 	C:\Windows\System32\msvcrt.dll
0x00007ffc78580000 - 0x00007ffc7861a000 	C:\Windows\System32\msvcp_win.dll
0x00007ffc79610000 - 0x00007ffc79641000 	C:\Windows\System32\IMM32.DLL
0x00000114eb1b0000 - 0x00000114eb1c4000 	C:\Windows\System32\umppc17213.dll
0x00007ffc77270000 - 0x00007ffc77380000 	C:\Program Files\Avecto\Privilege Guard Client\PGHook.dll
0x00007ffc79660000 - 0x00007ffc79710000 	C:\Windows\System32\ADVAPI32.dll
0x00007ffc79d50000 - 0x00007ffc79df6000 	C:\Windows\System32\sechost.dll
0x00007ffc79e60000 - 0x00007ffc79f77000 	C:\Windows\System32\RPCRT4.dll
0x00007ffc5d010000 - 0x00007ffc5d01c000 	C:\Users\Anushy\Downloads\sts-4.18.1.RELEASE (3)\sts-4.18.1.RELEASE\plugins\org.eclipse.justj.openjdk.hotspot.jre.full.win32.x86_64_17.0.7.v20230425-1502\jre\bin\vcruntime140_1.dll
0x00007ffc3f800000 - 0x00007ffc3f891000 	C:\Users\Anushy\Downloads\sts-4.18.1.RELEASE (3)\sts-4.18.1.RELEASE\plugins\org.eclipse.justj.openjdk.hotspot.jre.full.win32.x86_64_17.0.7.v20230425-1502\jre\bin\msvcp140.dll
0x00007ffbf51e0000 - 0x00007ffbf5e28000 	C:\Users\Anushy\Downloads\sts-4.18.1.RELEASE (3)\sts-4.18.1.RELEASE\plugins\org.eclipse.justj.openjdk.hotspot.jre.full.win32.x86_64_17.0.7.v20230425-1502\jre\bin\server\jvm.dll
0x00007ffc53810000 - 0x00007ffc53819000 	C:\Windows\SYSTEM32\WSOCK32.dll
0x00007ffc7a550000 - 0x00007ffc7a5c1000 	C:\Windows\System32\WS2_32.dll
0x00007ffc6cde0000 - 0x00007ffc6ce14000 	C:\Windows\SYSTEM32\WINMM.dll
0x00007ffc68370000 - 0x00007ffc6837a000 	C:\Windows\SYSTEM32\VERSION.dll
0x00007ffc77110000 - 0x00007ffc77128000 	C:\Windows\SYSTEM32\kernel.appcore.dll
0x00007ffc6ee90000 - 0x00007ffc6ee9a000 	C:\Users\Anushy\Downloads\sts-4.18.1.RELEASE (3)\sts-4.18.1.RELEASE\plugins\org.eclipse.justj.openjdk.hotspot.jre.full.win32.x86_64_17.0.7.v20230425-1502\jre\bin\jimage.dll
0x00007ffc754e0000 - 0x00007ffc7570e000 	C:\Windows\SYSTEM32\DBGHELP.DLL
0x00007ffc78c30000 - 0x00007ffc78fba000 	C:\Windows\System32\combase.dll
0x00007ffc79f80000 - 0x00007ffc7a057000 	C:\Windows\System32\OLEAUT32.dll
0x00007ffc5c9c0000 - 0x00007ffc5c9f2000 	C:\Windows\SYSTEM32\dbgcore.DLL
0x00007ffc78800000 - 0x00007ffc7887a000 	C:\Windows\System32\bcryptPrimitives.dll
0x00007ffc46450000 - 0x00007ffc46475000 	C:\Users\Anushy\Downloads\sts-4.18.1.RELEASE (3)\sts-4.18.1.RELEASE\plugins\org.eclipse.justj.openjdk.hotspot.jre.full.win32.x86_64_17.0.7.v20230425-1502\jre\bin\java.dll
0x00007ffc5c710000 - 0x00007ffc5c728000 	C:\Users\Anushy\Downloads\sts-4.18.1.RELEASE (3)\sts-4.18.1.RELEASE\plugins\org.eclipse.justj.openjdk.hotspot.jre.full.win32.x86_64_17.0.7.v20230425-1502\jre\bin\zip.dll
0x00007ffc7a630000 - 0x00007ffc7ae88000 	C:\Windows\System32\SHELL32.dll
0x00007ffc75f00000 - 0x00007ffc767f2000 	C:\Windows\SYSTEM32\windows.storage.dll
0x00007ffc75dc0000 - 0x00007ffc75efe000 	C:\Windows\SYSTEM32\wintypes.dll
0x00007ffc7a220000 - 0x00007ffc7a313000 	C:\Windows\System32\SHCORE.dll
0x00007ffc79e00000 - 0x00007ffc79e5e000 	C:\Windows\System32\shlwapi.dll
0x00007ffc78180000 - 0x00007ffc781a6000 	C:\Windows\SYSTEM32\profapi.dll
0x00007ffc57930000 - 0x00007ffc57949000 	C:\Users\Anushy\Downloads\sts-4.18.1.RELEASE (3)\sts-4.18.1.RELEASE\plugins\org.eclipse.justj.openjdk.hotspot.jre.full.win32.x86_64_17.0.7.v20230425-1502\jre\bin\net.dll
0x00007ffc77130000 - 0x00007ffc77267000 	C:\Windows\SYSTEM32\WINHTTP.dll
0x00007ffc77850000 - 0x00007ffc778b9000 	C:\Windows\system32\mswsock.dll
0x00007ffc527b0000 - 0x00007ffc527c5000 	C:\Users\Anushy\Downloads\sts-4.18.1.RELEASE (3)\sts-4.18.1.RELEASE\plugins\org.eclipse.justj.openjdk.hotspot.jre.full.win32.x86_64_17.0.7.v20230425-1502\jre\bin\nio.dll
0x0000000000dc0000 - 0x0000000000de4000 	C:\Users\Anushy\AppData\Local\Temp\jansi-2.4.0-2b8c940d99691136-jansi.dll
0x00007ffc5d320000 - 0x00007ffc5d330000 	C:\Users\Anushy\Downloads\sts-4.18.1.RELEASE (3)\sts-4.18.1.RELEASE\plugins\org.eclipse.justj.openjdk.hotspot.jre.full.win32.x86_64_17.0.7.v20230425-1502\jre\bin\verify.dll
0x00007ffc76920000 - 0x00007ffc7694d000 	C:\Windows\SYSTEM32\IPHLPAPI.DLL
0x00007ffc79ab0000 - 0x00007ffc79ab9000 	C:\Windows\System32\NSI.dll
0x00007ffc6f0c0000 - 0x00007ffc6f0d9000 	C:\Windows\SYSTEM32\dhcpcsvc6.DLL
0x00007ffc6f0a0000 - 0x00007ffc6f0bf000 	C:\Windows\SYSTEM32\dhcpcsvc.DLL
0x00007ffc76950000 - 0x00007ffc76a49000 	C:\Windows\SYSTEM32\DNSAPI.dll
0x00007ffc77aa0000 - 0x00007ffc77abb000 	C:\Windows\SYSTEM32\CRYPTSP.dll
0x00007ffc77070000 - 0x00007ffc770a5000 	C:\Windows\system32\rsaenh.dll
0x00007ffc77940000 - 0x00007ffc7796c000 	C:\Windows\SYSTEM32\USERENV.dll
0x00007ffc77c10000 - 0x00007ffc77c38000 	C:\Windows\SYSTEM32\bcrypt.dll
0x00007ffc77ac0000 - 0x00007ffc77acc000 	C:\Windows\SYSTEM32\CRYPTBASE.dll
0x00007ffc79650000 - 0x00007ffc79658000 	C:\Windows\System32\psapi.dll

dbghelp: loaded successfully - version: 4.0.5 - missing functions: none
symbol engine: initialized successfully - sym options: 0x614 - pdb path: .;C:\Users\Anushy\Downloads\sts-4.18.1.RELEASE (3)\sts-4.18.1.RELEASE\plugins\org.eclipse.justj.openjdk.hotspot.jre.full.win32.x86_64_17.0.7.v20230425-1502\jre\bin;C:\Windows\SYSTEM32;C:\Windows\WinSxS\amd64_microsoft.windows.common-controls_6595b64144ccf1df_6.0.22621.2361_none_2712ced57382f843;C:\Program Files\Avecto\Privilege Guard Client;C:\Users\Anushy\Downloads\sts-4.18.1.RELEASE (3)\sts-4.18.1.RELEASE\plugins\org.eclipse.justj.openjdk.hotspot.jre.full.win32.x86_64_17.0.7.v20230425-1502\jre\bin\server;C:\Users\Anushy\AppData\Local\Temp

VM Arguments:
jvm_args: -Dmaven.home=EMBEDDED -Dclassworlds.conf=C:\JavaTrainingGCP\.metadata\.plugins\org.eclipse.m2e.launching\launches\m2conf7449482165552923031.tmp -Dmaven.multiModuleProjectDirectory=C:\JavaTrainingGCP\46331360Product -Dm2e.build.project.data.socket.port=54128 -Dfile.encoding=UTF-8 -XX:+ShowCodeDetailsInExceptionMessages 
java_command: org.codehaus.plexus.classworlds.launcher.Launcher -Ppom.xml -B -Dstyle.color=always clean install
java_class_path (initial): C:\Users\Anushy\Downloads\sts-4.18.1.RELEASE (3)\sts-4.18.1.RELEASE\plugins\org.eclipse.m2e.maven.runtime_3.8.701.20230209-1606\jars\plexus-classworlds-2.6.0.jar
Launcher Type: SUN_STANDARD

[Global flags]
     intx CICompilerCount                          = 4                                         {product} {ergonomic}
     uint ConcGCThreads                            = 2                                         {product} {ergonomic}
     uint G1ConcRefinementThreads                  = 8                                         {product} {ergonomic}
   size_t G1HeapRegionSize                         = 2097152                                   {product} {ergonomic}
    uintx GCDrainStackTargetSize                   = 64                                        {product} {ergonomic}
   size_t InitialHeapSize                          = 264241152                                 {product} {ergonomic}
   size_t MarkStackSize                            = 4194304                                   {product} {ergonomic}
   size_t MaxHeapSize                              = 4217372672                                {product} {ergonomic}
   size_t MaxNewSize                               = 2529165312                                {product} {ergonomic}
   size_t MinHeapDeltaBytes                        = 2097152                                   {product} {ergonomic}
   size_t MinHeapSize                              = 8388608                                   {product} {ergonomic}
    uintx NonNMethodCodeHeapSize                   = 5839372                                {pd product} {ergonomic}
    uintx NonProfiledCodeHeapSize                  = 122909434                              {pd product} {ergonomic}
    uintx ProfiledCodeHeapSize                     = 122909434                              {pd product} {ergonomic}
    uintx ReservedCodeCacheSize                    = 251658240                              {pd product} {ergonomic}
     bool SegmentedCodeCache                       = true                                      {product} {ergonomic}
     bool ShowCodeDetailsInExceptionMessages       = true                                   {manageable} {command line}
   size_t SoftMaxHeapSize                          = 4217372672                             {manageable} {ergonomic}
     bool UseCompressedClassPointers               = true                           {product lp64_product} {ergonomic}
     bool UseCompressedOops                        = true                           {product lp64_product} {ergonomic}
     bool UseG1GC                                  = true                                      {product} {ergonomic}
     bool UseLargePagesIndividualAllocation        = false                                  {pd product} {ergonomic}

Logging:
Log output configuration:
 #0: stdout all=warning uptime,level,tags
 #1: stderr all=off uptime,level,tags

Environment Variables:
PATH=C:/Users/Anushy/Downloads/sts-4.18.1.RELEASE (3)/sts-4.18.1.RELEASE//plugins/org.eclipse.justj.openjdk.hotspot.jre.full.win32.x86_64_17.0.7.v20230425-1502/jre/bin/server;C:/Users/Anushy/Downloads/sts-4.18.1.RELEASE (3)/sts-4.18.1.RELEASE//plugins/org.eclipse.justj.openjdk.hotspot.jre.full.win32.x86_64_17.0.7.v20230425-1502/jre/bin;C:\Program Files\Eclipse Adoptium\jdk-17.0.7.7-hotspot\bin;C:\Program Files\Eclipse Adoptium\jdk-19.0.2.7-hotspot\bin;C:\Windows\system32;C:\Windows;C:\Windows\System32\Wbem;C:\Windows\System32\WindowsPowerShell\v1.0\;C:\Windows\System32\OpenSSH\;C:\Program Files\Git\cmd;C:\Users\Anushy\AppData\Local\Microsoft\WindowsApps;;C:\Users\Anushy\Downloads\sts-4.18.1.RELEASE (3)\sts-4.18.1.RELEASE;
USERNAME=anushy
OS=Windows_NT
PROCESSOR_IDENTIFIER=Intel64 Family 6 Model 140 Stepping 1, GenuineIntel
TMP=C:\Users\Anushy\AppData\Local\Temp
TEMP=C:\Users\Anushy\AppData\Local\Temp



---------------  S Y S T E M  ---------------

OS:
 Windows 11 , 64 bit Build 22621 (10.0.22621.2428)
OS uptime: 0 days 7:39 hours

CPU: total 8 (initial active 8) (4 cores per cpu, 2 threads per core) family 6 model 140 stepping 1 microcode 0x86, cx8, cmov, fxsr, ht, mmx, 3dnowpref, sse, sse2, sse3, ssse3, sse4.1, sse4.2, popcnt, lzcnt, tsc, tscinvbit, avx, avx2, aes, erms, clmul, bmi1, bmi2, adx, avx512f, avx512dq, avx512cd, avx512bw, avx512vl, sha, fma, vzeroupper, avx512_vpopcntdq, avx512_vpclmulqdq, avx512_vaes, avx512_vnni, clflush, clflushopt, clwb, avx512_vbmi2, avx512_vbmi

Memory: 4k page, system-wide physical 16086M (5848M free)
TotalPageFile size 17110M (AvailPageFile size 5218M)
current process WorkingSet (physical memory assigned to process): 239M, peak: 272M
current process commit charge ("private bytes"): 291M, peak: 375M

vm_info: OpenJDK 64-Bit Server VM (17.0.7+7) for windows-amd64 JRE (17.0.7+7), built on Apr 18 2023 22:10:42 by "temurin" with MS VC++ 16.7 (VS2019)

END.
