#
# A fatal error has been detected by the Java Runtime Environment:
#
#  EXCEPTION_ACCESS_VIOLATION (0xc0000005) at pc=0x00007ffbf54293fc, pid=15860, tid=12028
#
# JRE version: OpenJDK Runtime Environment Temurin-17.0.7+7 (17.0.7+7) (build 17.0.7+7)
# Java VM: OpenJDK 64-Bit Server VM Temurin-17.0.7+7 (17.0.7+7, mixed mode, tiered, compressed oops, compressed class ptrs, g1 gc, windows-amd64)
# Problematic frame:
# V  [jvm.dll+0x2493fc]
#
# No core dump will be written. Minidumps are not enabled by default on client versions of Windows
#
# If you would like to submit a bug report, please visit:
#   https://github.com/adoptium/adoptium-support/issues
#

---------------  S U M M A R Y ------------

Command Line: C:\Users\Anushy\AppData\Local\Temp\surefire10862444974468931362\surefirebooter2877378766881402768.jar C:\Users\Anushy\AppData\Local\Temp\surefire10862444974468931362 2023-10-24T22-15-30_902-jvmRun1 surefire7024424943096894500tmp surefire_018180565830852522560tmp

Host: 11th Gen Intel(R) Core(TM) i5-1135G7 @ 2.40GHz, 8 cores, 15G,  Windows 11 , 64 bit Build 22621 (10.0.22621.2428)
Time: Tue Oct 24 22:15:31 2023 India Standard Time elapsed time: 0.583939 seconds (0d 0h 0m 0s)

---------------  T H R E A D  ---------------

Current thread (0x000002302f24e010):  JavaThread "C1 CompilerThread0" daemon [_thread_in_native, id=12028, stack(0x00000052fb200000,0x00000052fb300000)]


Current CompileTask:
C1:    584  989       3       jdk.internal.org.objectweb.asm.MethodWriter::putMethodInfo (1274 bytes)

Stack: [0x00000052fb200000,0x00000052fb300000],  sp=0x00000052fb2fed60,  free space=1019k
Native frames: (J=compiled Java code, j=interpreted, Vv=VM code, C=native code)
V  [jvm.dll+0x2493fc]
V  [jvm.dll+0x248e89]
V  [jvm.dll+0x14b55a]
V  [jvm.dll+0x14b4e5]
V  [jvm.dll+0x1514a7]
V  [jvm.dll+0x133891]
V  [jvm.dll+0x152532]
V  [jvm.dll+0x1358e3]
V  [jvm.dll+0x13542a]
V  [jvm.dll+0x135616]
V  [jvm.dll+0x134aaa]
V  [jvm.dll+0x136771]
V  [jvm.dll+0x2284da]
V  [jvm.dll+0x226615]
V  [jvm.dll+0x7ea90b]
V  [jvm.dll+0x7e4e7a]
V  [jvm.dll+0x676395]
C  [ucrtbase.dll+0x29363]
C  [KERNEL32.DLL+0x1257d]
C  [ntdll.dll+0x5aa78]


siginfo: EXCEPTION_ACCESS_VIOLATION (0xc0000005), reading address 0x000002622fd1e7a0


Register to memory mapping:

RIP=0x00007ffbf54293fc jvm.dll
RAX=0x000002302fd1f310 points into unknown readable memory: 0x000002300e513270 | 70 32 51 0e 30 02 00 00
RBX=0x000002302fd1f2f0 points into unknown readable memory: 0x0000000300000003 | 03 00 00 00 03 00 00 00
RCX=0x000002622fd1e7a0 is an unknown value
RDX=0x000002302f710bf0 points into unknown readable memory: 0x000002302f710c10 | 10 0c 71 2f 30 02 00 00
RSP=0x00000052fb2fed60 is pointing into the stack for thread: 0x000002302f24e010
RBP=0x000002302f24e650 points into unknown readable memory: 0x000002302f713d90 | 90 3d 71 2f 30 02 00 00
RSI=0x0000000000000008 is an unknown value
RDI=0x0000000000000001 is an unknown value
R8 =0x00000000000003cb is an unknown value
R9 =0x000002302fdf25c0 points into unknown readable memory: 0x0000000600000082 | 82 00 00 00 06 00 00 00
R10=0x0000000000000006 is an unknown value
R11=0x00000052fb2feda0 is pointing into the stack for thread: 0x000002302f24e010
R12=0x000002302ed2b8c0 points into unknown readable memory: 0x00007ffbf5b00490 | 90 04 b0 f5 fb 7f 00 00
R13=0x00000052fb2ff790 is pointing into the stack for thread: 0x000002302f24e010
R14=0x00000000000003ca is an unknown value
R15=0x0000000000000001 is an unknown value


Registers:
RAX=0x000002302fd1f310, RBX=0x000002302fd1f2f0, RCX=0x000002622fd1e7a0, RDX=0x000002302f710bf0
RSP=0x00000052fb2fed60, RBP=0x000002302f24e650, RSI=0x0000000000000008, RDI=0x0000000000000001
R8 =0x00000000000003cb, R9 =0x000002302fdf25c0, R10=0x0000000000000006, R11=0x00000052fb2feda0
R12=0x000002302ed2b8c0, R13=0x00000052fb2ff790, R14=0x00000000000003ca, R15=0x0000000000000001
RIP=0x00007ffbf54293fc, EFLAGS=0x0000000000010293

Top of Stack: (sp=0x00000052fb2fed60)
0x00000052fb2fed60:   0000000000000000 000002302fd1f2f0
0x00000052fb2fed70:   000002302fd1f2f0 000000000000007d
0x00000052fb2fed80:   000002302f24e650 00007ffbf5428e89
0x00000052fb2fed90:   000002302fd1f330 0000000000000010
0x00000052fb2feda0:   0000000000002258 000002302fd52750
0x00000052fb2fedb0:   0000000000000010 00007ffbf532b55a
0x00000052fb2fedc0:   000002302fd52750 000002302f24e650
0x00000052fb2fedd0:   000002302fd1f330 00007ffbf5a80088
0x00000052fb2fede0:   000002302fdf6400 00007ffbf53e2122
0x00000052fb2fedf0:   000002302fdf9c30 00007ffbf541a118
0x00000052fb2fee00:   000002302f24e650 00007ffbf5844336
0x00000052fb2fee10:   0000000000002258 00000230345b9140
0x00000052fb2fee20:   0000000000000030 00007ffbf5428d29
0x00000052fb2fee30:   000002302fdf9c30 00007ffbf5428d77
0x00000052fb2fee40:   000002302fdf9c20 00000052fb2fefe0
0x00000052fb2fee50:   000002301b3f8f10 000002302f24e650 

Instructions: (pc=0x00007ffbf54293fc)
0x00007ffbf54292fc:   24 68 48 8b 7c 24 60 48 63 ce 48 8b 74 24 58 48
0x00007ffbf542930c:   8b 14 c8 48 3b d3 74 0d 48 89 5d 28 8b 02 48 83
0x00007ffbf542931c:   c4 38 5d 5b c3 33 c0 48 83 c4 38 5d 5b c3 cc cc
0x00007ffbf542932c:   cc cc cc cc 40 53 48 83 ec 20 8b 51 44 48 8b d9
0x00007ffbf542933c:   85 d2 7f 27 4c 8d 0d 61 f3 6d 00 ba c1 00 00 00
0x00007ffbf542934c:   4c 8d 05 7d f3 6d 00 48 8d 0d 9e f3 6d 00 e8 b1
0x00007ffbf542935c:   d4 ff ff e8 fc dc 42 00 8b 53 44 48 8b 43 38 48
0x00007ffbf542936c:   63 ca 48 03 c9 81 7c c8 f0 ff ff ff 7f 74 10 ba
0x00007ffbf542937c:   ff ff ff 7f 48 8b cb e8 28 f9 ff ff 8b 53 44 c1
0x00007ffbf542938c:   e2 04 8b c2 48 83 c4 20 5b c3 cc cc cc cc cc cc
0x00007ffbf542939c:   cc cc cc cc 48 89 5c 24 20 55 48 83 ec 20 48 8b
0x00007ffbf54293ac:   da 48 8b e9 48 85 d2 0f 84 8c 00 00 00 8b 12 85
0x00007ffbf54293bc:   d2 0f 84 82 00 00 00 48 8b 49 10 48 89 7c 24 38
0x00007ffbf54293cc:   4c 89 74 24 40 44 8b 71 08 e8 d6 49 fa ff 33 ff
0x00007ffbf54293dc:   39 3b 7e 31 48 89 74 24 30 8b f7 66 0f 1f 84 00
0x00007ffbf54293ec:   00 00 00 00 48 8b 43 08 48 8b 55 10 48 8b 0c 06
0x00007ffbf54293fc:   48 8b 01 ff 50 48 ff c7 48 8d 76 08 3b 3b 7c e4
0x00007ffbf542940c:   48 8b 74 24 30 41 8b d6 48 8b cd e8 94 fd ff ff
0x00007ffbf542941c:   48 8b 7c 24 38 8b c8 85 c0 74 0b 48 8b 45 10 44
0x00007ffbf542942c:   89 70 08 44 8b f1 41 8b c6 4c 8b 74 24 40 48 8b
0x00007ffbf542943c:   5c 24 48 48 83 c4 20 5d c3 48 8b 5c 24 48 33 c0
0x00007ffbf542944c:   48 83 c4 20 5d c3 cc cc cc cc cc cc cc cc cc cc
0x00007ffbf542945c:   cc cc cc cc 0f b6 44 24 30 88 44 24 28 e9 e2 d8
0x00007ffbf542946c:   55 00 cc cc e9 8b da 55 00 cc cc cc cc cc cc cc
0x00007ffbf542947c:   cc cc cc cc 40 53 48 83 ec 20 48 8b d9 e8 92 6a
0x00007ffbf542948c:   61 00 48 8b cb 48 83 c4 20 5b e9 55 dd 55 00 cc
0x00007ffbf542949c:   cc cc cc cc 48 89 4c 24 08 48 89 54 24 10 4c 89
0x00007ffbf54294ac:   44 24 18 4c 89 4c 24 20 48 83 ec 28 4c 8b c1 4c
0x00007ffbf54294bc:   8d 4c 24 38 48 8d 0d 29 88 91 00 ba 01 00 00 00
0x00007ffbf54294cc:   e8 ff 25 32 00 48 83 c4 28 c3 cc cc cc cc cc cc
0x00007ffbf54294dc:   cc cc cc cc 48 89 4c 24 08 48 89 54 24 10 4c 89
0x00007ffbf54294ec:   44 24 18 4c 89 4c 24 20 48 83 ec 28 4c 8b c1 4c 


Stack slot to memory mapping:
stack at sp + 0 slots: 0x0 is NULL
stack at sp + 1 slots: 0x000002302fd1f2f0 points into unknown readable memory: 0x0000000300000003 | 03 00 00 00 03 00 00 00
stack at sp + 2 slots: 0x000002302fd1f2f0 points into unknown readable memory: 0x0000000300000003 | 03 00 00 00 03 00 00 00
stack at sp + 3 slots: 0x000000000000007d is an unknown value
stack at sp + 4 slots: 0x000002302f24e650 points into unknown readable memory: 0x000002302f713d90 | 90 3d 71 2f 30 02 00 00
stack at sp + 5 slots: 0x00007ffbf5428e89 jvm.dll
stack at sp + 6 slots: 0x000002302fd1f330 points into unknown readable memory: 0x00000230340bc190 | 90 c1 0b 34 30 02 00 00
stack at sp + 7 slots: 0x0000000000000010 is an unknown value


---------------  P R O C E S S  ---------------

Threads class SMR info:
_java_thread_list=0x000002302fba71d0, length=16, elements={
0x00000230107bc2c0, 0x000002302ed0feb0, 0x000002302ed12a70, 0x000002302f2235a0,
0x000002302f224150, 0x000002302f224d00, 0x000002302f2447d0, 0x000002302f245560,
0x000002302f24e010, 0x000002302f2747e0, 0x000002302f3c6ae0, 0x000002302f3c6fb0,
0x000002302f3e73f0, 0x000002302f539030, 0x000002302f9b48c0, 0x000002302f843610
}

Java Threads: ( => current thread )
  0x00000230107bc2c0 JavaThread "main" [_thread_in_native, id=956, stack(0x00000052fa400000,0x00000052fa500000)]
  0x000002302ed0feb0 JavaThread "Reference Handler" daemon [_thread_blocked, id=16188, stack(0x00000052fab00000,0x00000052fac00000)]
  0x000002302ed12a70 JavaThread "Finalizer" daemon [_thread_blocked, id=6872, stack(0x00000052fac00000,0x00000052fad00000)]
  0x000002302f2235a0 JavaThread "Signal Dispatcher" daemon [_thread_blocked, id=14756, stack(0x00000052fad00000,0x00000052fae00000)]
  0x000002302f224150 JavaThread "Attach Listener" daemon [_thread_blocked, id=15924, stack(0x00000052fae00000,0x00000052faf00000)]
  0x000002302f224d00 JavaThread "Service Thread" daemon [_thread_blocked, id=12740, stack(0x00000052faf00000,0x00000052fb000000)]
  0x000002302f2447d0 JavaThread "Monitor Deflation Thread" daemon [_thread_blocked, id=17260, stack(0x00000052fb000000,0x00000052fb100000)]
  0x000002302f245560 JavaThread "C2 CompilerThread0" daemon [_thread_blocked, id=10228, stack(0x00000052fb100000,0x00000052fb200000)]
=>0x000002302f24e010 JavaThread "C1 CompilerThread0" daemon [_thread_in_native, id=12028, stack(0x00000052fb200000,0x00000052fb300000)]
  0x000002302f2747e0 JavaThread "Sweeper thread" daemon [_thread_blocked, id=15612, stack(0x00000052fb300000,0x00000052fb400000)]
  0x000002302f3c6ae0 JavaThread "Notification Thread" daemon [_thread_blocked, id=10008, stack(0x00000052fb400000,0x00000052fb500000)]
  0x000002302f3c6fb0 JavaThread "Common-Cleaner" daemon [_thread_blocked, id=12500, stack(0x00000052fb600000,0x00000052fb700000)]
  0x000002302f3e73f0 JavaThread "surefire-forkedjvm-command-thread" daemon [_thread_in_native, id=13280, stack(0x00000052fb700000,0x00000052fb800000)]
  0x000002302f539030 JavaThread "surefire-forkedjvm-ping-30s" daemon [_thread_in_native, id=16612, stack(0x00000052fb800000,0x00000052fb900000)]
  0x000002302f9b48c0 JavaThread "C2 CompilerThread1" daemon [_thread_in_native, id=15724, stack(0x00000052fba00000,0x00000052fbb00000)]
  0x000002302f843610 JavaThread "C2 CompilerThread2" daemon [_thread_in_native, id=11288, stack(0x00000052fbb00000,0x00000052fbc00000)]

Other Threads:
  0x000002302ed2e820 VMThread "VM Thread" [stack: 0x00000052faa00000,0x00000052fab00000] [id=3320]
  0x000002302f2f8d10 WatcherThread [stack: 0x00000052fb500000,0x00000052fb600000] [id=2304]
  0x00000230108267c0 GCTaskThread "GC Thread#0" [stack: 0x00000052fa500000,0x00000052fa600000] [id=16088]
  0x0000023034371660 GCTaskThread "GC Thread#1" [stack: 0x00000052fbc00000,0x00000052fbd00000] [id=12520]
  0x0000023034371100 GCTaskThread "GC Thread#2" [stack: 0x00000052fbd00000,0x00000052fbe00000] [id=17132]
  0x0000023034370ba0 GCTaskThread "GC Thread#3" [stack: 0x00000052fbe00000,0x00000052fbf00000] [id=14760]
  0x000002303436fe30 GCTaskThread "GC Thread#4" [stack: 0x00000052fbf00000,0x00000052fc000000] [id=7012]
  0x000002303436fb80 GCTaskThread "GC Thread#5" [stack: 0x00000052fc000000,0x00000052fc100000] [id=3228]
  0x0000023034370e50 GCTaskThread "GC Thread#6" [stack: 0x00000052fc100000,0x00000052fc200000] [id=16676]
  0x0000023010837250 ConcurrentGCThread "G1 Main Marker" [stack: 0x00000052fa600000,0x00000052fa700000] [id=7696]
  0x00000230108387d0 ConcurrentGCThread "G1 Conc#0" [stack: 0x00000052fa700000,0x00000052fa800000] [id=4908]
  0x000002301086d7f0 ConcurrentGCThread "G1 Refine#0" [stack: 0x00000052fa800000,0x00000052fa900000] [id=13812]
  0x000002301086e210 ConcurrentGCThread "G1 Service" [stack: 0x00000052fa900000,0x00000052faa00000] [id=14264]

Threads with active compile tasks:
C2 CompilerThread0      667 1020   !   4       java.lang.ref.ReferenceQueue::poll (28 bytes)
C1 CompilerThread0      667  989       3       jdk.internal.org.objectweb.asm.MethodWriter::putMethodInfo (1274 bytes)
C2 CompilerThread1      667 1021       4       jdk.internal.misc.Unsafe::allocateUninitializedArray (55 bytes)
C2 CompilerThread2      667 1018       4       java.lang.String::replace (42 bytes)

VM state: not at safepoint (normal execution)

VM Mutex/Monitor currently owned by a thread:  ([mutex/lock_event])
[0x00000230107b6da0] CodeCache_lock - owner thread: 0x0000000000000000

Heap address: 0x0000000704a00000, size: 4022 MB, Compressed Oops mode: Zero based, Oop shift amount: 3

CDS archive(s) not mapped
Compressed class space mapped at: 0x0000000800000000-0x0000000840000000, reserved size: 1073741824
Narrow klass base: 0x0000000800000000, Narrow klass shift: 0, Narrow klass range: 0x40000000

GC Precious Log:
 CPUs: 8 total, 8 available
 Memory: 16086M
 Large Page Support: Disabled
 NUMA Support: Disabled
 Compressed Oops: Enabled (Zero based)
 Heap Region Size: 2M
 Heap Min Capacity: 8M
 Heap Initial Capacity: 252M
 Heap Max Capacity: 4022M
 Pre-touch: Disabled
 Parallel Workers: 8
 Concurrent Workers: 2
 Concurrent Refinement Workers: 8
 Periodic GC: Disabled

Heap:
 garbage-first heap   total 258048K, used 7210K [0x0000000704a00000, 0x0000000800000000)
  region size 2048K, 3 young (6144K), 2 survivors (4096K)
 Metaspace       used 13013K, committed 13184K, reserved 1114112K
  class space    used 1327K, committed 1408K, reserved 1048576K

Heap Regions: E=young(eden), S=young(survivor), O=old, HS=humongous(starts), HC=humongous(continues), CS=collection set, F=free, OA=open archive, CA=closed archive, TAMS=top-at-mark-start (previous, next)
|   0|0x0000000704a00000, 0x0000000704c00000, 0x0000000704c00000|100%| O|  |TAMS 0x0000000704a00000, 0x0000000704a00000| Untracked 
|   1|0x0000000704c00000, 0x0000000704d0a800, 0x0000000704e00000| 52%| O|  |TAMS 0x0000000704c00000, 0x0000000704c00000| Untracked 
|   2|0x0000000704e00000, 0x0000000704e00000, 0x0000000705000000|  0%| F|  |TAMS 0x0000000704e00000, 0x0000000704e00000| Untracked 
|   3|0x0000000705000000, 0x0000000705000000, 0x0000000705200000|  0%| F|  |TAMS 0x0000000705000000, 0x0000000705000000| Untracked 
|   4|0x0000000705200000, 0x0000000705200000, 0x0000000705400000|  0%| F|  |TAMS 0x0000000705200000, 0x0000000705200000| Untracked 
|   5|0x0000000705400000, 0x0000000705400000, 0x0000000705600000|  0%| F|  |TAMS 0x0000000705400000, 0x0000000705400000| Untracked 
|   6|0x0000000705600000, 0x0000000705600000, 0x0000000705800000|  0%| F|  |TAMS 0x0000000705600000, 0x0000000705600000| Untracked 
|   7|0x0000000705800000, 0x0000000705800000, 0x0000000705a00000|  0%| F|  |TAMS 0x0000000705800000, 0x0000000705800000| Untracked 
|   8|0x0000000705a00000, 0x0000000705a00000, 0x0000000705c00000|  0%| F|  |TAMS 0x0000000705a00000, 0x0000000705a00000| Untracked 
|   9|0x0000000705c00000, 0x0000000705c00000, 0x0000000705e00000|  0%| F|  |TAMS 0x0000000705c00000, 0x0000000705c00000| Untracked 
|  10|0x0000000705e00000, 0x0000000705e00000, 0x0000000706000000|  0%| F|  |TAMS 0x0000000705e00000, 0x0000000705e00000| Untracked 
|  11|0x0000000706000000, 0x0000000706000000, 0x0000000706200000|  0%| F|  |TAMS 0x0000000706000000, 0x0000000706000000| Untracked 
|  12|0x0000000706200000, 0x0000000706200000, 0x0000000706400000|  0%| F|  |TAMS 0x0000000706200000, 0x0000000706200000| Untracked 
|  13|0x0000000706400000, 0x0000000706400000, 0x0000000706600000|  0%| F|  |TAMS 0x0000000706400000, 0x0000000706400000| Untracked 
|  14|0x0000000706600000, 0x0000000706600000, 0x0000000706800000|  0%| F|  |TAMS 0x0000000706600000, 0x0000000706600000| Untracked 
|  15|0x0000000706800000, 0x0000000706800000, 0x0000000706a00000|  0%| F|  |TAMS 0x0000000706800000, 0x0000000706800000| Untracked 
|  16|0x0000000706a00000, 0x0000000706a00000, 0x0000000706c00000|  0%| F|  |TAMS 0x0000000706a00000, 0x0000000706a00000| Untracked 
|  17|0x0000000706c00000, 0x0000000706c00000, 0x0000000706e00000|  0%| F|  |TAMS 0x0000000706c00000, 0x0000000706c00000| Untracked 
|  18|0x0000000706e00000, 0x0000000706e00000, 0x0000000707000000|  0%| F|  |TAMS 0x0000000706e00000, 0x0000000706e00000| Untracked 
|  19|0x0000000707000000, 0x0000000707000000, 0x0000000707200000|  0%| F|  |TAMS 0x0000000707000000, 0x0000000707000000| Untracked 
|  20|0x0000000707200000, 0x0000000707200000, 0x0000000707400000|  0%| F|  |TAMS 0x0000000707200000, 0x0000000707200000| Untracked 
|  21|0x0000000707400000, 0x0000000707400000, 0x0000000707600000|  0%| F|  |TAMS 0x0000000707400000, 0x0000000707400000| Untracked 
|  22|0x0000000707600000, 0x0000000707600000, 0x0000000707800000|  0%| F|  |TAMS 0x0000000707600000, 0x0000000707600000| Untracked 
|  23|0x0000000707800000, 0x0000000707800000, 0x0000000707a00000|  0%| F|  |TAMS 0x0000000707800000, 0x0000000707800000| Untracked 
|  24|0x0000000707a00000, 0x0000000707a00000, 0x0000000707c00000|  0%| F|  |TAMS 0x0000000707a00000, 0x0000000707a00000| Untracked 
|  25|0x0000000707c00000, 0x0000000707c00000, 0x0000000707e00000|  0%| F|  |TAMS 0x0000000707c00000, 0x0000000707c00000| Untracked 
|  26|0x0000000707e00000, 0x0000000707e00000, 0x0000000708000000|  0%| F|  |TAMS 0x0000000707e00000, 0x0000000707e00000| Untracked 
|  27|0x0000000708000000, 0x0000000708000000, 0x0000000708200000|  0%| F|  |TAMS 0x0000000708000000, 0x0000000708000000| Untracked 
|  28|0x0000000708200000, 0x0000000708200000, 0x0000000708400000|  0%| F|  |TAMS 0x0000000708200000, 0x0000000708200000| Untracked 
|  29|0x0000000708400000, 0x0000000708400000, 0x0000000708600000|  0%| F|  |TAMS 0x0000000708400000, 0x0000000708400000| Untracked 
|  30|0x0000000708600000, 0x0000000708600000, 0x0000000708800000|  0%| F|  |TAMS 0x0000000708600000, 0x0000000708600000| Untracked 
|  31|0x0000000708800000, 0x0000000708800000, 0x0000000708a00000|  0%| F|  |TAMS 0x0000000708800000, 0x0000000708800000| Untracked 
|  32|0x0000000708a00000, 0x0000000708a00000, 0x0000000708c00000|  0%| F|  |TAMS 0x0000000708a00000, 0x0000000708a00000| Untracked 
|  33|0x0000000708c00000, 0x0000000708c00000, 0x0000000708e00000|  0%| F|  |TAMS 0x0000000708c00000, 0x0000000708c00000| Untracked 
|  34|0x0000000708e00000, 0x0000000708e00000, 0x0000000709000000|  0%| F|  |TAMS 0x0000000708e00000, 0x0000000708e00000| Untracked 
|  35|0x0000000709000000, 0x0000000709000000, 0x0000000709200000|  0%| F|  |TAMS 0x0000000709000000, 0x0000000709000000| Untracked 
|  36|0x0000000709200000, 0x0000000709200000, 0x0000000709400000|  0%| F|  |TAMS 0x0000000709200000, 0x0000000709200000| Untracked 
|  37|0x0000000709400000, 0x0000000709400000, 0x0000000709600000|  0%| F|  |TAMS 0x0000000709400000, 0x0000000709400000| Untracked 
|  38|0x0000000709600000, 0x0000000709600000, 0x0000000709800000|  0%| F|  |TAMS 0x0000000709600000, 0x0000000709600000| Untracked 
|  39|0x0000000709800000, 0x0000000709800000, 0x0000000709a00000|  0%| F|  |TAMS 0x0000000709800000, 0x0000000709800000| Untracked 
|  40|0x0000000709a00000, 0x0000000709a00000, 0x0000000709c00000|  0%| F|  |TAMS 0x0000000709a00000, 0x0000000709a00000| Untracked 
|  41|0x0000000709c00000, 0x0000000709c00000, 0x0000000709e00000|  0%| F|  |TAMS 0x0000000709c00000, 0x0000000709c00000| Untracked 
|  42|0x0000000709e00000, 0x0000000709e00000, 0x000000070a000000|  0%| F|  |TAMS 0x0000000709e00000, 0x0000000709e00000| Untracked 
|  43|0x000000070a000000, 0x000000070a000000, 0x000000070a200000|  0%| F|  |TAMS 0x000000070a000000, 0x000000070a000000| Untracked 
|  44|0x000000070a200000, 0x000000070a200000, 0x000000070a400000|  0%| F|  |TAMS 0x000000070a200000, 0x000000070a200000| Untracked 
|  45|0x000000070a400000, 0x000000070a400000, 0x000000070a600000|  0%| F|  |TAMS 0x000000070a400000, 0x000000070a400000| Untracked 
|  46|0x000000070a600000, 0x000000070a600000, 0x000000070a800000|  0%| F|  |TAMS 0x000000070a600000, 0x000000070a600000| Untracked 
|  47|0x000000070a800000, 0x000000070a800000, 0x000000070aa00000|  0%| F|  |TAMS 0x000000070a800000, 0x000000070a800000| Untracked 
|  48|0x000000070aa00000, 0x000000070aa00000, 0x000000070ac00000|  0%| F|  |TAMS 0x000000070aa00000, 0x000000070aa00000| Untracked 
|  49|0x000000070ac00000, 0x000000070ac00000, 0x000000070ae00000|  0%| F|  |TAMS 0x000000070ac00000, 0x000000070ac00000| Untracked 
|  50|0x000000070ae00000, 0x000000070ae00000, 0x000000070b000000|  0%| F|  |TAMS 0x000000070ae00000, 0x000000070ae00000| Untracked 
|  51|0x000000070b000000, 0x000000070b000000, 0x000000070b200000|  0%| F|  |TAMS 0x000000070b000000, 0x000000070b000000| Untracked 
|  52|0x000000070b200000, 0x000000070b200000, 0x000000070b400000|  0%| F|  |TAMS 0x000000070b200000, 0x000000070b200000| Untracked 
|  53|0x000000070b400000, 0x000000070b400000, 0x000000070b600000|  0%| F|  |TAMS 0x000000070b400000, 0x000000070b400000| Untracked 
|  54|0x000000070b600000, 0x000000070b600000, 0x000000070b800000|  0%| F|  |TAMS 0x000000070b600000, 0x000000070b600000| Untracked 
|  55|0x000000070b800000, 0x000000070b800000, 0x000000070ba00000|  0%| F|  |TAMS 0x000000070b800000, 0x000000070b800000| Untracked 
|  56|0x000000070ba00000, 0x000000070ba00000, 0x000000070bc00000|  0%| F|  |TAMS 0x000000070ba00000, 0x000000070ba00000| Untracked 
|  57|0x000000070bc00000, 0x000000070bc00000, 0x000000070be00000|  0%| F|  |TAMS 0x000000070bc00000, 0x000000070bc00000| Untracked 
|  58|0x000000070be00000, 0x000000070be00000, 0x000000070c000000|  0%| F|  |TAMS 0x000000070be00000, 0x000000070be00000| Untracked 
|  59|0x000000070c000000, 0x000000070c000000, 0x000000070c200000|  0%| F|  |TAMS 0x000000070c000000, 0x000000070c000000| Untracked 
|  60|0x000000070c200000, 0x000000070c200000, 0x000000070c400000|  0%| F|  |TAMS 0x000000070c200000, 0x000000070c200000| Untracked 
|  61|0x000000070c400000, 0x000000070c400000, 0x000000070c600000|  0%| F|  |TAMS 0x000000070c400000, 0x000000070c400000| Untracked 
|  62|0x000000070c600000, 0x000000070c600000, 0x000000070c800000|  0%| F|  |TAMS 0x000000070c600000, 0x000000070c600000| Untracked 
|  63|0x000000070c800000, 0x000000070c800000, 0x000000070ca00000|  0%| F|  |TAMS 0x000000070c800000, 0x000000070c800000| Untracked 
|  64|0x000000070ca00000, 0x000000070ca00000, 0x000000070cc00000|  0%| F|  |TAMS 0x000000070ca00000, 0x000000070ca00000| Untracked 
|  65|0x000000070cc00000, 0x000000070cc00000, 0x000000070ce00000|  0%| F|  |TAMS 0x000000070cc00000, 0x000000070cc00000| Untracked 
|  66|0x000000070ce00000, 0x000000070ce00000, 0x000000070d000000|  0%| F|  |TAMS 0x000000070ce00000, 0x000000070ce00000| Untracked 
|  67|0x000000070d000000, 0x000000070d000000, 0x000000070d200000|  0%| F|  |TAMS 0x000000070d000000, 0x000000070d000000| Untracked 
|  68|0x000000070d200000, 0x000000070d200000, 0x000000070d400000|  0%| F|  |TAMS 0x000000070d200000, 0x000000070d200000| Untracked 
|  69|0x000000070d400000, 0x000000070d400000, 0x000000070d600000|  0%| F|  |TAMS 0x000000070d400000, 0x000000070d400000| Untracked 
|  70|0x000000070d600000, 0x000000070d600000, 0x000000070d800000|  0%| F|  |TAMS 0x000000070d600000, 0x000000070d600000| Untracked 
|  71|0x000000070d800000, 0x000000070d800000, 0x000000070da00000|  0%| F|  |TAMS 0x000000070d800000, 0x000000070d800000| Untracked 
|  72|0x000000070da00000, 0x000000070da00000, 0x000000070dc00000|  0%| F|  |TAMS 0x000000070da00000, 0x000000070da00000| Untracked 
|  73|0x000000070dc00000, 0x000000070dc00000, 0x000000070de00000|  0%| F|  |TAMS 0x000000070dc00000, 0x000000070dc00000| Untracked 
|  74|0x000000070de00000, 0x000000070de00000, 0x000000070e000000|  0%| F|  |TAMS 0x000000070de00000, 0x000000070de00000| Untracked 
|  75|0x000000070e000000, 0x000000070e000000, 0x000000070e200000|  0%| F|  |TAMS 0x000000070e000000, 0x000000070e000000| Untracked 
|  76|0x000000070e200000, 0x000000070e200000, 0x000000070e400000|  0%| F|  |TAMS 0x000000070e200000, 0x000000070e200000| Untracked 
|  77|0x000000070e400000, 0x000000070e400000, 0x000000070e600000|  0%| F|  |TAMS 0x000000070e400000, 0x000000070e400000| Untracked 
|  78|0x000000070e600000, 0x000000070e600000, 0x000000070e800000|  0%| F|  |TAMS 0x000000070e600000, 0x000000070e600000| Untracked 
|  79|0x000000070e800000, 0x000000070e800000, 0x000000070ea00000|  0%| F|  |TAMS 0x000000070e800000, 0x000000070e800000| Untracked 
|  80|0x000000070ea00000, 0x000000070ea00000, 0x000000070ec00000|  0%| F|  |TAMS 0x000000070ea00000, 0x000000070ea00000| Untracked 
|  81|0x000000070ec00000, 0x000000070ec00000, 0x000000070ee00000|  0%| F|  |TAMS 0x000000070ec00000, 0x000000070ec00000| Untracked 
|  82|0x000000070ee00000, 0x000000070ee00000, 0x000000070f000000|  0%| F|  |TAMS 0x000000070ee00000, 0x000000070ee00000| Untracked 
|  83|0x000000070f000000, 0x000000070f000000, 0x000000070f200000|  0%| F|  |TAMS 0x000000070f000000, 0x000000070f000000| Untracked 
|  84|0x000000070f200000, 0x000000070f200000, 0x000000070f400000|  0%| F|  |TAMS 0x000000070f200000, 0x000000070f200000| Untracked 
|  85|0x000000070f400000, 0x000000070f400000, 0x000000070f600000|  0%| F|  |TAMS 0x000000070f400000, 0x000000070f400000| Untracked 
|  86|0x000000070f600000, 0x000000070f600000, 0x000000070f800000|  0%| F|  |TAMS 0x000000070f600000, 0x000000070f600000| Untracked 
|  87|0x000000070f800000, 0x000000070f800000, 0x000000070fa00000|  0%| F|  |TAMS 0x000000070f800000, 0x000000070f800000| Untracked 
|  88|0x000000070fa00000, 0x000000070fa00000, 0x000000070fc00000|  0%| F|  |TAMS 0x000000070fa00000, 0x000000070fa00000| Untracked 
|  89|0x000000070fc00000, 0x000000070fc00000, 0x000000070fe00000|  0%| F|  |TAMS 0x000000070fc00000, 0x000000070fc00000| Untracked 
|  90|0x000000070fe00000, 0x000000070fe00000, 0x0000000710000000|  0%| F|  |TAMS 0x000000070fe00000, 0x000000070fe00000| Untracked 
|  91|0x0000000710000000, 0x0000000710000000, 0x0000000710200000|  0%| F|  |TAMS 0x0000000710000000, 0x0000000710000000| Untracked 
|  92|0x0000000710200000, 0x0000000710200000, 0x0000000710400000|  0%| F|  |TAMS 0x0000000710200000, 0x0000000710200000| Untracked 
|  93|0x0000000710400000, 0x0000000710400000, 0x0000000710600000|  0%| F|  |TAMS 0x0000000710400000, 0x0000000710400000| Untracked 
|  94|0x0000000710600000, 0x0000000710600000, 0x0000000710800000|  0%| F|  |TAMS 0x0000000710600000, 0x0000000710600000| Untracked 
|  95|0x0000000710800000, 0x0000000710800000, 0x0000000710a00000|  0%| F|  |TAMS 0x0000000710800000, 0x0000000710800000| Untracked 
|  96|0x0000000710a00000, 0x0000000710a00000, 0x0000000710c00000|  0%| F|  |TAMS 0x0000000710a00000, 0x0000000710a00000| Untracked 
|  97|0x0000000710c00000, 0x0000000710c00000, 0x0000000710e00000|  0%| F|  |TAMS 0x0000000710c00000, 0x0000000710c00000| Untracked 
|  98|0x0000000710e00000, 0x0000000710e00000, 0x0000000711000000|  0%| F|  |TAMS 0x0000000710e00000, 0x0000000710e00000| Untracked 
|  99|0x0000000711000000, 0x0000000711000000, 0x0000000711200000|  0%| F|  |TAMS 0x0000000711000000, 0x0000000711000000| Untracked 
| 100|0x0000000711200000, 0x0000000711200000, 0x0000000711400000|  0%| F|  |TAMS 0x0000000711200000, 0x0000000711200000| Untracked 
| 101|0x0000000711400000, 0x0000000711400000, 0x0000000711600000|  0%| F|  |TAMS 0x0000000711400000, 0x0000000711400000| Untracked 
| 102|0x0000000711600000, 0x0000000711600000, 0x0000000711800000|  0%| F|  |TAMS 0x0000000711600000, 0x0000000711600000| Untracked 
| 103|0x0000000711800000, 0x0000000711800000, 0x0000000711a00000|  0%| F|  |TAMS 0x0000000711800000, 0x0000000711800000| Untracked 
| 104|0x0000000711a00000, 0x0000000711a00000, 0x0000000711c00000|  0%| F|  |TAMS 0x0000000711a00000, 0x0000000711a00000| Untracked 
| 105|0x0000000711c00000, 0x0000000711c00000, 0x0000000711e00000|  0%| F|  |TAMS 0x0000000711c00000, 0x0000000711c00000| Untracked 
| 106|0x0000000711e00000, 0x0000000711e00000, 0x0000000712000000|  0%| F|  |TAMS 0x0000000711e00000, 0x0000000711e00000| Untracked 
| 107|0x0000000712000000, 0x0000000712000000, 0x0000000712200000|  0%| F|  |TAMS 0x0000000712000000, 0x0000000712000000| Untracked 
| 108|0x0000000712200000, 0x0000000712200000, 0x0000000712400000|  0%| F|  |TAMS 0x0000000712200000, 0x0000000712200000| Untracked 
| 109|0x0000000712400000, 0x0000000712400000, 0x0000000712600000|  0%| F|  |TAMS 0x0000000712400000, 0x0000000712400000| Untracked 
| 110|0x0000000712600000, 0x0000000712600000, 0x0000000712800000|  0%| F|  |TAMS 0x0000000712600000, 0x0000000712600000| Untracked 
| 111|0x0000000712800000, 0x0000000712800000, 0x0000000712a00000|  0%| F|  |TAMS 0x0000000712800000, 0x0000000712800000| Untracked 
| 112|0x0000000712a00000, 0x0000000712a00000, 0x0000000712c00000|  0%| F|  |TAMS 0x0000000712a00000, 0x0000000712a00000| Untracked 
| 113|0x0000000712c00000, 0x0000000712e00000, 0x0000000712e00000|100%| S|CS|TAMS 0x0000000712c00000, 0x0000000712c00000| Complete 
| 114|0x0000000712e00000, 0x0000000713000000, 0x0000000713000000|100%| S|CS|TAMS 0x0000000712e00000, 0x0000000712e00000| Complete 
| 115|0x0000000713000000, 0x0000000713000000, 0x0000000713200000|  0%| F|  |TAMS 0x0000000713000000, 0x0000000713000000| Untracked 
| 116|0x0000000713200000, 0x0000000713200000, 0x0000000713400000|  0%| F|  |TAMS 0x0000000713200000, 0x0000000713200000| Untracked 
| 117|0x0000000713400000, 0x0000000713400000, 0x0000000713600000|  0%| F|  |TAMS 0x0000000713400000, 0x0000000713400000| Untracked 
| 118|0x0000000713600000, 0x0000000713600000, 0x0000000713800000|  0%| F|  |TAMS 0x0000000713600000, 0x0000000713600000| Untracked 
| 119|0x0000000713800000, 0x0000000713800000, 0x0000000713a00000|  0%| F|  |TAMS 0x0000000713800000, 0x0000000713800000| Untracked 
| 120|0x0000000713a00000, 0x0000000713a00000, 0x0000000713c00000|  0%| F|  |TAMS 0x0000000713a00000, 0x0000000713a00000| Untracked 
| 121|0x0000000713c00000, 0x0000000713c00000, 0x0000000713e00000|  0%| F|  |TAMS 0x0000000713c00000, 0x0000000713c00000| Untracked 
| 122|0x0000000713e00000, 0x0000000713e00000, 0x0000000714000000|  0%| F|  |TAMS 0x0000000713e00000, 0x0000000713e00000| Untracked 
| 123|0x0000000714000000, 0x0000000714000000, 0x0000000714200000|  0%| F|  |TAMS 0x0000000714000000, 0x0000000714000000| Untracked 
| 124|0x0000000714200000, 0x0000000714200000, 0x0000000714400000|  0%| F|  |TAMS 0x0000000714200000, 0x0000000714200000| Untracked 
| 125|0x0000000714400000, 0x00000007144ea750, 0x0000000714600000| 45%| E|  |TAMS 0x0000000714400000, 0x0000000714400000| Complete 

Card table byte_map: [0x0000023023970000,0x0000023024150000] _byte_map_base: 0x000002302014b000

Marking Bits (Prev, Next): (CMBitMap*) 0x0000023010826dd0, (CMBitMap*) 0x0000023010826e10
 Prev Bits: [0x0000023024930000, 0x0000023028808000)
 Next Bits: [0x0000023028810000, 0x000002302c6e8000)

Polling page: 0x000002300fed0000

Metaspace:

Usage:
  Non-class:     11.44 MB used.
      Class:      1.31 MB used.
       Both:     12.75 MB used.

Virtual space:
  Non-class space:       64.00 MB reserved,      11.56 MB ( 18%) committed,  1 nodes.
      Class space:        1.00 GB reserved,       1.38 MB ( <1%) committed,  1 nodes.
             Both:        1.06 GB reserved,      12.94 MB (  1%) committed. 

Chunk freelists:
   Non-Class:  3.81 MB
       Class:  14.50 MB
        Both:  18.31 MB

MaxMetaspaceSize: unlimited
CompressedClassSpaceSize: 1.00 GB
Initial GC threshold: 21.00 MB
Current GC threshold: 21.00 MB
CDS: off
MetaspaceReclaimPolicy: balanced
 - commit_granule_bytes: 65536.
 - commit_granule_words: 8192.
 - virtual_space_node_default_size: 8388608.
 - enlarge_chunks_in_place: 1.
 - new_chunks_are_fully_committed: 0.
 - uncommit_free_chunks: 1.
 - use_allocation_guard: 0.
 - handle_deallocations: 1.


Internal statistics:

num_allocs_failed_limit: 0.
num_arena_births: 90.
num_arena_deaths: 0.
num_vsnodes_births: 2.
num_vsnodes_deaths: 0.
num_space_committed: 207.
num_space_uncommitted: 0.
num_chunks_returned_to_freelist: 0.
num_chunks_taken_from_freelist: 276.
num_chunk_merges: 0.
num_chunk_splits: 133.
num_chunks_enlarged: 79.
num_inconsistent_stats: 0.

CodeHeap 'non-profiled nmethods': size=120000Kb used=383Kb max_used=383Kb free=119616Kb
 bounds [0x000002301b930000, 0x000002301bba0000, 0x0000023022e60000]
CodeHeap 'profiled nmethods': size=120000Kb used=1795Kb max_used=1795Kb free=118205Kb
 bounds [0x0000023013e60000, 0x00000230140d0000, 0x000002301b390000]
CodeHeap 'non-nmethods': size=5760Kb used=1161Kb max_used=1194Kb free=4598Kb
 bounds [0x000002301b390000, 0x000002301b600000, 0x000002301b930000]
 total_blobs=1445 nmethods=1008 adapters=350
 compilation: enabled
              stopped_count=0, restarted_count=0
 full_count=0

Compilation events (20 events):
Event: 0.565 Thread 0x000002302f245560 nmethod 977 0x000002301b982410 code [0x000002301b982580, 0x000002301b982798]
Event: 0.565 Thread 0x000002302f24e010  982       3       java.security.AccessController::executePrivileged (65 bytes)
Event: 0.565 Thread 0x000002302f245560  981       4       sun.reflect.generics.parser.SignatureParser::advance (53 bytes)
Event: 0.565 Thread 0x000002302f24e010 nmethod 982 0x000002301401a410 code [0x000002301401a5e0, 0x000002301401a8d8]
Event: 0.566 Thread 0x000002302f24e010  983       3       java.security.AccessController::doPrivileged (9 bytes)
Event: 0.566 Thread 0x000002302f24e010 nmethod 983 0x000002301401aa10 code [0x000002301401abe0, 0x000002301401af18]
Event: 0.566 Thread 0x000002302f24e010  984       3       java.lang.invoke.DirectMethodHandle::preparedLambdaForm (244 bytes)
Event: 0.566 Thread 0x000002302f245560 nmethod 981 0x000002301b982810 code [0x000002301b982980, 0x000002301b982a58]
Event: 0.567 Thread 0x000002302f24e010 nmethod 984 0x000002301401b090 code [0x000002301401b380, 0x000002301401c338]
Event: 0.567 Thread 0x000002302f24e010  985       3       jdk.internal.org.objectweb.asm.ClassReader::<init> (371 bytes)
Event: 0.567 Thread 0x000002302f9b48c0 nmethod 976 0x000002301b982b90 code [0x000002301b982d20, 0x000002301b982f78]
Event: 0.567 Thread 0x000002302f24e010 nmethod 985 0x000002301401c910 code [0x000002301401cc00, 0x000002301401dfd8]
Event: 0.568 Thread 0x000002302f24e010  986       3       java.lang.Class::getComponentType (14 bytes)
Event: 0.568 Thread 0x000002302f24e010 nmethod 986 0x000002301401e510 code [0x000002301401e6c0, 0x000002301401e888]
Event: 0.569 Thread 0x000002302f24e010  987       3       jdk.internal.org.objectweb.asm.MethodWriter::computeMethodInfoSize (571 bytes)
Event: 0.570 Thread 0x000002302f24e010 nmethod 987 0x000002301401e910 code [0x000002301401ec40, 0x000002301401fc28]
Event: 0.570 Thread 0x000002302f24e010  990       3       jdk.internal.org.objectweb.asm.Handler::putExceptionTable (63 bytes)
Event: 0.570 Thread 0x000002302f24e010 nmethod 990 0x0000023014020290 code [0x00000230140204a0, 0x0000023014020928]
Event: 0.570 Thread 0x000002302f24e010  989       3       jdk.internal.org.objectweb.asm.MethodWriter::putMethodInfo (1274 bytes)
Event: 0.572 Thread 0x000002302f843610 nmethod 949 0x000002301b983190 code [0x000002301b983360, 0x000002301b9845d8]

GC Heap History (0 events):
No events

Dll operation events (8 events):
Event: 0.018 Loaded shared library C:\Users\Anushy\Downloads\sts-4.18.1.RELEASE (3)\sts-4.18.1.RELEASE\plugins\org.eclipse.justj.openjdk.hotspot.jre.full.win32.x86_64_17.0.7.v20230425-1502\jre\bin\java.dll
Event: 0.107 Loaded shared library C:\Users\Anushy\Downloads\sts-4.18.1.RELEASE (3)\sts-4.18.1.RELEASE\plugins\org.eclipse.justj.openjdk.hotspot.jre.full.win32.x86_64_17.0.7.v20230425-1502\jre\bin\net.dll
Event: 0.111 Loaded shared library C:\Users\Anushy\Downloads\sts-4.18.1.RELEASE (3)\sts-4.18.1.RELEASE\plugins\org.eclipse.justj.openjdk.hotspot.jre.full.win32.x86_64_17.0.7.v20230425-1502\jre\bin\nio.dll
Event: 0.119 Loaded shared library C:\Users\Anushy\Downloads\sts-4.18.1.RELEASE (3)\sts-4.18.1.RELEASE\plugins\org.eclipse.justj.openjdk.hotspot.jre.full.win32.x86_64_17.0.7.v20230425-1502\jre\bin\zip.dll
Event: 0.172 Loaded shared library C:\Users\Anushy\Downloads\sts-4.18.1.RELEASE (3)\sts-4.18.1.RELEASE\plugins\org.eclipse.justj.openjdk.hotspot.jre.full.win32.x86_64_17.0.7.v20230425-1502\jre\bin\management.dll
Event: 0.182 Loaded shared library C:\Users\Anushy\Downloads\sts-4.18.1.RELEASE (3)\sts-4.18.1.RELEASE\plugins\org.eclipse.justj.openjdk.hotspot.jre.full.win32.x86_64_17.0.7.v20230425-1502\jre\bin\management_ext.dll
Event: 0.221 Loaded shared library C:\Users\Anushy\Downloads\sts-4.18.1.RELEASE (3)\sts-4.18.1.RELEASE\plugins\org.eclipse.justj.openjdk.hotspot.jre.full.win32.x86_64_17.0.7.v20230425-1502\jre\bin\jimage.dll
Event: 0.268 Loaded shared library C:\Users\Anushy\Downloads\sts-4.18.1.RELEASE (3)\sts-4.18.1.RELEASE\plugins\org.eclipse.justj.openjdk.hotspot.jre.full.win32.x86_64_17.0.7.v20230425-1502\jre\bin\verify.dll

Deoptimization events (20 events):
Event: 0.379 Thread 0x00000230107bc2c0 DEOPT PACKING pc=0x000002301b9512e4 sp=0x00000052fa4fdec0
Event: 0.379 Thread 0x00000230107bc2c0 DEOPT UNPACKING pc=0x000002301b3ea1a3 sp=0x00000052fa4fde48 mode 2
Event: 0.440 Thread 0x00000230107bc2c0 DEOPT PACKING pc=0x0000023013effde5 sp=0x00000052fa4fc230
Event: 0.440 Thread 0x00000230107bc2c0 DEOPT UNPACKING pc=0x000002301b3eace3 sp=0x00000052fa4fb680 mode 0
Event: 0.556 Thread 0x00000230107bc2c0 Uncommon trap: trap_request=0xffffffde fr.pc=0x000002301b97ee90 relative=0x0000000000000790
Event: 0.556 Thread 0x00000230107bc2c0 Uncommon trap: reason=class_check action=maybe_recompile pc=0x000002301b97ee90 method=java.util.HashMap.putVal(ILjava/lang/Object;Ljava/lang/Object;ZZ)Ljava/lang/Object; @ 91 c2
Event: 0.556 Thread 0x00000230107bc2c0 DEOPT PACKING pc=0x000002301b97ee90 sp=0x00000052fa4fd980
Event: 0.556 Thread 0x00000230107bc2c0 DEOPT UNPACKING pc=0x000002301b3ea1a3 sp=0x00000052fa4fd900 mode 2
Event: 0.556 Thread 0x00000230107bc2c0 Uncommon trap: trap_request=0xffffffde fr.pc=0x000002301b97ee90 relative=0x0000000000000790
Event: 0.556 Thread 0x00000230107bc2c0 Uncommon trap: reason=class_check action=maybe_recompile pc=0x000002301b97ee90 method=java.util.HashMap.putVal(ILjava/lang/Object;Ljava/lang/Object;ZZ)Ljava/lang/Object; @ 91 c2
Event: 0.556 Thread 0x00000230107bc2c0 DEOPT PACKING pc=0x000002301b97ee90 sp=0x00000052fa4fd980
Event: 0.556 Thread 0x00000230107bc2c0 DEOPT UNPACKING pc=0x000002301b3ea1a3 sp=0x00000052fa4fd900 mode 2
Event: 0.558 Thread 0x00000230107bc2c0 Uncommon trap: trap_request=0xffffffde fr.pc=0x000002301b97ee90 relative=0x0000000000000790
Event: 0.558 Thread 0x00000230107bc2c0 Uncommon trap: reason=class_check action=maybe_recompile pc=0x000002301b97ee90 method=java.util.HashMap.putVal(ILjava/lang/Object;Ljava/lang/Object;ZZ)Ljava/lang/Object; @ 91 c2
Event: 0.558 Thread 0x00000230107bc2c0 DEOPT PACKING pc=0x000002301b97ee90 sp=0x00000052fa4fd920
Event: 0.558 Thread 0x00000230107bc2c0 DEOPT UNPACKING pc=0x000002301b3ea1a3 sp=0x00000052fa4fd8a0 mode 2
Event: 0.558 Thread 0x00000230107bc2c0 Uncommon trap: trap_request=0xffffffde fr.pc=0x000002301b97ee90 relative=0x0000000000000790
Event: 0.558 Thread 0x00000230107bc2c0 Uncommon trap: reason=class_check action=maybe_recompile pc=0x000002301b97ee90 method=java.util.HashMap.putVal(ILjava/lang/Object;Ljava/lang/Object;ZZ)Ljava/lang/Object; @ 91 c2
Event: 0.558 Thread 0x00000230107bc2c0 DEOPT PACKING pc=0x000002301b97ee90 sp=0x00000052fa4fd920
Event: 0.558 Thread 0x00000230107bc2c0 DEOPT UNPACKING pc=0x000002301b3ea1a3 sp=0x00000052fa4fd8a0 mode 2

Classes unloaded (0 events):
No events

Classes redefined (0 events):
No events

Internal exceptions (20 events):
Event: 0.389 Thread 0x00000230107bc2c0 Exception <a 'java/lang/NoSuchMethodError'{0x000000071387bfa0}: 'void java.lang.invoke.DirectMethodHandle$Holder.invokeStatic(java.lang.Object, java.lang.Object, java.lang.Object)'> (0x000000071387bfa0) 
thrown [s\src\hotspot\share\interpreter\linkResolver.cpp, line 759]
Event: 0.408 Thread 0x00000230107bc2c0 Exception <a 'java/lang/NoSuchMethodError'{0x0000000713929e18}: 'void java.lang.invoke.DirectMethodHandle$Holder.invokeSpecial(java.lang.Object, java.lang.Object, java.lang.Object)'> (0x0000000713929e18) 
thrown [s\src\hotspot\share\interpreter\linkResolver.cpp, line 759]
Event: 0.414 Thread 0x00000230107bc2c0 Exception <a 'java/lang/NoSuchMethodError'{0x00000007139599b8}: 'int java.lang.invoke.DirectMethodHandle$Holder.invokeVirtual(java.lang.Object, java.lang.Object)'> (0x00000007139599b8) 
thrown [s\src\hotspot\share\interpreter\linkResolver.cpp, line 759]
Event: 0.419 Thread 0x00000230107bc2c0 Exception <a 'java/lang/NoSuchMethodError'{0x00000007139797f0}: 'java.lang.Object java.lang.invoke.DirectMethodHandle$Holder.invokeStaticInit(java.lang.Object, int)'> (0x00000007139797f0) 
thrown [s\src\hotspot\share\interpreter\linkResolver.cpp, line 759]
Event: 0.454 Thread 0x00000230107bc2c0 Exception <a 'java/lang/NoSuchMethodError'{0x00000007136c74e8}: 'void java.lang.invoke.DirectMethodHandle$Holder.invokeInterface(java.lang.Object, java.lang.Object)'> (0x00000007136c74e8) 
thrown [s\src\hotspot\share\interpreter\linkResolver.cpp, line 759]
Event: 0.455 Thread 0x00000230107bc2c0 Exception <a 'java/lang/IncompatibleClassChangeError'{0x00000007136cac78}: Found class java.lang.Object, but interface was expected> (0x00000007136cac78) 
thrown [s\src\hotspot\share\interpreter\linkResolver.cpp, line 826]
Event: 0.470 Thread 0x00000230107bc2c0 Exception <a 'java/lang/NoSuchMethodError'{0x0000000713769480}: 'java.lang.Object java.lang.invoke.DirectMethodHandle$Holder.invokeStaticInit(java.lang.Object, java.lang.Object, java.lang.Object)'> (0x0000000713769480) 
thrown [s\src\hotspot\share\interpreter\linkResolver.cpp, line 759]
Event: 0.471 Thread 0x00000230107bc2c0 Exception <a 'java/lang/NoSuchMethodError'{0x0000000713770b18}: 'void java.lang.invoke.DirectMethodHandle$Holder.invokeStaticInit(java.lang.Object, java.lang.Object, java.lang.Object)'> (0x0000000713770b18) 
thrown [s\src\hotspot\share\interpreter\linkResolver.cpp, line 759]
Event: 0.490 Thread 0x00000230107bc2c0 Exception <a 'java/lang/NoSuchMethodError'{0x00000007137cab48}: 'java.lang.Object java.lang.invoke.DirectMethodHandle$Holder.newInvokeSpecial(java.lang.Object, java.lang.Object, java.lang.Object, java.lang.Object, java.lang.Object)'> (0x00000007137cab48) 
thrown [s\src\hotspot\share\interpreter\linkResolver.cpp, line 759]
Event: 0.524 Thread 0x00000230107bc2c0 Exception <a 'java/lang/NoSuchMethodError'{0x000000071357a840}: 'java.lang.Object java.lang.invoke.DirectMethodHandle$Holder.invokeInterface(java.lang.Object, java.lang.Object)'> (0x000000071357a840) 
thrown [s\src\hotspot\share\interpreter\linkResolver.cpp, line 759]
Event: 0.532 Thread 0x00000230107bc2c0 Exception <a 'java/lang/NoSuchMethodError'{0x00000007135c16b8}: 'java.lang.Object java.lang.invoke.DirectMethodHandle$Holder.invokeSpecialIFC(java.lang.Object, java.lang.Object, java.lang.Object, java.lang.Object)'> (0x00000007135c16b8) 
thrown [s\src\hotspot\share\interpreter\linkResolver.cpp, line 759]
Event: 0.535 Thread 0x00000230107bc2c0 Exception <a 'java/lang/NoSuchMethodError'{0x00000007135d9878}: 'java.lang.Object java.lang.invoke.DirectMethodHandle$Holder.invokeInterface(java.lang.Object, java.lang.Object, java.lang.Object)'> (0x00000007135d9878) 
thrown [s\src\hotspot\share\interpreter\linkResolver.cpp, line 759]
Event: 0.543 Thread 0x00000230107bc2c0 Exception <a 'java/lang/NoSuchMethodError'{0x0000000713226c88}: 'void java.lang.invoke.DirectMethodHandle$Holder.invokeInterface(java.lang.Object, java.lang.Object, java.lang.Object)'> (0x0000000713226c88) 
thrown [s\src\hotspot\share\interpreter\linkResolver.cpp, line 759]
Event: 0.551 Thread 0x00000230107bc2c0 Exception <a 'java/lang/NoSuchMethodError'{0x0000000713266758}: 'java.lang.Object java.lang.invoke.DirectMethodHandle$Holder.newInvokeSpecial(java.lang.Object, java.lang.Object, java.lang.Object, java.lang.Object, java.lang.Object, java.lang.Object)'> (0x0000000713266758) 
thrown [s\src\hotspot\share\interpreter\linkResolver.cpp, line 759]
Event: 0.554 Thread 0x00000230107bc2c0 Exception <a 'java/lang/NoSuchMethodError'{0x00000007132a7a58}: 'void java.lang.invoke.DirectMethodHandle$Holder.invokeInterface(java.lang.Object, java.lang.Object, java.lang.Object, java.lang.Object, java.lang.Object)'> (0x00000007132a7a58) 
thrown [s\src\hotspot\share\interpreter\linkResolver.cpp, line 759]
Event: 0.554 Thread 0x00000230107bc2c0 Exception <a 'java/lang/IncompatibleClassChangeError'{0x00000007132ab728}: Found class java.lang.Object, but interface was expected> (0x00000007132ab728) 
thrown [s\src\hotspot\share\interpreter\linkResolver.cpp, line 826]
Event: 0.559 Thread 0x00000230107bc2c0 Exception <a 'java/lang/IncompatibleClassChangeError'{0x00000007132d48d0}: Found class java.lang.Object, but interface was expected> (0x00000007132d48d0) 
thrown [s\src\hotspot\share\interpreter\linkResolver.cpp, line 826]
Event: 0.562 Thread 0x00000230107bc2c0 Exception <a 'java/lang/NoSuchMethodError'{0x00000007132f0f98}: 'java.lang.Object java.lang.invoke.DirectMethodHandle$Holder.invokeStatic(java.lang.Object, java.lang.Object, int)'> (0x00000007132f0f98) 
thrown [s\src\hotspot\share\interpreter\linkResolver.cpp, line 759]
Event: 0.570 Thread 0x00000230107bc2c0 Exception <a 'java/lang/NoSuchMethodError'{0x00000007133437e8}: 'void java.lang.invoke.DirectMethodHandle$Holder.invokeSpecial(java.lang.Object, java.lang.Object, java.lang.Object, java.lang.Object, java.lang.Object)'> (0x00000007133437e8) 
thrown [s\src\hotspot\share\interpreter\linkResolver.cpp, line 759]
Event: 0.571 Thread 0x00000230107bc2c0 Exception <a 'java/lang/NoSuchMethodError'{0x0000000713357630}: 'void java.lang.invoke.DirectMethodHandle$Holder.invokeStatic(java.lang.Object, java.lang.Object, java.lang.Object, java.lang.Object)'> (0x0000000713357630) 
thrown [s\src\hotspot\share\interpreter\linkResolver.cpp, line 759]

VM Operations (8 events):
Event: 0.120 Executing VM operation: HandshakeAllThreads
Event: 0.120 Executing VM operation: HandshakeAllThreads done
Event: 0.261 Executing VM operation: HandshakeAllThreads
Event: 0.261 Executing VM operation: HandshakeAllThreads done
Event: 0.379 Executing VM operation: HandshakeAllThreads
Event: 0.379 Executing VM operation: HandshakeAllThreads done
Event: 0.404 Executing VM operation: HandshakeAllThreads
Event: 0.404 Executing VM operation: HandshakeAllThreads done

Events (20 events):
Event: 0.538 loading class java/util/stream/ForEachOps$ForEachOp$OfRef
Event: 0.538 loading class java/util/stream/ForEachOps$ForEachOp
Event: 0.538 loading class java/util/stream/ForEachOps$ForEachOp done
Event: 0.538 loading class java/util/stream/ForEachOps$ForEachOp$OfRef done
Event: 0.542 loading class java/util/stream/Streams$ConcatSpliterator$OfRef
Event: 0.542 loading class java/util/stream/Streams$ConcatSpliterator
Event: 0.542 loading class java/util/stream/Streams$ConcatSpliterator done
Event: 0.542 loading class java/util/stream/Streams$ConcatSpliterator$OfRef done
Event: 0.543 loading class java/util/stream/StreamSpliterators$WrappingSpliterator
Event: 0.543 loading class java/util/stream/StreamSpliterators$AbstractWrappingSpliterator
Event: 0.543 loading class java/util/stream/StreamSpliterators$AbstractWrappingSpliterator done
Event: 0.543 loading class java/util/stream/StreamSpliterators$WrappingSpliterator done
Event: 0.543 loading class java/util/stream/Streams$2
Event: 0.543 loading class java/util/stream/Streams$2 done
Event: 0.544 loading class java/util/stream/StreamSpliterators
Event: 0.544 loading class java/util/stream/StreamSpliterators done
Event: 0.558 loading class java/util/HashMap$KeySpliterator
Event: 0.558 loading class java/util/HashMap$KeySpliterator done
Event: 0.563 loading class java/util/Spliterators$IteratorSpliterator
Event: 0.563 loading class java/util/Spliterators$IteratorSpliterator done


Dynamic libraries:
0x00007ff76cd00000 - 0x00007ff76cd0e000 	C:\Users\Anushy\Downloads\sts-4.18.1.RELEASE (3)\sts-4.18.1.RELEASE\plugins\org.eclipse.justj.openjdk.hotspot.jre.full.win32.x86_64_17.0.7.v20230425-1502\jre\bin\java.exe
0x00007ffc7aed0000 - 0x00007ffc7b0e7000 	C:\Windows\SYSTEM32\ntdll.dll
0x00007ffc79c80000 - 0x00007ffc79d44000 	C:\Windows\System32\KERNEL32.DLL
0x00007ffc78880000 - 0x00007ffc78c26000 	C:\Windows\System32\KERNELBASE.dll
0x00007ffc783f0000 - 0x00007ffc78501000 	C:\Windows\System32\ucrtbase.dll
0x00007ffc4dea0000 - 0x00007ffc4deb7000 	C:\Users\Anushy\Downloads\sts-4.18.1.RELEASE (3)\sts-4.18.1.RELEASE\plugins\org.eclipse.justj.openjdk.hotspot.jre.full.win32.x86_64_17.0.7.v20230425-1502\jre\bin\jli.dll
0x00007ffc4ddf0000 - 0x00007ffc4de09000 	C:\Users\Anushy\Downloads\sts-4.18.1.RELEASE (3)\sts-4.18.1.RELEASE\plugins\org.eclipse.justj.openjdk.hotspot.jre.full.win32.x86_64_17.0.7.v20230425-1502\jre\bin\VCRUNTIME140.dll
0x00007ffc79900000 - 0x00007ffc79aad000 	C:\Windows\System32\USER32.dll
0x00007ffc783c0000 - 0x00007ffc783e6000 	C:\Windows\System32\win32u.dll
0x00007ffc79470000 - 0x00007ffc79499000 	C:\Windows\System32\GDI32.dll
0x00007ffc5d7c0000 - 0x00007ffc5da53000 	C:\Windows\WinSxS\amd64_microsoft.windows.common-controls_6595b64144ccf1df_6.0.22621.2361_none_2712ced57382f843\COMCTL32.dll
0x00007ffc786e0000 - 0x00007ffc787f8000 	C:\Windows\System32\gdi32full.dll
0x00007ffc7a160000 - 0x00007ffc7a207000 	C:\Windows\System32\msvcrt.dll
0x00007ffc78580000 - 0x00007ffc7861a000 	C:\Windows\System32\msvcp_win.dll
0x00007ffc79610000 - 0x00007ffc79641000 	C:\Windows\System32\IMM32.DLL
0x000002300fef0000 - 0x000002300ff04000 	C:\Windows\System32\umppc17213.dll
0x00007ffc77270000 - 0x00007ffc77380000 	C:\Program Files\Avecto\Privilege Guard Client\PGHook.dll
0x00007ffc79660000 - 0x00007ffc79710000 	C:\Windows\System32\ADVAPI32.dll
0x00007ffc79d50000 - 0x00007ffc79df6000 	C:\Windows\System32\sechost.dll
0x00007ffc79e60000 - 0x00007ffc79f77000 	C:\Windows\System32\RPCRT4.dll
0x00007ffc5d010000 - 0x00007ffc5d01c000 	C:\Users\Anushy\Downloads\sts-4.18.1.RELEASE (3)\sts-4.18.1.RELEASE\plugins\org.eclipse.justj.openjdk.hotspot.jre.full.win32.x86_64_17.0.7.v20230425-1502\jre\bin\vcruntime140_1.dll
0x00007ffc3f800000 - 0x00007ffc3f891000 	C:\Users\Anushy\Downloads\sts-4.18.1.RELEASE (3)\sts-4.18.1.RELEASE\plugins\org.eclipse.justj.openjdk.hotspot.jre.full.win32.x86_64_17.0.7.v20230425-1502\jre\bin\msvcp140.dll
0x00007ffbf51e0000 - 0x00007ffbf5e28000 	C:\Users\Anushy\Downloads\sts-4.18.1.RELEASE (3)\sts-4.18.1.RELEASE\plugins\org.eclipse.justj.openjdk.hotspot.jre.full.win32.x86_64_17.0.7.v20230425-1502\jre\bin\server\jvm.dll
0x00007ffc53810000 - 0x00007ffc53819000 	C:\Windows\SYSTEM32\WSOCK32.dll
0x00007ffc7a550000 - 0x00007ffc7a5c1000 	C:\Windows\System32\WS2_32.dll
0x00007ffc6cde0000 - 0x00007ffc6ce14000 	C:\Windows\SYSTEM32\WINMM.dll
0x00007ffc68370000 - 0x00007ffc6837a000 	C:\Windows\SYSTEM32\VERSION.dll
0x00007ffc77110000 - 0x00007ffc77128000 	C:\Windows\SYSTEM32\kernel.appcore.dll
0x00007ffc6ee90000 - 0x00007ffc6ee9a000 	C:\Users\Anushy\Downloads\sts-4.18.1.RELEASE (3)\sts-4.18.1.RELEASE\plugins\org.eclipse.justj.openjdk.hotspot.jre.full.win32.x86_64_17.0.7.v20230425-1502\jre\bin\jimage.dll
0x00007ffc754e0000 - 0x00007ffc7570e000 	C:\Windows\SYSTEM32\DBGHELP.DLL
0x00007ffc78c30000 - 0x00007ffc78fba000 	C:\Windows\System32\combase.dll
0x00007ffc79f80000 - 0x00007ffc7a057000 	C:\Windows\System32\OLEAUT32.dll
0x00007ffc5c9c0000 - 0x00007ffc5c9f2000 	C:\Windows\SYSTEM32\dbgcore.DLL
0x00007ffc78800000 - 0x00007ffc7887a000 	C:\Windows\System32\bcryptPrimitives.dll
0x00007ffc46450000 - 0x00007ffc46475000 	C:\Users\Anushy\Downloads\sts-4.18.1.RELEASE (3)\sts-4.18.1.RELEASE\plugins\org.eclipse.justj.openjdk.hotspot.jre.full.win32.x86_64_17.0.7.v20230425-1502\jre\bin\java.dll
0x00007ffc5c710000 - 0x00007ffc5c728000 	C:\Users\Anushy\Downloads\sts-4.18.1.RELEASE (3)\sts-4.18.1.RELEASE\plugins\org.eclipse.justj.openjdk.hotspot.jre.full.win32.x86_64_17.0.7.v20230425-1502\jre\bin\zip.dll
0x00007ffc7a630000 - 0x00007ffc7ae88000 	C:\Windows\System32\SHELL32.dll
0x00007ffc75f00000 - 0x00007ffc767f2000 	C:\Windows\SYSTEM32\windows.storage.dll
0x00007ffc75dc0000 - 0x00007ffc75efe000 	C:\Windows\SYSTEM32\wintypes.dll
0x00007ffc7a220000 - 0x00007ffc7a313000 	C:\Windows\System32\SHCORE.dll
0x00007ffc79e00000 - 0x00007ffc79e5e000 	C:\Windows\System32\shlwapi.dll
0x00007ffc78180000 - 0x00007ffc781a6000 	C:\Windows\SYSTEM32\profapi.dll
0x00007ffc57930000 - 0x00007ffc57949000 	C:\Users\Anushy\Downloads\sts-4.18.1.RELEASE (3)\sts-4.18.1.RELEASE\plugins\org.eclipse.justj.openjdk.hotspot.jre.full.win32.x86_64_17.0.7.v20230425-1502\jre\bin\net.dll
0x00007ffc77130000 - 0x00007ffc77267000 	C:\Windows\SYSTEM32\WINHTTP.dll
0x00007ffc77850000 - 0x00007ffc778b9000 	C:\Windows\system32\mswsock.dll
0x00007ffc527b0000 - 0x00007ffc527c5000 	C:\Users\Anushy\Downloads\sts-4.18.1.RELEASE (3)\sts-4.18.1.RELEASE\plugins\org.eclipse.justj.openjdk.hotspot.jre.full.win32.x86_64_17.0.7.v20230425-1502\jre\bin\nio.dll
0x00007ffc5c480000 - 0x00007ffc5c489000 	C:\Users\Anushy\Downloads\sts-4.18.1.RELEASE (3)\sts-4.18.1.RELEASE\plugins\org.eclipse.justj.openjdk.hotspot.jre.full.win32.x86_64_17.0.7.v20230425-1502\jre\bin\management.dll
0x00007ffc5be60000 - 0x00007ffc5be6b000 	C:\Users\Anushy\Downloads\sts-4.18.1.RELEASE (3)\sts-4.18.1.RELEASE\plugins\org.eclipse.justj.openjdk.hotspot.jre.full.win32.x86_64_17.0.7.v20230425-1502\jre\bin\management_ext.dll
0x00007ffc79650000 - 0x00007ffc79658000 	C:\Windows\System32\PSAPI.DLL
0x00007ffc5d320000 - 0x00007ffc5d330000 	C:\Users\Anushy\Downloads\sts-4.18.1.RELEASE (3)\sts-4.18.1.RELEASE\plugins\org.eclipse.justj.openjdk.hotspot.jre.full.win32.x86_64_17.0.7.v20230425-1502\jre\bin\verify.dll

dbghelp: loaded successfully - version: 4.0.5 - missing functions: none
symbol engine: initialized successfully - sym options: 0x614 - pdb path: .;C:\Users\Anushy\Downloads\sts-4.18.1.RELEASE (3)\sts-4.18.1.RELEASE\plugins\org.eclipse.justj.openjdk.hotspot.jre.full.win32.x86_64_17.0.7.v20230425-1502\jre\bin;C:\Windows\SYSTEM32;C:\Windows\WinSxS\amd64_microsoft.windows.common-controls_6595b64144ccf1df_6.0.22621.2361_none_2712ced57382f843;C:\Program Files\Avecto\Privilege Guard Client;C:\Users\Anushy\Downloads\sts-4.18.1.RELEASE (3)\sts-4.18.1.RELEASE\plugins\org.eclipse.justj.openjdk.hotspot.jre.full.win32.x86_64_17.0.7.v20230425-1502\jre\bin\server

VM Arguments:
java_command: C:\Users\Anushy\AppData\Local\Temp\surefire10862444974468931362\surefirebooter2877378766881402768.jar C:\Users\Anushy\AppData\Local\Temp\surefire10862444974468931362 2023-10-24T22-15-30_902-jvmRun1 surefire7024424943096894500tmp surefire_018180565830852522560tmp
java_class_path (initial): C:\Users\Anushy\AppData\Local\Temp\surefire10862444974468931362\surefirebooter2877378766881402768.jar
Launcher Type: SUN_STANDARD

[Global flags]
     intx CICompilerCount                          = 4                                         {product} {ergonomic}
     uint ConcGCThreads                            = 2                                         {product} {ergonomic}
     uint G1ConcRefinementThreads                  = 8                                         {product} {ergonomic}
   size_t G1HeapRegionSize                         = 2097152                                   {product} {ergonomic}
    uintx GCDrainStackTargetSize                   = 64                                        {product} {ergonomic}
   size_t InitialHeapSize                          = 264241152                                 {product} {ergonomic}
   size_t MarkStackSize                            = 4194304                                   {product} {ergonomic}
   size_t MaxHeapSize                              = 4217372672                                {product} {ergonomic}
   size_t MaxNewSize                               = 2529165312                                {product} {ergonomic}
   size_t MinHeapDeltaBytes                        = 2097152                                   {product} {ergonomic}
   size_t MinHeapSize                              = 8388608                                   {product} {ergonomic}
    uintx NonNMethodCodeHeapSize                   = 5839372                                {pd product} {ergonomic}
    uintx NonProfiledCodeHeapSize                  = 122909434                              {pd product} {ergonomic}
    uintx ProfiledCodeHeapSize                     = 122909434                              {pd product} {ergonomic}
    uintx ReservedCodeCacheSize                    = 251658240                              {pd product} {ergonomic}
     bool SegmentedCodeCache                       = true                                      {product} {ergonomic}
   size_t SoftMaxHeapSize                          = 4217372672                             {manageable} {ergonomic}
     bool UseCompressedClassPointers               = true                           {product lp64_product} {ergonomic}
     bool UseCompressedOops                        = true                           {product lp64_product} {ergonomic}
     bool UseG1GC                                  = true                                      {product} {ergonomic}
     bool UseLargePagesIndividualAllocation        = false                                  {pd product} {ergonomic}

Logging:
Log output configuration:
 #0: stdout all=warning uptime,level,tags
 #1: stderr all=off uptime,level,tags

Environment Variables:
PATH=C:/Users/Anushy/Downloads/sts-4.18.1.RELEASE (3)/sts-4.18.1.RELEASE//plugins/org.eclipse.justj.openjdk.hotspot.jre.full.win32.x86_64_17.0.7.v20230425-1502/jre/bin/server;C:/Users/Anushy/Downloads/sts-4.18.1.RELEASE (3)/sts-4.18.1.RELEASE//plugins/org.eclipse.justj.openjdk.hotspot.jre.full.win32.x86_64_17.0.7.v20230425-1502/jre/bin;C:\Program Files\Eclipse Adoptium\jdk-17.0.7.7-hotspot\bin;C:\Program Files\Eclipse Adoptium\jdk-19.0.2.7-hotspot\bin;C:\Windows\system32;C:\Windows;C:\Windows\System32\Wbem;C:\Windows\System32\WindowsPowerShell\v1.0\;C:\Windows\System32\OpenSSH\;C:\Program Files\Git\cmd;C:\Users\Anushy\AppData\Local\Microsoft\WindowsApps;;C:\Users\Anushy\Downloads\sts-4.18.1.RELEASE (3)\sts-4.18.1.RELEASE;
USERNAME=anushy
OS=Windows_NT
PROCESSOR_IDENTIFIER=Intel64 Family 6 Model 140 Stepping 1, GenuineIntel
TMP=C:\Users\Anushy\AppData\Local\Temp
TEMP=C:\Users\Anushy\AppData\Local\Temp



---------------  S Y S T E M  ---------------

OS:
 Windows 11 , 64 bit Build 22621 (10.0.22621.2428)
OS uptime: 0 days 7:38 hours

CPU: total 8 (initial active 8) (4 cores per cpu, 2 threads per core) family 6 model 140 stepping 1 microcode 0x86, cx8, cmov, fxsr, ht, mmx, 3dnowpref, sse, sse2, sse3, ssse3, sse4.1, sse4.2, popcnt, lzcnt, tsc, tscinvbit, avx, avx2, aes, erms, clmul, bmi1, bmi2, adx, avx512f, avx512dq, avx512cd, avx512bw, avx512vl, sha, fma, vzeroupper, avx512_vpopcntdq, avx512_vpclmulqdq, avx512_vaes, avx512_vnni, clflush, clflushopt, clwb, avx512_vbmi2, avx512_vbmi

Memory: 4k page, system-wide physical 16086M (5474M free)
TotalPageFile size 17110M (AvailPageFile size 5131M)
current process WorkingSet (physical memory assigned to process): 89M, peak: 89M
current process commit charge ("private bytes"): 357M, peak: 357M

vm_info: OpenJDK 64-Bit Server VM (17.0.7+7) for windows-amd64 JRE (17.0.7+7), built on Apr 18 2023 22:10:42 by "temurin" with MS VC++ 16.7 (VS2019)

END.
